{"/home/harry/projects/cashweb/ircash/src/App.vue": {"path":"/home/harry/projects/cashweb/ircash/src/App.vue","statementMap":{"0":{"start":{"line":8,"column":0},"end":{"line":8,"column":null}},"1":{"start":{"line":9,"column":0},"end":{"line":9,"column":null}},"2":{"start":{"line":28,"column":0},"end":{"line":28,"column":null}},"3":{"start":{"line":34,"column":0},"end":{"line":34,"column":null}},"4":{"start":{"line":37,"column":0},"end":{"line":37,"column":null}},"5":{"start":{"line":39,"column":0},"end":{"line":39,"column":null}},"6":{"start":{"line":40,"column":0},"end":{"line":40,"column":null}}},"fnMap":{"0":{"name":"created","decl":{"start":{"line":24,"column":0},"end":{"line":24,"column":null}},"loc":{"start":{"line":24,"column":0},"end":{"line":41,"column":null}}}},"branchMap":{},"s":{"0":0,"1":0,"2":0,"3":0,"4":0,"5":0,"6":0},"f":{"0":0},"b":{}}
,"/home/harry/projects/cashweb/ircash/src-electron/main-process/electron-main.dev.js": {"path":"/home/harry/projects/cashweb/ircash/src-electron/main-process/electron-main.dev.js","statementMap":{"0":{"start":{"line":9,"column":0},"end":{"line":9,"column":49}},"1":{"start":{"line":12,"column":0},"end":{"line":19,"column":2}},"2":{"start":{"line":13,"column":25},"end":{"line":13,"column":63}},"3":{"start":{"line":14,"column":2},"end":{"line":18,"column":6}},"4":{"start":{"line":17,"column":6},"end":{"line":17,"column":62}},"5":{"start":{"line":22,"column":0},"end":{"line":22,"column":26}}},"fnMap":{"0":{"name":"(anonymous_0)","decl":{"start":{"line":12,"column":36},"end":{"line":12,"column":37}},"loc":{"start":{"line":12,"column":42},"end":{"line":19,"column":1}},"line":12},"1":{"name":"(anonymous_1)","decl":{"start":{"line":15,"column":10},"end":{"line":15,"column":11}},"loc":{"start":{"line":15,"column":16},"end":{"line":15,"column":19}},"line":15},"2":{"name":"(anonymous_2)","decl":{"start":{"line":16,"column":11},"end":{"line":16,"column":12}},"loc":{"start":{"line":16,"column":18},"end":{"line":18,"column":5}},"line":16}},"branchMap":{},"s":{"0":0,"1":0,"2":0,"3":0,"4":0,"5":0},"f":{"0":0,"1":0,"2":0},"b":{},"hash":"384f84d9a78d7b7cd18d476f06c4a932022080ab"}
,"/home/harry/projects/cashweb/ircash/src-electron/main-process/electron-main.js": {"path":"/home/harry/projects/cashweb/ircash/src-electron/main-process/electron-main.js","statementMap":{"0":{"start":{"line":7,"column":0},"end":{"line":9,"column":1}},"1":{"start":{"line":8,"column":2},"end":{"line":8,"column":86}},"2":{"start":{"line":17,"column":2},"end":{"line":26,"column":4}},"3":{"start":{"line":29,"column":2},"end":{"line":29,"column":41}},"4":{"start":{"line":31,"column":2},"end":{"line":33,"column":4}},"5":{"start":{"line":32,"column":4},"end":{"line":32,"column":21}},"6":{"start":{"line":36,"column":0},"end":{"line":36,"column":29}},"7":{"start":{"line":38,"column":0},"end":{"line":42,"column":2}},"8":{"start":{"line":39,"column":2},"end":{"line":41,"column":3}},"9":{"start":{"line":40,"column":4},"end":{"line":40,"column":14}},"10":{"start":{"line":44,"column":0},"end":{"line":48,"column":2}},"11":{"start":{"line":45,"column":2},"end":{"line":47,"column":3}},"12":{"start":{"line":46,"column":4},"end":{"line":46,"column":18}}},"fnMap":{"0":{"name":"createWindow","decl":{"start":{"line":13,"column":9},"end":{"line":13,"column":21}},"loc":{"start":{"line":13,"column":25},"end":{"line":34,"column":1}},"line":13},"1":{"name":"(anonymous_1)","decl":{"start":{"line":31,"column":26},"end":{"line":31,"column":27}},"loc":{"start":{"line":31,"column":32},"end":{"line":33,"column":3}},"line":31},"2":{"name":"(anonymous_2)","decl":{"start":{"line":38,"column":28},"end":{"line":38,"column":29}},"loc":{"start":{"line":38,"column":34},"end":{"line":42,"column":1}},"line":38},"3":{"name":"(anonymous_3)","decl":{"start":{"line":44,"column":19},"end":{"line":44,"column":20}},"loc":{"start":{"line":44,"column":25},"end":{"line":48,"column":1}},"line":44}},"branchMap":{"0":{"loc":{"start":{"line":7,"column":0},"end":{"line":9,"column":1}},"type":"if","locations":[{"start":{"line":7,"column":0},"end":{"line":9,"column":1}},{"start":{"line":7,"column":0},"end":{"line":9,"column":1}}],"line":7},"1":{"loc":{"start":{"line":39,"column":2},"end":{"line":41,"column":3}},"type":"if","locations":[{"start":{"line":39,"column":2},"end":{"line":41,"column":3}},{"start":{"line":39,"column":2},"end":{"line":41,"column":3}}],"line":39},"2":{"loc":{"start":{"line":45,"column":2},"end":{"line":47,"column":3}},"type":"if","locations":[{"start":{"line":45,"column":2},"end":{"line":47,"column":3}},{"start":{"line":45,"column":2},"end":{"line":47,"column":3}}],"line":45}},"s":{"0":0,"1":0,"2":0,"3":0,"4":0,"5":0,"6":0,"7":0,"8":0,"9":0,"10":0,"11":0,"12":0},"f":{"0":0,"1":0,"2":0,"3":0},"b":{"0":[0,0],"1":[0,0],"2":[0,0]},"hash":"279312d747fe58a17b66e34ff75b475832e2c1a7"}
,"/home/harry/projects/cashweb/ircash/src/boot/axios.js": {"path":"/home/harry/projects/cashweb/ircash/src/boot/axios.js","statementMap":{"0":{"start":{"line":4,"column":0},"end":{"line":4,"column":28}}},"fnMap":{},"branchMap":{},"s":{"0":0},"f":{},"b":{},"hash":"2dfe5c10dfa361da52cc641ef2d639869957647c"}
,"/home/harry/projects/cashweb/ircash/src/boot/i18n.js": {"path":"/home/harry/projects/cashweb/ircash/src/boot/i18n.js","statementMap":{"0":{"start":{"line":5,"column":0},"end":{"line":5,"column":16}},"1":{"start":{"line":7,"column":13},"end":{"line":11,"column":2}},"2":{"start":{"line":15,"column":2},"end":{"line":15,"column":17}}},"fnMap":{"0":{"name":"(anonymous_0)","decl":{"start":{"line":13,"column":15},"end":{"line":13,"column":16}},"loc":{"start":{"line":13,"column":28},"end":{"line":16,"column":1}},"line":13}},"branchMap":{},"s":{"0":0,"1":0,"2":0},"f":{"0":0},"b":{},"hash":"b45c3f57cb22906b279af89e038f0a8107e12b78"}
,"/home/harry/projects/cashweb/ircash/src/components/ChatList.vue": {"path":"/home/harry/projects/cashweb/ircash/src/components/ChatList.vue","statementMap":{"0":{"start":{"line":17,"column":0},"end":{"line":17,"column":null}},"1":{"start":{"line":18,"column":0},"end":{"line":18,"column":null}}},"fnMap":{},"branchMap":{},"s":{"0":0,"1":0},"f":{},"b":{}}
,"/home/harry/projects/cashweb/ircash/src/components/ChatListItem.vue": {"path":"/home/harry/projects/cashweb/ircash/src/components/ChatListItem.vue","statementMap":{"0":{"start":{"line":25,"column":0},"end":{"line":25,"column":null}},"1":{"start":{"line":34,"column":0},"end":{"line":34,"column":null}},"2":{"start":{"line":37,"column":0},"end":{"line":37,"column":null}},"3":{"start":{"line":40,"column":0},"end":{"line":40,"column":null}}},"fnMap":{"0":{"name":"latestMessageBody","decl":{"start":{"line":33,"column":0},"end":{"line":33,"column":null}},"loc":{"start":{"line":33,"column":0},"end":{"line":35,"column":null}}},"1":{"name":"profile","decl":{"start":{"line":36,"column":0},"end":{"line":36,"column":null}},"loc":{"start":{"line":36,"column":0},"end":{"line":38,"column":null}}},"2":{"name":"isActive","decl":{"start":{"line":39,"column":0},"end":{"line":39,"column":null}},"loc":{"start":{"line":39,"column":0},"end":{"line":41,"column":null}}}},"branchMap":{},"s":{"0":0,"1":0,"2":0,"3":0},"f":{"0":0,"1":0,"2":0},"b":{}}
,"/home/harry/projects/cashweb/ircash/src/components/ChatMessage.vue": {"path":"/home/harry/projects/cashweb/ircash/src/components/ChatMessage.vue","statementMap":{"0":{"start":{"line":12,"column":0},"end":{"line":12,"column":null}},"1":{"start":{"line":19,"column":0},"end":{"line":19,"column":null}},"2":{"start":{"line":20,"column":0},"end":{"line":20,"column":null}},"3":{"start":{"line":22,"column":0},"end":{"line":24,"column":null}},"4":{"start":{"line":23,"column":0},"end":{"line":23,"column":null}},"5":{"start":{"line":25,"column":0},"end":{"line":27,"column":null}},"6":{"start":{"line":26,"column":0},"end":{"line":26,"column":null}},"7":{"start":{"line":28,"column":0},"end":{"line":30,"column":null}},"8":{"start":{"line":29,"column":0},"end":{"line":29,"column":null}},"9":{"start":{"line":31,"column":0},"end":{"line":33,"column":null}},"10":{"start":{"line":32,"column":0},"end":{"line":32,"column":null}},"11":{"start":{"line":34,"column":0},"end":{"line":36,"column":null}},"12":{"start":{"line":35,"column":0},"end":{"line":35,"column":null}},"13":{"start":{"line":37,"column":0},"end":{"line":39,"column":null}},"14":{"start":{"line":38,"column":0},"end":{"line":38,"column":null}},"15":{"start":{"line":40,"column":0},"end":{"line":40,"column":null}},"16":{"start":{"line":46,"column":0},"end":{"line":46,"column":null}},"17":{"start":{"line":47,"column":0},"end":{"line":47,"column":null}},"18":{"start":{"line":48,"column":0},"end":{"line":48,"column":null}},"19":{"start":{"line":52,"column":0},"end":{"line":52,"column":null}}},"fnMap":{"0":{"name":"unixToStamp","decl":{"start":{"line":18,"column":0},"end":{"line":18,"column":null}},"loc":{"start":{"line":18,"column":0},"end":{"line":41,"column":null}}},"1":{"name":"timeStamp","decl":{"start":{"line":45,"column":0},"end":{"line":45,"column":null}},"loc":{"start":{"line":45,"column":0},"end":{"line":49,"column":null}}},"2":{"name":"created","decl":{"start":{"line":51,"column":0},"end":{"line":51,"column":null}},"loc":{"start":{"line":51,"column":0},"end":{"line":53,"column":null}}}},"branchMap":{"0":{"loc":{"start":{"line":22,"column":0},"end":{"line":24,"column":null}},"type":"if","locations":[{"start":{"line":22,"column":0},"end":{"line":24,"column":null}},{"start":{"line":22,"column":0},"end":{"line":24,"column":null}}]},"1":{"loc":{"start":{"line":25,"column":0},"end":{"line":27,"column":null}},"type":"if","locations":[{"start":{"line":25,"column":0},"end":{"line":27,"column":null}},{"start":{"line":25,"column":0},"end":{"line":27,"column":null}}]},"2":{"loc":{"start":{"line":28,"column":0},"end":{"line":30,"column":null}},"type":"if","locations":[{"start":{"line":28,"column":0},"end":{"line":30,"column":null}},{"start":{"line":28,"column":0},"end":{"line":30,"column":null}}]},"3":{"loc":{"start":{"line":31,"column":0},"end":{"line":33,"column":null}},"type":"if","locations":[{"start":{"line":31,"column":0},"end":{"line":33,"column":null}},{"start":{"line":31,"column":0},"end":{"line":33,"column":null}}]},"4":{"loc":{"start":{"line":34,"column":0},"end":{"line":36,"column":null}},"type":"if","locations":[{"start":{"line":34,"column":0},"end":{"line":36,"column":null}},{"start":{"line":34,"column":0},"end":{"line":36,"column":null}}]},"5":{"loc":{"start":{"line":37,"column":0},"end":{"line":39,"column":null}},"type":"if","locations":[{"start":{"line":37,"column":0},"end":{"line":39,"column":null}},{"start":{"line":37,"column":0},"end":{"line":39,"column":null}}]}},"s":{"0":0,"1":0,"2":0,"3":0,"4":0,"5":0,"6":0,"7":0,"8":0,"9":0,"10":0,"11":0,"12":0,"13":0,"14":0,"15":0,"16":0,"17":0,"18":0,"19":0},"f":{"0":0,"1":0,"2":0},"b":{"0":[0,0],"1":[0,0],"2":[0,0],"3":[0,0],"4":[0,0],"5":[0,0]}}
,"/home/harry/projects/cashweb/ircash/src/components/ContactDrawer.vue": {"path":"/home/harry/projects/cashweb/ircash/src/components/ContactDrawer.vue","statementMap":{"0":{"start":{"line":132,"column":0},"end":{"line":132,"column":null}},"1":{"start":{"line":133,"column":0},"end":{"line":133,"column":null}},"2":{"start":{"line":134,"column":0},"end":{"line":134,"column":null}},"3":{"start":{"line":136,"column":0},"end":{"line":142,"column":null}},"4":{"start":{"line":137,"column":0},"end":{"line":137,"column":null}},"5":{"start":{"line":138,"column":0},"end":{"line":138,"column":null}},"6":{"start":{"line":139,"column":0},"end":{"line":139,"column":null}},"7":{"start":{"line":140,"column":0},"end":{"line":140,"column":null}},"8":{"start":{"line":141,"column":0},"end":{"line":141,"column":null}},"9":{"start":{"line":163,"column":0},"end":{"line":163,"column":null}},"10":{"start":{"line":166,"column":0},"end":{"line":166,"column":null}},"11":{"start":{"line":170,"column":0},"end":{"line":170,"column":null}},"12":{"start":{"line":171,"column":0},"end":{"line":171,"column":null}},"13":{"start":{"line":172,"column":0},"end":{"line":172,"column":null}},"14":{"start":{"line":176,"column":0},"end":{"line":176,"column":null}}},"fnMap":{"0":{"name":"(anonymous_6)","decl":{"start":{"line":136,"column":0},"end":{"line":136,"column":null}},"loc":{"start":{"line":136,"column":0},"end":{"line":142,"column":null}}},"1":{"name":"get","decl":{"start":{"line":162,"column":0},"end":{"line":162,"column":null}},"loc":{"start":{"line":162,"column":0},"end":{"line":164,"column":null}}},"2":{"name":"set","decl":{"start":{"line":165,"column":0},"end":{"line":165,"column":null}},"loc":{"start":{"line":165,"column":0},"end":{"line":167,"column":null}}},"3":{"name":"getActiveProfile","decl":{"start":{"line":169,"column":0},"end":{"line":169,"column":null}},"loc":{"start":{"line":169,"column":0},"end":{"line":173,"column":null}}},"4":{"name":"data","decl":{"start":{"line":175,"column":0},"end":{"line":175,"column":null}},"loc":{"start":{"line":175,"column":0},"end":{"line":180,"column":null}}}},"branchMap":{"0":{"loc":{"start":{"line":137,"column":0},"end":{"line":137,"column":null}},"type":"binary-expr","locations":[{"start":{"line":137,"column":0},"end":{"line":137,"column":null}},{"start":{"line":137,"column":0},"end":{"line":137,"column":null}}]},"1":{"loc":{"start":{"line":141,"column":0},"end":{"line":141,"column":null}},"type":"cond-expr","locations":[{"start":{"line":141,"column":0},"end":{"line":141,"column":null}},{"start":{"line":141,"column":0},"end":{"line":141,"column":null}}]}},"s":{"0":0,"1":0,"2":0,"3":0,"4":0,"5":0,"6":0,"7":0,"8":0,"9":0,"10":0,"11":0,"12":0,"13":0,"14":0},"f":{"0":0,"1":0,"2":0,"3":0,"4":0},"b":{"0":[0,0],"1":[0,0]}}
,"/home/harry/projects/cashweb/ircash/src/components/MainHeader.vue": {"path":"/home/harry/projects/cashweb/ircash/src/components/MainHeader.vue","statementMap":{"0":{"start":{"line":80,"column":0},"end":{"line":80,"column":null}},"1":{"start":{"line":97,"column":0},"end":{"line":101,"column":null}},"2":{"start":{"line":98,"column":0},"end":{"line":98,"column":null}},"3":{"start":{"line":100,"column":0},"end":{"line":100,"column":null}},"4":{"start":{"line":105,"column":0},"end":{"line":105,"column":null}},"5":{"start":{"line":108,"column":0},"end":{"line":108,"column":null}},"6":{"start":{"line":113,"column":0},"end":{"line":113,"column":null}}},"fnMap":{"0":{"name":"activeProfileName","decl":{"start":{"line":96,"column":0},"end":{"line":96,"column":null}},"loc":{"start":{"line":96,"column":0},"end":{"line":102,"column":null}}},"1":{"name":"get","decl":{"start":{"line":104,"column":0},"end":{"line":104,"column":null}},"loc":{"start":{"line":104,"column":0},"end":{"line":106,"column":null}}},"2":{"name":"set","decl":{"start":{"line":107,"column":0},"end":{"line":107,"column":null}},"loc":{"start":{"line":107,"column":0},"end":{"line":109,"column":null}}},"3":{"name":"data","decl":{"start":{"line":112,"column":0},"end":{"line":112,"column":null}},"loc":{"start":{"line":112,"column":0},"end":{"line":116,"column":null}}}},"branchMap":{"0":{"loc":{"start":{"line":97,"column":0},"end":{"line":101,"column":null}},"type":"if","locations":[{"start":{"line":97,"column":0},"end":{"line":101,"column":null}},{"start":{"line":97,"column":0},"end":{"line":101,"column":null}}]}},"s":{"0":0,"1":0,"2":0,"3":0,"4":0,"5":0,"6":0},"f":{"0":0,"1":0,"2":0,"3":0},"b":{"0":[0,0]}}
,"/home/harry/projects/cashweb/ircash/src/components/MyDrawer.vue": {"path":"/home/harry/projects/cashweb/ircash/src/components/MyDrawer.vue","statementMap":{"0":{"start":{"line":77,"column":0},"end":{"line":77,"column":null}},"1":{"start":{"line":78,"column":0},"end":{"line":78,"column":null}},"2":{"start":{"line":79,"column":0},"end":{"line":79,"column":null}},"3":{"start":{"line":80,"column":0},"end":{"line":80,"column":null}},"4":{"start":{"line":96,"column":0},"end":{"line":96,"column":null}},"5":{"start":{"line":97,"column":0},"end":{"line":106,"column":null}},"6":{"start":{"line":106,"column":0},"end":{"line":106,"column":null}},"7":{"start":{"line":108,"column":0},"end":{"line":108,"column":null}},"8":{"start":{"line":111,"column":0},"end":{"line":111,"column":null}},"9":{"start":{"line":115,"column":0},"end":{"line":115,"column":null}},"10":{"start":{"line":116,"column":0},"end":{"line":116,"column":null}},"11":{"start":{"line":119,"column":0},"end":{"line":119,"column":null}},"12":{"start":{"line":124,"column":0},"end":{"line":124,"column":null}},"13":{"start":{"line":125,"column":0},"end":{"line":125,"column":null}},"14":{"start":{"line":128,"column":0},"end":{"line":128,"column":null}},"15":{"start":{"line":134,"column":0},"end":{"line":134,"column":null}},"16":{"start":{"line":137,"column":0},"end":{"line":137,"column":null}},"17":{"start":{"line":143,"column":0},"end":{"line":143,"column":null}},"18":{"start":{"line":145,"column":0},"end":{"line":145,"column":null}},"19":{"start":{"line":148,"column":0},"end":{"line":148,"column":null}},"20":{"start":{"line":149,"column":0},"end":{"line":158,"column":null}},"21":{"start":{"line":158,"column":0},"end":{"line":158,"column":null}},"22":{"start":{"line":171,"column":0},"end":{"line":171,"column":null}},"23":{"start":{"line":174,"column":0},"end":{"line":174,"column":null}}},"fnMap":{"0":{"name":"setFilter","decl":{"start":{"line":96,"column":0},"end":{"line":96,"column":null}},"loc":{"start":{"line":96,"column":0},"end":{"line":147,"column":null}}},"1":{"name":"_callee","decl":{"start":{"line":97,"column":0},"end":{"line":97,"column":null}},"loc":{"start":{"line":97,"column":0},"end":{"line":106,"column":null}}},"2":{"name":"_callee$","decl":{"start":{"line":106,"column":0},"end":{"line":106,"column":null}},"loc":{"start":{"line":106,"column":0},"end":{"line":106,"column":null}}},"3":{"name":"newContactPrompt","decl":{"start":{"line":148,"column":0},"end":{"line":148,"column":null}},"loc":{"start":{"line":148,"column":0},"end":{"line":161,"column":null}}},"4":{"name":"_callee2","decl":{"start":{"line":149,"column":0},"end":{"line":149,"column":null}},"loc":{"start":{"line":149,"column":0},"end":{"line":158,"column":null}}},"5":{"name":"_callee2$","decl":{"start":{"line":158,"column":0},"end":{"line":158,"column":null}},"loc":{"start":{"line":158,"column":0},"end":{"line":158,"column":null}}},"6":{"name":"get","decl":{"start":{"line":170,"column":0},"end":{"line":170,"column":null}},"loc":{"start":{"line":170,"column":0},"end":{"line":172,"column":null}}},"7":{"name":"set","decl":{"start":{"line":173,"column":0},"end":{"line":173,"column":null}},"loc":{"start":{"line":173,"column":0},"end":{"line":175,"column":null}}}},"branchMap":{"0":{"loc":{"start":{"line":106,"column":0},"end":{"line":106,"column":null}},"type":"switch","locations":[{"start":{"line":106,"column":0},"end":{"line":106,"column":null}},{"start":{"line":106,"column":0},"end":{"line":106,"column":null}},{"start":{"line":106,"column":0},"end":{"line":106,"column":null}},{"start":{"line":106,"column":0},"end":{"line":106,"column":null}},{"start":{"line":106,"column":0},"end":{"line":145,"column":null}},{"start":{"line":106,"column":0},"end":{"line":106,"column":null}},{"start":{"line":106,"column":0},"end":{"line":106,"column":null}}]},"1":{"loc":{"start":{"line":158,"column":0},"end":{"line":158,"column":null}},"type":"switch","locations":[{"start":{"line":158,"column":0},"end":{"line":158,"column":null}},{"start":{"line":158,"column":0},"end":{"line":158,"column":null}},{"start":{"line":158,"column":0},"end":{"line":158,"column":null}}]}},"s":{"0":0,"1":0,"2":0,"3":0,"4":0,"5":0,"6":0,"7":0,"8":0,"9":0,"10":0,"11":0,"12":0,"13":0,"14":0,"15":0,"16":0,"17":0,"18":0,"19":0,"20":0,"21":0,"22":0,"23":0},"f":{"0":0,"1":0,"2":0,"3":0,"4":0,"5":0,"6":0,"7":0},"b":{"0":[0,0,0,0,0,0,0],"1":[0,0,0]}}
,"/home/harry/projects/cashweb/ircash/src/components/StatusFooter.vue": {"path":"/home/harry/projects/cashweb/ircash/src/components/StatusFooter.vue","statementMap":{"0":{"start":{"line":17,"column":0},"end":{"line":17,"column":null}}},"fnMap":{},"branchMap":{},"s":{"0":0},"f":{},"b":{}}
,"/home/harry/projects/cashweb/ircash/src/i18n/index.js": {"path":"/home/harry/projects/cashweb/ircash/src/i18n/index.js","statementMap":{},"fnMap":{},"branchMap":{},"s":{},"f":{},"b":{},"hash":"2f8e9033a13e0ff6238e7567c939caaed8c4bc46"}
,"/home/harry/projects/cashweb/ircash/src/i18n/en-us/index.js": {"path":"/home/harry/projects/cashweb/ircash/src/i18n/en-us/index.js","statementMap":{},"fnMap":{},"branchMap":{},"s":{},"f":{},"b":{},"hash":"c7393bcadff4a100f095e0ed49b4ed5628cdc52c"}
,"/home/harry/projects/cashweb/ircash/src/keyserver/addressmetadata_pb.js": {"path":"/home/harry/projects/cashweb/ircash/src/keyserver/addressmetadata_pb.js","statementMap":{"0":{"start":{"line":10,"column":11},"end":{"line":10,"column":37}},"1":{"start":{"line":11,"column":11},"end":{"line":11,"column":15}},"2":{"start":{"line":12,"column":13},"end":{"line":12,"column":38}},"3":{"start":{"line":14,"column":0},"end":{"line":14,"column":74}},"4":{"start":{"line":15,"column":0},"end":{"line":15,"column":90}},"5":{"start":{"line":16,"column":0},"end":{"line":16,"column":64}},"6":{"start":{"line":17,"column":0},"end":{"line":17,"column":65}},"7":{"start":{"line":18,"column":0},"end":{"line":18,"column":66}},"8":{"start":{"line":30,"column":0},"end":{"line":32,"column":2}},"9":{"start":{"line":31,"column":2},"end":{"line":31,"column":61}},"10":{"start":{"line":33,"column":0},"end":{"line":33,"column":59}},"11":{"start":{"line":34,"column":0},"end":{"line":36,"column":1}},"12":{"start":{"line":35,"column":2},"end":{"line":35,"column":78}},"13":{"start":{"line":39,"column":0},"end":{"line":75,"column":1}},"14":{"start":{"line":50,"column":0},"end":{"line":52,"column":2}},"15":{"start":{"line":51,"column":2},"end":{"line":51,"column":75}},"16":{"start":{"line":64,"column":0},"end":{"line":74,"column":2}},"17":{"start":{"line":65,"column":15},"end":{"line":68,"column":3}},"18":{"start":{"line":70,"column":2},"end":{"line":72,"column":3}},"19":{"start":{"line":71,"column":4},"end":{"line":71,"column":35}},"20":{"start":{"line":73,"column":2},"end":{"line":73,"column":13}},"21":{"start":{"line":83,"column":0},"end":{"line":87,"column":2}},"22":{"start":{"line":84,"column":15},"end":{"line":84,"column":43}},"23":{"start":{"line":85,"column":12},"end":{"line":85,"column":45}},"24":{"start":{"line":86,"column":2},"end":{"line":86,"column":80}},"25":{"start":{"line":97,"column":0},"end":{"line":118,"column":2}},"26":{"start":{"line":98,"column":2},"end":{"line":116,"column":3}},"27":{"start":{"line":99,"column":4},"end":{"line":101,"column":5}},"28":{"start":{"line":100,"column":6},"end":{"line":100,"column":12}},"29":{"start":{"line":102,"column":16},"end":{"line":102,"column":39}},"30":{"start":{"line":103,"column":4},"end":{"line":115,"column":5}},"31":{"start":{"line":105,"column":41},"end":{"line":105,"column":60}},"32":{"start":{"line":106,"column":6},"end":{"line":106,"column":25}},"33":{"start":{"line":107,"column":6},"end":{"line":107,"column":12}},"34":{"start":{"line":109,"column":41},"end":{"line":109,"column":60}},"35":{"start":{"line":110,"column":6},"end":{"line":110,"column":26}},"36":{"start":{"line":111,"column":6},"end":{"line":111,"column":12}},"37":{"start":{"line":113,"column":6},"end":{"line":113,"column":25}},"38":{"start":{"line":114,"column":6},"end":{"line":114,"column":12}},"39":{"start":{"line":117,"column":2},"end":{"line":117,"column":13}},"40":{"start":{"line":125,"column":0},"end":{"line":129,"column":2}},"41":{"start":{"line":126,"column":15},"end":{"line":126,"column":38}},"42":{"start":{"line":127,"column":2},"end":{"line":127,"column":70}},"43":{"start":{"line":128,"column":2},"end":{"line":128,"column":34}},"44":{"start":{"line":139,"column":0},"end":{"line":155,"column":2}},"45":{"start":{"line":140,"column":10},"end":{"line":140,"column":19}},"46":{"start":{"line":141,"column":2},"end":{"line":141,"column":24}},"47":{"start":{"line":142,"column":2},"end":{"line":147,"column":3}},"48":{"start":{"line":143,"column":4},"end":{"line":146,"column":6}},"49":{"start":{"line":148,"column":2},"end":{"line":148,"column":25}},"50":{"start":{"line":149,"column":2},"end":{"line":154,"column":3}},"51":{"start":{"line":150,"column":4},"end":{"line":153,"column":6}},"52":{"start":{"line":162,"column":0},"end":{"line":164,"column":2}},"53":{"start":{"line":163,"column":2},"end":{"line":163,"column":79}},"54":{"start":{"line":168,"column":0},"end":{"line":170,"column":2}},"55":{"start":{"line":169,"column":2},"end":{"line":169,"column":52}},"56":{"start":{"line":177,"column":0},"end":{"line":179,"column":2}},"57":{"start":{"line":178,"column":2},"end":{"line":178,"column":79}},"58":{"start":{"line":183,"column":0},"end":{"line":185,"column":2}},"59":{"start":{"line":184,"column":2},"end":{"line":184,"column":52}},"60":{"start":{"line":199,"column":0},"end":{"line":201,"column":2}},"61":{"start":{"line":200,"column":2},"end":{"line":200,"column":101}},"62":{"start":{"line":202,"column":0},"end":{"line":202,"column":58}},"63":{"start":{"line":203,"column":0},"end":{"line":205,"column":1}},"64":{"start":{"line":204,"column":2},"end":{"line":204,"column":76}},"65":{"start":{"line":211,"column":0},"end":{"line":211,"column":51}},"66":{"start":{"line":215,"column":0},"end":{"line":253,"column":1}},"67":{"start":{"line":226,"column":0},"end":{"line":228,"column":2}},"68":{"start":{"line":227,"column":2},"end":{"line":227,"column":74}},"69":{"start":{"line":240,"column":0},"end":{"line":252,"column":2}},"70":{"start":{"line":241,"column":15},"end":{"line":246,"column":3}},"71":{"start":{"line":248,"column":2},"end":{"line":250,"column":3}},"72":{"start":{"line":249,"column":4},"end":{"line":249,"column":35}},"73":{"start":{"line":251,"column":2},"end":{"line":251,"column":13}},"74":{"start":{"line":261,"column":0},"end":{"line":265,"column":2}},"75":{"start":{"line":262,"column":15},"end":{"line":262,"column":43}},"76":{"start":{"line":263,"column":12},"end":{"line":263,"column":44}},"77":{"start":{"line":264,"column":2},"end":{"line":264,"column":79}},"78":{"start":{"line":275,"column":0},"end":{"line":301,"column":2}},"79":{"start":{"line":276,"column":2},"end":{"line":299,"column":3}},"80":{"start":{"line":277,"column":4},"end":{"line":279,"column":5}},"81":{"start":{"line":278,"column":6},"end":{"line":278,"column":12}},"82":{"start":{"line":280,"column":16},"end":{"line":280,"column":39}},"83":{"start":{"line":281,"column":4},"end":{"line":298,"column":5}},"84":{"start":{"line":283,"column":41},"end":{"line":283,"column":60}},"85":{"start":{"line":284,"column":6},"end":{"line":284,"column":25}},"86":{"start":{"line":285,"column":6},"end":{"line":285,"column":12}},"87":{"start":{"line":287,"column":18},"end":{"line":287,"column":51}},"88":{"start":{"line":288,"column":6},"end":{"line":288,"column":90}},"89":{"start":{"line":289,"column":6},"end":{"line":289,"column":28}},"90":{"start":{"line":290,"column":6},"end":{"line":290,"column":12}},"91":{"start":{"line":292,"column":46},"end":{"line":292,"column":64}},"92":{"start":{"line":293,"column":6},"end":{"line":293,"column":30}},"93":{"start":{"line":294,"column":6},"end":{"line":294,"column":12}},"94":{"start":{"line":296,"column":6},"end":{"line":296,"column":25}},"95":{"start":{"line":297,"column":6},"end":{"line":297,"column":12}},"96":{"start":{"line":300,"column":2},"end":{"line":300,"column":13}},"97":{"start":{"line":308,"column":0},"end":{"line":312,"column":2}},"98":{"start":{"line":309,"column":15},"end":{"line":309,"column":38}},"99":{"start":{"line":310,"column":2},"end":{"line":310,"column":69}},"100":{"start":{"line":311,"column":2},"end":{"line":311,"column":34}},"101":{"start":{"line":322,"column":0},"end":{"line":346,"column":2}},"102":{"start":{"line":323,"column":10},"end":{"line":323,"column":19}},"103":{"start":{"line":324,"column":2},"end":{"line":324,"column":24}},"104":{"start":{"line":325,"column":2},"end":{"line":330,"column":3}},"105":{"start":{"line":326,"column":4},"end":{"line":329,"column":6}},"106":{"start":{"line":331,"column":2},"end":{"line":331,"column":31}},"107":{"start":{"line":332,"column":2},"end":{"line":338,"column":3}},"108":{"start":{"line":333,"column":4},"end":{"line":337,"column":6}},"109":{"start":{"line":339,"column":2},"end":{"line":339,"column":34}},"110":{"start":{"line":340,"column":2},"end":{"line":345,"column":3}},"111":{"start":{"line":341,"column":4},"end":{"line":344,"column":6}},"112":{"start":{"line":353,"column":0},"end":{"line":355,"column":2}},"113":{"start":{"line":354,"column":2},"end":{"line":354,"column":79}},"114":{"start":{"line":359,"column":0},"end":{"line":361,"column":2}},"115":{"start":{"line":360,"column":2},"end":{"line":360,"column":52}},"116":{"start":{"line":368,"column":0},"end":{"line":371,"column":2}},"117":{"start":{"line":369,"column":2},"end":{"line":370,"column":82}},"118":{"start":{"line":375,"column":0},"end":{"line":377,"column":2}},"119":{"start":{"line":376,"column":2},"end":{"line":376,"column":55}},"120":{"start":{"line":385,"column":0},"end":{"line":387,"column":2}},"121":{"start":{"line":386,"column":2},"end":{"line":386,"column":110}},"122":{"start":{"line":390,"column":0},"end":{"line":392,"column":2}},"123":{"start":{"line":391,"column":2},"end":{"line":391,"column":26}},"124":{"start":{"line":399,"column":0},"end":{"line":401,"column":2}},"125":{"start":{"line":400,"column":2},"end":{"line":400,"column":93}},"126":{"start":{"line":409,"column":0},"end":{"line":412,"column":2}},"127":{"start":{"line":410,"column":2},"end":{"line":411,"column":28}},"128":{"start":{"line":422,"column":0},"end":{"line":425,"column":2}},"129":{"start":{"line":423,"column":2},"end":{"line":424,"column":28}},"130":{"start":{"line":429,"column":0},"end":{"line":431,"column":2}},"131":{"start":{"line":430,"column":2},"end":{"line":430,"column":51}},"132":{"start":{"line":445,"column":0},"end":{"line":447,"column":2}},"133":{"start":{"line":446,"column":2},"end":{"line":446,"column":103}},"134":{"start":{"line":448,"column":0},"end":{"line":448,"column":60}},"135":{"start":{"line":449,"column":0},"end":{"line":451,"column":1}},"136":{"start":{"line":450,"column":2},"end":{"line":450,"column":80}},"137":{"start":{"line":457,"column":0},"end":{"line":457,"column":53}},"138":{"start":{"line":461,"column":0},"end":{"line":499,"column":1}},"139":{"start":{"line":472,"column":0},"end":{"line":474,"column":2}},"140":{"start":{"line":473,"column":2},"end":{"line":473,"column":76}},"141":{"start":{"line":486,"column":0},"end":{"line":498,"column":2}},"142":{"start":{"line":487,"column":15},"end":{"line":492,"column":3}},"143":{"start":{"line":494,"column":2},"end":{"line":496,"column":3}},"144":{"start":{"line":495,"column":4},"end":{"line":495,"column":35}},"145":{"start":{"line":497,"column":2},"end":{"line":497,"column":13}},"146":{"start":{"line":507,"column":0},"end":{"line":511,"column":2}},"147":{"start":{"line":508,"column":15},"end":{"line":508,"column":43}},"148":{"start":{"line":509,"column":12},"end":{"line":509,"column":46}},"149":{"start":{"line":510,"column":2},"end":{"line":510,"column":81}},"150":{"start":{"line":521,"column":0},"end":{"line":547,"column":2}},"151":{"start":{"line":522,"column":2},"end":{"line":545,"column":3}},"152":{"start":{"line":523,"column":4},"end":{"line":525,"column":5}},"153":{"start":{"line":524,"column":6},"end":{"line":524,"column":12}},"154":{"start":{"line":526,"column":16},"end":{"line":526,"column":39}},"155":{"start":{"line":527,"column":4},"end":{"line":544,"column":5}},"156":{"start":{"line":529,"column":41},"end":{"line":529,"column":59}},"157":{"start":{"line":530,"column":6},"end":{"line":530,"column":30}},"158":{"start":{"line":531,"column":6},"end":{"line":531,"column":12}},"159":{"start":{"line":533,"column":41},"end":{"line":533,"column":59}},"160":{"start":{"line":534,"column":6},"end":{"line":534,"column":24}},"161":{"start":{"line":535,"column":6},"end":{"line":535,"column":12}},"162":{"start":{"line":537,"column":18},"end":{"line":537,"column":50}},"163":{"start":{"line":538,"column":6},"end":{"line":538,"column":89}},"164":{"start":{"line":539,"column":6},"end":{"line":539,"column":28}},"165":{"start":{"line":540,"column":6},"end":{"line":540,"column":12}},"166":{"start":{"line":542,"column":6},"end":{"line":542,"column":25}},"167":{"start":{"line":543,"column":6},"end":{"line":543,"column":12}},"168":{"start":{"line":546,"column":2},"end":{"line":546,"column":13}},"169":{"start":{"line":554,"column":0},"end":{"line":558,"column":2}},"170":{"start":{"line":555,"column":15},"end":{"line":555,"column":38}},"171":{"start":{"line":556,"column":2},"end":{"line":556,"column":71}},"172":{"start":{"line":557,"column":2},"end":{"line":557,"column":34}},"173":{"start":{"line":568,"column":0},"end":{"line":592,"column":2}},"174":{"start":{"line":569,"column":10},"end":{"line":569,"column":19}},"175":{"start":{"line":570,"column":2},"end":{"line":570,"column":29}},"176":{"start":{"line":571,"column":2},"end":{"line":576,"column":3}},"177":{"start":{"line":572,"column":4},"end":{"line":575,"column":6}},"178":{"start":{"line":577,"column":2},"end":{"line":577,"column":23}},"179":{"start":{"line":578,"column":2},"end":{"line":583,"column":3}},"180":{"start":{"line":579,"column":4},"end":{"line":582,"column":6}},"181":{"start":{"line":584,"column":2},"end":{"line":584,"column":31}},"182":{"start":{"line":585,"column":2},"end":{"line":591,"column":3}},"183":{"start":{"line":586,"column":4},"end":{"line":590,"column":6}},"184":{"start":{"line":599,"column":0},"end":{"line":601,"column":2}},"185":{"start":{"line":600,"column":2},"end":{"line":600,"column":78}},"186":{"start":{"line":605,"column":0},"end":{"line":607,"column":2}},"187":{"start":{"line":606,"column":2},"end":{"line":606,"column":49}},"188":{"start":{"line":614,"column":0},"end":{"line":616,"column":2}},"189":{"start":{"line":615,"column":2},"end":{"line":615,"column":78}},"190":{"start":{"line":620,"column":0},"end":{"line":622,"column":2}},"191":{"start":{"line":621,"column":2},"end":{"line":621,"column":49}},"192":{"start":{"line":629,"column":0},"end":{"line":632,"column":2}},"193":{"start":{"line":630,"column":2},"end":{"line":631,"column":81}},"194":{"start":{"line":636,"column":0},"end":{"line":638,"column":2}},"195":{"start":{"line":637,"column":2},"end":{"line":637,"column":55}},"196":{"start":{"line":646,"column":0},"end":{"line":648,"column":2}},"197":{"start":{"line":647,"column":2},"end":{"line":647,"column":109}},"198":{"start":{"line":651,"column":0},"end":{"line":653,"column":2}},"199":{"start":{"line":652,"column":2},"end":{"line":652,"column":26}},"200":{"start":{"line":667,"column":0},"end":{"line":669,"column":2}},"201":{"start":{"line":668,"column":2},"end":{"line":668,"column":61}},"202":{"start":{"line":670,"column":0},"end":{"line":670,"column":68}},"203":{"start":{"line":671,"column":0},"end":{"line":673,"column":1}},"204":{"start":{"line":672,"column":2},"end":{"line":672,"column":96}},"205":{"start":{"line":676,"column":0},"end":{"line":714,"column":1}},"206":{"start":{"line":687,"column":0},"end":{"line":689,"column":2}},"207":{"start":{"line":688,"column":2},"end":{"line":688,"column":84}},"208":{"start":{"line":701,"column":0},"end":{"line":713,"column":2}},"209":{"start":{"line":702,"column":15},"end":{"line":707,"column":3}},"210":{"start":{"line":709,"column":2},"end":{"line":711,"column":3}},"211":{"start":{"line":710,"column":4},"end":{"line":710,"column":35}},"212":{"start":{"line":712,"column":2},"end":{"line":712,"column":13}},"213":{"start":{"line":722,"column":0},"end":{"line":726,"column":2}},"214":{"start":{"line":723,"column":15},"end":{"line":723,"column":43}},"215":{"start":{"line":724,"column":12},"end":{"line":724,"column":54}},"216":{"start":{"line":725,"column":2},"end":{"line":725,"column":89}},"217":{"start":{"line":736,"column":0},"end":{"line":765,"column":2}},"218":{"start":{"line":737,"column":2},"end":{"line":763,"column":3}},"219":{"start":{"line":738,"column":4},"end":{"line":740,"column":5}},"220":{"start":{"line":739,"column":6},"end":{"line":739,"column":12}},"221":{"start":{"line":741,"column":16},"end":{"line":741,"column":39}},"222":{"start":{"line":742,"column":4},"end":{"line":762,"column":5}},"223":{"start":{"line":744,"column":46},"end":{"line":744,"column":64}},"224":{"start":{"line":745,"column":6},"end":{"line":745,"column":27}},"225":{"start":{"line":746,"column":6},"end":{"line":746,"column":12}},"226":{"start":{"line":748,"column":46},"end":{"line":748,"column":64}},"227":{"start":{"line":749,"column":6},"end":{"line":749,"column":30}},"228":{"start":{"line":750,"column":6},"end":{"line":750,"column":12}},"229":{"start":{"line":752,"column":90},"end":{"line":752,"column":107}},"230":{"start":{"line":753,"column":6},"end":{"line":753,"column":27}},"231":{"start":{"line":754,"column":6},"end":{"line":754,"column":12}},"232":{"start":{"line":756,"column":46},"end":{"line":756,"column":64}},"233":{"start":{"line":757,"column":6},"end":{"line":757,"column":38}},"234":{"start":{"line":758,"column":6},"end":{"line":758,"column":12}},"235":{"start":{"line":760,"column":6},"end":{"line":760,"column":25}},"236":{"start":{"line":761,"column":6},"end":{"line":761,"column":12}},"237":{"start":{"line":764,"column":2},"end":{"line":764,"column":13}},"238":{"start":{"line":772,"column":0},"end":{"line":776,"column":2}},"239":{"start":{"line":773,"column":15},"end":{"line":773,"column":38}},"240":{"start":{"line":774,"column":2},"end":{"line":774,"column":79}},"241":{"start":{"line":775,"column":2},"end":{"line":775,"column":34}},"242":{"start":{"line":786,"column":0},"end":{"line":816,"column":2}},"243":{"start":{"line":787,"column":10},"end":{"line":787,"column":19}},"244":{"start":{"line":788,"column":2},"end":{"line":788,"column":31}},"245":{"start":{"line":789,"column":2},"end":{"line":794,"column":3}},"246":{"start":{"line":790,"column":4},"end":{"line":793,"column":6}},"247":{"start":{"line":795,"column":2},"end":{"line":795,"column":34}},"248":{"start":{"line":796,"column":2},"end":{"line":801,"column":3}},"249":{"start":{"line":797,"column":4},"end":{"line":800,"column":6}},"250":{"start":{"line":802,"column":2},"end":{"line":802,"column":26}},"251":{"start":{"line":803,"column":2},"end":{"line":808,"column":3}},"252":{"start":{"line":804,"column":4},"end":{"line":807,"column":6}},"253":{"start":{"line":809,"column":2},"end":{"line":809,"column":42}},"254":{"start":{"line":810,"column":2},"end":{"line":815,"column":3}},"255":{"start":{"line":811,"column":4},"end":{"line":814,"column":6}},"256":{"start":{"line":822,"column":0},"end":{"line":825,"column":2}},"257":{"start":{"line":831,"column":0},"end":{"line":833,"column":2}},"258":{"start":{"line":832,"column":2},"end":{"line":832,"column":93}},"259":{"start":{"line":841,"column":0},"end":{"line":844,"column":2}},"260":{"start":{"line":842,"column":2},"end":{"line":843,"column":25}},"261":{"start":{"line":854,"column":0},"end":{"line":857,"column":2}},"262":{"start":{"line":855,"column":2},"end":{"line":856,"column":25}},"263":{"start":{"line":861,"column":0},"end":{"line":863,"column":2}},"264":{"start":{"line":862,"column":2},"end":{"line":862,"column":51}},"265":{"start":{"line":870,"column":0},"end":{"line":872,"column":2}},"266":{"start":{"line":871,"column":2},"end":{"line":871,"column":93}},"267":{"start":{"line":880,"column":0},"end":{"line":883,"column":2}},"268":{"start":{"line":881,"column":2},"end":{"line":882,"column":28}},"269":{"start":{"line":893,"column":0},"end":{"line":896,"column":2}},"270":{"start":{"line":894,"column":2},"end":{"line":895,"column":28}},"271":{"start":{"line":900,"column":0},"end":{"line":902,"column":2}},"272":{"start":{"line":901,"column":2},"end":{"line":901,"column":51}},"273":{"start":{"line":909,"column":0},"end":{"line":911,"column":2}},"274":{"start":{"line":910,"column":2},"end":{"line":910,"column":127}},"275":{"start":{"line":915,"column":0},"end":{"line":917,"column":2}},"276":{"start":{"line":916,"column":2},"end":{"line":916,"column":50}},"277":{"start":{"line":924,"column":0},"end":{"line":926,"column":2}},"278":{"start":{"line":925,"column":2},"end":{"line":925,"column":93}},"279":{"start":{"line":934,"column":0},"end":{"line":937,"column":2}},"280":{"start":{"line":935,"column":2},"end":{"line":936,"column":36}},"281":{"start":{"line":947,"column":0},"end":{"line":950,"column":2}},"282":{"start":{"line":948,"column":2},"end":{"line":949,"column":36}},"283":{"start":{"line":954,"column":0},"end":{"line":956,"column":2}},"284":{"start":{"line":955,"column":2},"end":{"line":955,"column":51}},"285":{"start":{"line":959,"column":0},"end":{"line":959,"column":52}}},"fnMap":{"0":{"name":"(anonymous_0)","decl":{"start":{"line":30,"column":32},"end":{"line":30,"column":33}},"loc":{"start":{"line":30,"column":51},"end":{"line":32,"column":1}},"line":30},"1":{"name":"(anonymous_1)","decl":{"start":{"line":50,"column":51},"end":{"line":50,"column":52}},"loc":{"start":{"line":50,"column":81},"end":{"line":52,"column":1}},"line":50},"2":{"name":"(anonymous_2)","decl":{"start":{"line":64,"column":41},"end":{"line":64,"column":42}},"loc":{"start":{"line":64,"column":72},"end":{"line":74,"column":1}},"line":64},"3":{"name":"(anonymous_3)","decl":{"start":{"line":83,"column":50},"end":{"line":83,"column":51}},"loc":{"start":{"line":83,"column":66},"end":{"line":87,"column":1}},"line":83},"4":{"name":"(anonymous_4)","decl":{"start":{"line":97,"column":60},"end":{"line":97,"column":61}},"loc":{"start":{"line":97,"column":82},"end":{"line":118,"column":1}},"line":97},"5":{"name":"(anonymous_5)","decl":{"start":{"line":125,"column":58},"end":{"line":125,"column":59}},"loc":{"start":{"line":125,"column":69},"end":{"line":129,"column":1}},"line":125},"6":{"name":"(anonymous_6)","decl":{"start":{"line":139,"column":56},"end":{"line":139,"column":57}},"loc":{"start":{"line":139,"column":82},"end":{"line":155,"column":1}},"line":139},"7":{"name":"(anonymous_7)","decl":{"start":{"line":162,"column":50},"end":{"line":162,"column":51}},"loc":{"start":{"line":162,"column":61},"end":{"line":164,"column":1}},"line":162},"8":{"name":"(anonymous_8)","decl":{"start":{"line":168,"column":50},"end":{"line":168,"column":51}},"loc":{"start":{"line":168,"column":66},"end":{"line":170,"column":1}},"line":168},"9":{"name":"(anonymous_9)","decl":{"start":{"line":177,"column":51},"end":{"line":177,"column":52}},"loc":{"start":{"line":177,"column":62},"end":{"line":179,"column":1}},"line":177},"10":{"name":"(anonymous_10)","decl":{"start":{"line":183,"column":51},"end":{"line":183,"column":52}},"loc":{"start":{"line":183,"column":67},"end":{"line":185,"column":1}},"line":183},"11":{"name":"(anonymous_11)","decl":{"start":{"line":199,"column":31},"end":{"line":199,"column":32}},"loc":{"start":{"line":199,"column":50},"end":{"line":201,"column":1}},"line":199},"12":{"name":"(anonymous_12)","decl":{"start":{"line":226,"column":50},"end":{"line":226,"column":51}},"loc":{"start":{"line":226,"column":80},"end":{"line":228,"column":1}},"line":226},"13":{"name":"(anonymous_13)","decl":{"start":{"line":240,"column":40},"end":{"line":240,"column":41}},"loc":{"start":{"line":240,"column":71},"end":{"line":252,"column":1}},"line":240},"14":{"name":"(anonymous_14)","decl":{"start":{"line":261,"column":49},"end":{"line":261,"column":50}},"loc":{"start":{"line":261,"column":65},"end":{"line":265,"column":1}},"line":261},"15":{"name":"(anonymous_15)","decl":{"start":{"line":275,"column":59},"end":{"line":275,"column":60}},"loc":{"start":{"line":275,"column":81},"end":{"line":301,"column":1}},"line":275},"16":{"name":"(anonymous_16)","decl":{"start":{"line":308,"column":57},"end":{"line":308,"column":58}},"loc":{"start":{"line":308,"column":68},"end":{"line":312,"column":1}},"line":308},"17":{"name":"(anonymous_17)","decl":{"start":{"line":322,"column":55},"end":{"line":322,"column":56}},"loc":{"start":{"line":322,"column":81},"end":{"line":346,"column":1}},"line":322},"18":{"name":"(anonymous_18)","decl":{"start":{"line":353,"column":49},"end":{"line":353,"column":50}},"loc":{"start":{"line":353,"column":60},"end":{"line":355,"column":1}},"line":353},"19":{"name":"(anonymous_19)","decl":{"start":{"line":359,"column":49},"end":{"line":359,"column":50}},"loc":{"start":{"line":359,"column":65},"end":{"line":361,"column":1}},"line":359},"20":{"name":"(anonymous_20)","decl":{"start":{"line":368,"column":56},"end":{"line":368,"column":57}},"loc":{"start":{"line":368,"column":67},"end":{"line":371,"column":1}},"line":368},"21":{"name":"(anonymous_21)","decl":{"start":{"line":375,"column":56},"end":{"line":375,"column":57}},"loc":{"start":{"line":375,"column":72},"end":{"line":377,"column":1}},"line":375},"22":{"name":"(anonymous_22)","decl":{"start":{"line":385,"column":52},"end":{"line":385,"column":53}},"loc":{"start":{"line":385,"column":83},"end":{"line":387,"column":1}},"line":385},"23":{"name":"(anonymous_23)","decl":{"start":{"line":390,"column":58},"end":{"line":390,"column":59}},"loc":{"start":{"line":390,"column":69},"end":{"line":392,"column":1}},"line":390},"24":{"name":"(anonymous_24)","decl":{"start":{"line":399,"column":54},"end":{"line":399,"column":55}},"loc":{"start":{"line":399,"column":65},"end":{"line":401,"column":1}},"line":399},"25":{"name":"(anonymous_25)","decl":{"start":{"line":409,"column":60},"end":{"line":409,"column":61}},"loc":{"start":{"line":409,"column":71},"end":{"line":412,"column":1}},"line":409},"26":{"name":"(anonymous_26)","decl":{"start":{"line":422,"column":59},"end":{"line":422,"column":60}},"loc":{"start":{"line":422,"column":70},"end":{"line":425,"column":1}},"line":422},"27":{"name":"(anonymous_27)","decl":{"start":{"line":429,"column":54},"end":{"line":429,"column":55}},"loc":{"start":{"line":429,"column":70},"end":{"line":431,"column":1}},"line":429},"28":{"name":"(anonymous_28)","decl":{"start":{"line":445,"column":33},"end":{"line":445,"column":34}},"loc":{"start":{"line":445,"column":52},"end":{"line":447,"column":1}},"line":445},"29":{"name":"(anonymous_29)","decl":{"start":{"line":472,"column":52},"end":{"line":472,"column":53}},"loc":{"start":{"line":472,"column":82},"end":{"line":474,"column":1}},"line":472},"30":{"name":"(anonymous_30)","decl":{"start":{"line":486,"column":42},"end":{"line":486,"column":43}},"loc":{"start":{"line":486,"column":73},"end":{"line":498,"column":1}},"line":486},"31":{"name":"(anonymous_31)","decl":{"start":{"line":507,"column":51},"end":{"line":507,"column":52}},"loc":{"start":{"line":507,"column":67},"end":{"line":511,"column":1}},"line":507},"32":{"name":"(anonymous_32)","decl":{"start":{"line":521,"column":61},"end":{"line":521,"column":62}},"loc":{"start":{"line":521,"column":83},"end":{"line":547,"column":1}},"line":521},"33":{"name":"(anonymous_33)","decl":{"start":{"line":554,"column":59},"end":{"line":554,"column":60}},"loc":{"start":{"line":554,"column":70},"end":{"line":558,"column":1}},"line":554},"34":{"name":"(anonymous_34)","decl":{"start":{"line":568,"column":57},"end":{"line":568,"column":58}},"loc":{"start":{"line":568,"column":83},"end":{"line":592,"column":1}},"line":568},"35":{"name":"(anonymous_35)","decl":{"start":{"line":599,"column":56},"end":{"line":599,"column":57}},"loc":{"start":{"line":599,"column":67},"end":{"line":601,"column":1}},"line":599},"36":{"name":"(anonymous_36)","decl":{"start":{"line":605,"column":56},"end":{"line":605,"column":57}},"loc":{"start":{"line":605,"column":72},"end":{"line":607,"column":1}},"line":605},"37":{"name":"(anonymous_37)","decl":{"start":{"line":614,"column":50},"end":{"line":614,"column":51}},"loc":{"start":{"line":614,"column":61},"end":{"line":616,"column":1}},"line":614},"38":{"name":"(anonymous_38)","decl":{"start":{"line":620,"column":50},"end":{"line":620,"column":51}},"loc":{"start":{"line":620,"column":66},"end":{"line":622,"column":1}},"line":620},"39":{"name":"(anonymous_39)","decl":{"start":{"line":629,"column":58},"end":{"line":629,"column":59}},"loc":{"start":{"line":629,"column":69},"end":{"line":632,"column":1}},"line":629},"40":{"name":"(anonymous_40)","decl":{"start":{"line":636,"column":58},"end":{"line":636,"column":59}},"loc":{"start":{"line":636,"column":74},"end":{"line":638,"column":1}},"line":636},"41":{"name":"(anonymous_41)","decl":{"start":{"line":646,"column":54},"end":{"line":646,"column":55}},"loc":{"start":{"line":646,"column":85},"end":{"line":648,"column":1}},"line":646},"42":{"name":"(anonymous_42)","decl":{"start":{"line":651,"column":60},"end":{"line":651,"column":61}},"loc":{"start":{"line":651,"column":71},"end":{"line":653,"column":1}},"line":651},"43":{"name":"(anonymous_43)","decl":{"start":{"line":667,"column":41},"end":{"line":667,"column":42}},"loc":{"start":{"line":667,"column":60},"end":{"line":669,"column":1}},"line":667},"44":{"name":"(anonymous_44)","decl":{"start":{"line":687,"column":60},"end":{"line":687,"column":61}},"loc":{"start":{"line":687,"column":90},"end":{"line":689,"column":1}},"line":687},"45":{"name":"(anonymous_45)","decl":{"start":{"line":701,"column":50},"end":{"line":701,"column":51}},"loc":{"start":{"line":701,"column":81},"end":{"line":713,"column":1}},"line":701},"46":{"name":"(anonymous_46)","decl":{"start":{"line":722,"column":59},"end":{"line":722,"column":60}},"loc":{"start":{"line":722,"column":75},"end":{"line":726,"column":1}},"line":722},"47":{"name":"(anonymous_47)","decl":{"start":{"line":736,"column":69},"end":{"line":736,"column":70}},"loc":{"start":{"line":736,"column":91},"end":{"line":765,"column":1}},"line":736},"48":{"name":"(anonymous_48)","decl":{"start":{"line":772,"column":67},"end":{"line":772,"column":68}},"loc":{"start":{"line":772,"column":78},"end":{"line":776,"column":1}},"line":772},"49":{"name":"(anonymous_49)","decl":{"start":{"line":786,"column":65},"end":{"line":786,"column":66}},"loc":{"start":{"line":786,"column":91},"end":{"line":816,"column":1}},"line":786},"50":{"name":"(anonymous_50)","decl":{"start":{"line":831,"column":61},"end":{"line":831,"column":62}},"loc":{"start":{"line":831,"column":72},"end":{"line":833,"column":1}},"line":831},"51":{"name":"(anonymous_51)","decl":{"start":{"line":841,"column":67},"end":{"line":841,"column":68}},"loc":{"start":{"line":841,"column":78},"end":{"line":844,"column":1}},"line":841},"52":{"name":"(anonymous_52)","decl":{"start":{"line":854,"column":66},"end":{"line":854,"column":67}},"loc":{"start":{"line":854,"column":77},"end":{"line":857,"column":1}},"line":854},"53":{"name":"(anonymous_53)","decl":{"start":{"line":861,"column":61},"end":{"line":861,"column":62}},"loc":{"start":{"line":861,"column":77},"end":{"line":863,"column":1}},"line":861},"54":{"name":"(anonymous_54)","decl":{"start":{"line":870,"column":64},"end":{"line":870,"column":65}},"loc":{"start":{"line":870,"column":75},"end":{"line":872,"column":1}},"line":870},"55":{"name":"(anonymous_55)","decl":{"start":{"line":880,"column":70},"end":{"line":880,"column":71}},"loc":{"start":{"line":880,"column":81},"end":{"line":883,"column":1}},"line":880},"56":{"name":"(anonymous_56)","decl":{"start":{"line":893,"column":69},"end":{"line":893,"column":70}},"loc":{"start":{"line":893,"column":80},"end":{"line":896,"column":1}},"line":893},"57":{"name":"(anonymous_57)","decl":{"start":{"line":900,"column":64},"end":{"line":900,"column":65}},"loc":{"start":{"line":900,"column":80},"end":{"line":902,"column":1}},"line":900},"58":{"name":"(anonymous_58)","decl":{"start":{"line":909,"column":61},"end":{"line":909,"column":62}},"loc":{"start":{"line":909,"column":72},"end":{"line":911,"column":1}},"line":909},"59":{"name":"(anonymous_59)","decl":{"start":{"line":915,"column":61},"end":{"line":915,"column":62}},"loc":{"start":{"line":915,"column":77},"end":{"line":917,"column":1}},"line":915},"60":{"name":"(anonymous_60)","decl":{"start":{"line":924,"column":72},"end":{"line":924,"column":73}},"loc":{"start":{"line":924,"column":83},"end":{"line":926,"column":1}},"line":924},"61":{"name":"(anonymous_61)","decl":{"start":{"line":934,"column":78},"end":{"line":934,"column":79}},"loc":{"start":{"line":934,"column":89},"end":{"line":937,"column":1}},"line":934},"62":{"name":"(anonymous_62)","decl":{"start":{"line":947,"column":77},"end":{"line":947,"column":78}},"loc":{"start":{"line":947,"column":88},"end":{"line":950,"column":1}},"line":947},"63":{"name":"(anonymous_63)","decl":{"start":{"line":954,"column":72},"end":{"line":954,"column":73}},"loc":{"start":{"line":954,"column":88},"end":{"line":956,"column":1}},"line":954}},"branchMap":{"0":{"loc":{"start":{"line":34,"column":0},"end":{"line":36,"column":1}},"type":"if","locations":[{"start":{"line":34,"column":0},"end":{"line":36,"column":1}},{"start":{"line":34,"column":0},"end":{"line":36,"column":1}}],"line":34},"1":{"loc":{"start":{"line":34,"column":4},"end":{"line":34,"column":27}},"type":"binary-expr","locations":[{"start":{"line":34,"column":4},"end":{"line":34,"column":14}},{"start":{"line":34,"column":18},"end":{"line":34,"column":27}}],"line":34},"2":{"loc":{"start":{"line":39,"column":0},"end":{"line":75,"column":1}},"type":"if","locations":[{"start":{"line":39,"column":0},"end":{"line":75,"column":1}},{"start":{"line":39,"column":0},"end":{"line":75,"column":1}}],"line":39},"3":{"loc":{"start":{"line":70,"column":2},"end":{"line":72,"column":3}},"type":"if","locations":[{"start":{"line":70,"column":2},"end":{"line":72,"column":3}},{"start":{"line":70,"column":2},"end":{"line":72,"column":3}}],"line":70},"4":{"loc":{"start":{"line":99,"column":4},"end":{"line":101,"column":5}},"type":"if","locations":[{"start":{"line":99,"column":4},"end":{"line":101,"column":5}},{"start":{"line":99,"column":4},"end":{"line":101,"column":5}}],"line":99},"5":{"loc":{"start":{"line":103,"column":4},"end":{"line":115,"column":5}},"type":"switch","locations":[{"start":{"line":104,"column":4},"end":{"line":107,"column":12}},{"start":{"line":108,"column":4},"end":{"line":111,"column":12}},{"start":{"line":112,"column":4},"end":{"line":114,"column":12}}],"line":103},"6":{"loc":{"start":{"line":142,"column":2},"end":{"line":147,"column":3}},"type":"if","locations":[{"start":{"line":142,"column":2},"end":{"line":147,"column":3}},{"start":{"line":142,"column":2},"end":{"line":147,"column":3}}],"line":142},"7":{"loc":{"start":{"line":149,"column":2},"end":{"line":154,"column":3}},"type":"if","locations":[{"start":{"line":149,"column":2},"end":{"line":154,"column":3}},{"start":{"line":149,"column":2},"end":{"line":154,"column":3}}],"line":149},"8":{"loc":{"start":{"line":203,"column":0},"end":{"line":205,"column":1}},"type":"if","locations":[{"start":{"line":203,"column":0},"end":{"line":205,"column":1}},{"start":{"line":203,"column":0},"end":{"line":205,"column":1}}],"line":203},"9":{"loc":{"start":{"line":203,"column":4},"end":{"line":203,"column":27}},"type":"binary-expr","locations":[{"start":{"line":203,"column":4},"end":{"line":203,"column":14}},{"start":{"line":203,"column":18},"end":{"line":203,"column":27}}],"line":203},"10":{"loc":{"start":{"line":215,"column":0},"end":{"line":253,"column":1}},"type":"if","locations":[{"start":{"line":215,"column":0},"end":{"line":253,"column":1}},{"start":{"line":215,"column":0},"end":{"line":253,"column":1}}],"line":215},"11":{"loc":{"start":{"line":248,"column":2},"end":{"line":250,"column":3}},"type":"if","locations":[{"start":{"line":248,"column":2},"end":{"line":250,"column":3}},{"start":{"line":248,"column":2},"end":{"line":250,"column":3}}],"line":248},"12":{"loc":{"start":{"line":277,"column":4},"end":{"line":279,"column":5}},"type":"if","locations":[{"start":{"line":277,"column":4},"end":{"line":279,"column":5}},{"start":{"line":277,"column":4},"end":{"line":279,"column":5}}],"line":277},"13":{"loc":{"start":{"line":281,"column":4},"end":{"line":298,"column":5}},"type":"switch","locations":[{"start":{"line":282,"column":4},"end":{"line":285,"column":12}},{"start":{"line":286,"column":4},"end":{"line":290,"column":12}},{"start":{"line":291,"column":4},"end":{"line":294,"column":12}},{"start":{"line":295,"column":4},"end":{"line":297,"column":12}}],"line":281},"14":{"loc":{"start":{"line":325,"column":2},"end":{"line":330,"column":3}},"type":"if","locations":[{"start":{"line":325,"column":2},"end":{"line":330,"column":3}},{"start":{"line":325,"column":2},"end":{"line":330,"column":3}}],"line":325},"15":{"loc":{"start":{"line":332,"column":2},"end":{"line":338,"column":3}},"type":"if","locations":[{"start":{"line":332,"column":2},"end":{"line":338,"column":3}},{"start":{"line":332,"column":2},"end":{"line":338,"column":3}}],"line":332},"16":{"loc":{"start":{"line":340,"column":2},"end":{"line":345,"column":3}},"type":"if","locations":[{"start":{"line":340,"column":2},"end":{"line":345,"column":3}},{"start":{"line":340,"column":2},"end":{"line":345,"column":3}}],"line":340},"17":{"loc":{"start":{"line":449,"column":0},"end":{"line":451,"column":1}},"type":"if","locations":[{"start":{"line":449,"column":0},"end":{"line":451,"column":1}},{"start":{"line":449,"column":0},"end":{"line":451,"column":1}}],"line":449},"18":{"loc":{"start":{"line":449,"column":4},"end":{"line":449,"column":27}},"type":"binary-expr","locations":[{"start":{"line":449,"column":4},"end":{"line":449,"column":14}},{"start":{"line":449,"column":18},"end":{"line":449,"column":27}}],"line":449},"19":{"loc":{"start":{"line":461,"column":0},"end":{"line":499,"column":1}},"type":"if","locations":[{"start":{"line":461,"column":0},"end":{"line":499,"column":1}},{"start":{"line":461,"column":0},"end":{"line":499,"column":1}}],"line":461},"20":{"loc":{"start":{"line":494,"column":2},"end":{"line":496,"column":3}},"type":"if","locations":[{"start":{"line":494,"column":2},"end":{"line":496,"column":3}},{"start":{"line":494,"column":2},"end":{"line":496,"column":3}}],"line":494},"21":{"loc":{"start":{"line":523,"column":4},"end":{"line":525,"column":5}},"type":"if","locations":[{"start":{"line":523,"column":4},"end":{"line":525,"column":5}},{"start":{"line":523,"column":4},"end":{"line":525,"column":5}}],"line":523},"22":{"loc":{"start":{"line":527,"column":4},"end":{"line":544,"column":5}},"type":"switch","locations":[{"start":{"line":528,"column":4},"end":{"line":531,"column":12}},{"start":{"line":532,"column":4},"end":{"line":535,"column":12}},{"start":{"line":536,"column":4},"end":{"line":540,"column":12}},{"start":{"line":541,"column":4},"end":{"line":543,"column":12}}],"line":527},"23":{"loc":{"start":{"line":571,"column":2},"end":{"line":576,"column":3}},"type":"if","locations":[{"start":{"line":571,"column":2},"end":{"line":576,"column":3}},{"start":{"line":571,"column":2},"end":{"line":576,"column":3}}],"line":571},"24":{"loc":{"start":{"line":578,"column":2},"end":{"line":583,"column":3}},"type":"if","locations":[{"start":{"line":578,"column":2},"end":{"line":583,"column":3}},{"start":{"line":578,"column":2},"end":{"line":583,"column":3}}],"line":578},"25":{"loc":{"start":{"line":585,"column":2},"end":{"line":591,"column":3}},"type":"if","locations":[{"start":{"line":585,"column":2},"end":{"line":591,"column":3}},{"start":{"line":585,"column":2},"end":{"line":591,"column":3}}],"line":585},"26":{"loc":{"start":{"line":671,"column":0},"end":{"line":673,"column":1}},"type":"if","locations":[{"start":{"line":671,"column":0},"end":{"line":673,"column":1}},{"start":{"line":671,"column":0},"end":{"line":673,"column":1}}],"line":671},"27":{"loc":{"start":{"line":671,"column":4},"end":{"line":671,"column":27}},"type":"binary-expr","locations":[{"start":{"line":671,"column":4},"end":{"line":671,"column":14}},{"start":{"line":671,"column":18},"end":{"line":671,"column":27}}],"line":671},"28":{"loc":{"start":{"line":676,"column":0},"end":{"line":714,"column":1}},"type":"if","locations":[{"start":{"line":676,"column":0},"end":{"line":714,"column":1}},{"start":{"line":676,"column":0},"end":{"line":714,"column":1}}],"line":676},"29":{"loc":{"start":{"line":709,"column":2},"end":{"line":711,"column":3}},"type":"if","locations":[{"start":{"line":709,"column":2},"end":{"line":711,"column":3}},{"start":{"line":709,"column":2},"end":{"line":711,"column":3}}],"line":709},"30":{"loc":{"start":{"line":738,"column":4},"end":{"line":740,"column":5}},"type":"if","locations":[{"start":{"line":738,"column":4},"end":{"line":740,"column":5}},{"start":{"line":738,"column":4},"end":{"line":740,"column":5}}],"line":738},"31":{"loc":{"start":{"line":742,"column":4},"end":{"line":762,"column":5}},"type":"switch","locations":[{"start":{"line":743,"column":4},"end":{"line":746,"column":12}},{"start":{"line":747,"column":4},"end":{"line":750,"column":12}},{"start":{"line":751,"column":4},"end":{"line":754,"column":12}},{"start":{"line":755,"column":4},"end":{"line":758,"column":12}},{"start":{"line":759,"column":4},"end":{"line":761,"column":12}}],"line":742},"32":{"loc":{"start":{"line":789,"column":2},"end":{"line":794,"column":3}},"type":"if","locations":[{"start":{"line":789,"column":2},"end":{"line":794,"column":3}},{"start":{"line":789,"column":2},"end":{"line":794,"column":3}}],"line":789},"33":{"loc":{"start":{"line":796,"column":2},"end":{"line":801,"column":3}},"type":"if","locations":[{"start":{"line":796,"column":2},"end":{"line":801,"column":3}},{"start":{"line":796,"column":2},"end":{"line":801,"column":3}}],"line":796},"34":{"loc":{"start":{"line":803,"column":2},"end":{"line":808,"column":3}},"type":"if","locations":[{"start":{"line":803,"column":2},"end":{"line":808,"column":3}},{"start":{"line":803,"column":2},"end":{"line":808,"column":3}}],"line":803},"35":{"loc":{"start":{"line":810,"column":2},"end":{"line":815,"column":3}},"type":"if","locations":[{"start":{"line":810,"column":2},"end":{"line":815,"column":3}},{"start":{"line":810,"column":2},"end":{"line":815,"column":3}}],"line":810}},"s":{"0":0,"1":0,"2":0,"3":0,"4":0,"5":0,"6":0,"7":0,"8":0,"9":0,"10":0,"11":0,"12":0,"13":0,"14":0,"15":0,"16":0,"17":0,"18":0,"19":0,"20":0,"21":0,"22":0,"23":0,"24":0,"25":0,"26":0,"27":0,"28":0,"29":0,"30":0,"31":0,"32":0,"33":0,"34":0,"35":0,"36":0,"37":0,"38":0,"39":0,"40":0,"41":0,"42":0,"43":0,"44":0,"45":0,"46":0,"47":0,"48":0,"49":0,"50":0,"51":0,"52":0,"53":0,"54":0,"55":0,"56":0,"57":0,"58":0,"59":0,"60":0,"61":0,"62":0,"63":0,"64":0,"65":0,"66":0,"67":0,"68":0,"69":0,"70":0,"71":0,"72":0,"73":0,"74":0,"75":0,"76":0,"77":0,"78":0,"79":0,"80":0,"81":0,"82":0,"83":0,"84":0,"85":0,"86":0,"87":0,"88":0,"89":0,"90":0,"91":0,"92":0,"93":0,"94":0,"95":0,"96":0,"97":0,"98":0,"99":0,"100":0,"101":0,"102":0,"103":0,"104":0,"105":0,"106":0,"107":0,"108":0,"109":0,"110":0,"111":0,"112":0,"113":0,"114":0,"115":0,"116":0,"117":0,"118":0,"119":0,"120":0,"121":0,"122":0,"123":0,"124":0,"125":0,"126":0,"127":0,"128":0,"129":0,"130":0,"131":0,"132":0,"133":0,"134":0,"135":0,"136":0,"137":0,"138":0,"139":0,"140":0,"141":0,"142":0,"143":0,"144":0,"145":0,"146":0,"147":0,"148":0,"149":0,"150":0,"151":0,"152":0,"153":0,"154":0,"155":0,"156":0,"157":0,"158":0,"159":0,"160":0,"161":0,"162":0,"163":0,"164":0,"165":0,"166":0,"167":0,"168":0,"169":0,"170":0,"171":0,"172":0,"173":0,"174":0,"175":0,"176":0,"177":0,"178":0,"179":0,"180":0,"181":0,"182":0,"183":0,"184":0,"185":0,"186":0,"187":0,"188":0,"189":0,"190":0,"191":0,"192":0,"193":0,"194":0,"195":0,"196":0,"197":0,"198":0,"199":0,"200":0,"201":0,"202":0,"203":0,"204":0,"205":0,"206":0,"207":0,"208":0,"209":0,"210":0,"211":0,"212":0,"213":0,"214":0,"215":0,"216":0,"217":0,"218":0,"219":0,"220":0,"221":0,"222":0,"223":0,"224":0,"225":0,"226":0,"227":0,"228":0,"229":0,"230":0,"231":0,"232":0,"233":0,"234":0,"235":0,"236":0,"237":0,"238":0,"239":0,"240":0,"241":0,"242":0,"243":0,"244":0,"245":0,"246":0,"247":0,"248":0,"249":0,"250":0,"251":0,"252":0,"253":0,"254":0,"255":0,"256":0,"257":0,"258":0,"259":0,"260":0,"261":0,"262":0,"263":0,"264":0,"265":0,"266":0,"267":0,"268":0,"269":0,"270":0,"271":0,"272":0,"273":0,"274":0,"275":0,"276":0,"277":0,"278":0,"279":0,"280":0,"281":0,"282":0,"283":0,"284":0,"285":0},"f":{"0":0,"1":0,"2":0,"3":0,"4":0,"5":0,"6":0,"7":0,"8":0,"9":0,"10":0,"11":0,"12":0,"13":0,"14":0,"15":0,"16":0,"17":0,"18":0,"19":0,"20":0,"21":0,"22":0,"23":0,"24":0,"25":0,"26":0,"27":0,"28":0,"29":0,"30":0,"31":0,"32":0,"33":0,"34":0,"35":0,"36":0,"37":0,"38":0,"39":0,"40":0,"41":0,"42":0,"43":0,"44":0,"45":0,"46":0,"47":0,"48":0,"49":0,"50":0,"51":0,"52":0,"53":0,"54":0,"55":0,"56":0,"57":0,"58":0,"59":0,"60":0,"61":0,"62":0,"63":0},"b":{"0":[0,0],"1":[0,0],"2":[0,0],"3":[0,0],"4":[0,0],"5":[0,0,0],"6":[0,0],"7":[0,0],"8":[0,0],"9":[0,0],"10":[0,0],"11":[0,0],"12":[0,0],"13":[0,0,0,0],"14":[0,0],"15":[0,0],"16":[0,0],"17":[0,0],"18":[0,0],"19":[0,0],"20":[0,0],"21":[0,0],"22":[0,0,0,0],"23":[0,0],"24":[0,0],"25":[0,0],"26":[0,0],"27":[0,0],"28":[0,0],"29":[0,0],"30":[0,0],"31":[0,0,0,0,0],"32":[0,0],"33":[0,0],"34":[0,0],"35":[0,0]},"hash":"27267c5e26ebcb9db7a562f22217a7bf86c3eecb"}
,"/home/harry/projects/cashweb/ircash/src/keyserver/handler.js": {"path":"/home/harry/projects/cashweb/ircash/src/keyserver/handler.js","statementMap":{"0":{"start":{"line":6,"column":16},"end":{"line":6,"column":43}},"1":{"start":{"line":9,"column":19},"end":{"line":9,"column":43}},"2":{"start":{"line":11,"column":4},"end":{"line":11,"column":55}},"3":{"start":{"line":12,"column":4},"end":{"line":12,"column":51}},"4":{"start":{"line":17,"column":16},"end":{"line":17,"column":27}},"5":{"start":{"line":18,"column":4},"end":{"line":18,"column":33}},"6":{"start":{"line":19,"column":4},"end":{"line":19,"column":34}},"7":{"start":{"line":20,"column":18},"end":{"line":20,"column":60}},"8":{"start":{"line":22,"column":20},"end":{"line":22,"column":47}},"9":{"start":{"line":23,"column":4},"end":{"line":23,"column":30}},"10":{"start":{"line":24,"column":4},"end":{"line":24,"column":35}},"11":{"start":{"line":27,"column":19},"end":{"line":27,"column":46}},"12":{"start":{"line":28,"column":4},"end":{"line":28,"column":30}},"13":{"start":{"line":30,"column":14},"end":{"line":30,"column":39}},"14":{"start":{"line":31,"column":21},"end":{"line":31,"column":47}},"15":{"start":{"line":32,"column":15},"end":{"line":32,"column":27}},"16":{"start":{"line":33,"column":12},"end":{"line":33,"column":23}},"17":{"start":{"line":34,"column":20},"end":{"line":34,"column":37}},"18":{"start":{"line":36,"column":4},"end":{"line":38,"column":5}},"19":{"start":{"line":37,"column":6},"end":{"line":37,"column":39}},"20":{"start":{"line":39,"column":20},"end":{"line":39,"column":48}},"21":{"start":{"line":40,"column":4},"end":{"line":40,"column":29}},"22":{"start":{"line":41,"column":4},"end":{"line":41,"column":34}},"23":{"start":{"line":42,"column":4},"end":{"line":42,"column":36}},"24":{"start":{"line":43,"column":4},"end":{"line":43,"column":34}},"25":{"start":{"line":46,"column":18},"end":{"line":46,"column":47}},"26":{"start":{"line":47,"column":4},"end":{"line":47,"column":55}},"27":{"start":{"line":48,"column":4},"end":{"line":48,"column":28}},"28":{"start":{"line":49,"column":4},"end":{"line":49,"column":33}},"29":{"start":{"line":50,"column":4},"end":{"line":50,"column":32}},"30":{"start":{"line":52,"column":28},"end":{"line":52,"column":53}},"31":{"start":{"line":53,"column":18},"end":{"line":53,"column":63}},"32":{"start":{"line":54,"column":16},"end":{"line":54,"column":67}},"33":{"start":{"line":55,"column":4},"end":{"line":55,"column":16}},"34":{"start":{"line":57,"column":19},"end":{"line":57,"column":56}},"35":{"start":{"line":58,"column":14},"end":{"line":58,"column":45}},"36":{"start":{"line":59,"column":4},"end":{"line":59,"column":56}},"37":{"start":{"line":60,"column":4},"end":{"line":60,"column":30}},"38":{"start":{"line":61,"column":4},"end":{"line":61,"column":25}},"39":{"start":{"line":62,"column":4},"end":{"line":62,"column":52}},"40":{"start":{"line":64,"column":4},"end":{"line":64,"column":19}},"41":{"start":{"line":68,"column":14},"end":{"line":68,"column":41}},"42":{"start":{"line":69,"column":19},"end":{"line":75,"column":5}},"43":{"start":{"line":76,"column":4},"end":{"line":79,"column":5}},"44":{"start":{"line":77,"column":21},"end":{"line":77,"column":85}},"45":{"start":{"line":78,"column":6},"end":{"line":78,"column":21}},"46":{"start":{"line":84,"column":4},"end":{"line":84,"column":29}},"47":{"start":{"line":88,"column":14},"end":{"line":88,"column":59}},"48":{"start":{"line":89,"column":4},"end":{"line":89,"column":44}},"49":{"start":{"line":94,"column":17},"end":{"line":94,"column":36}},"50":{"start":{"line":95,"column":4},"end":{"line":95,"column":55}},"51":{"start":{"line":99,"column":22},"end":{"line":99,"column":48}},"52":{"start":{"line":100,"column":14},"end":{"line":100,"column":56}},"53":{"start":{"line":101,"column":4},"end":{"line":112,"column":5}},"54":{"start":{"line":102,"column":6},"end":{"line":109,"column":8}}},"fnMap":{"0":{"name":"(anonymous_0)","decl":{"start":{"line":10,"column":2},"end":{"line":10,"column":3}},"loc":{"start":{"line":10,"column":46},"end":{"line":13,"column":3}},"line":10},"1":{"name":"(anonymous_1)","decl":{"start":{"line":15,"column":2},"end":{"line":15,"column":3}},"loc":{"start":{"line":15,"column":53},"end":{"line":65,"column":3}},"line":15},"2":{"name":"(anonymous_2)","decl":{"start":{"line":67,"column":2},"end":{"line":67,"column":3}},"loc":{"start":{"line":67,"column":47},"end":{"line":80,"column":3}},"line":67},"3":{"name":"(anonymous_3)","decl":{"start":{"line":82,"column":2},"end":{"line":82,"column":3}},"loc":{"start":{"line":82,"column":18},"end":{"line":85,"column":3}},"line":82},"4":{"name":"(anonymous_4)","decl":{"start":{"line":87,"column":2},"end":{"line":87,"column":3}},"loc":{"start":{"line":87,"column":48},"end":{"line":90,"column":3}},"line":87},"5":{"name":"(anonymous_5)","decl":{"start":{"line":92,"column":2},"end":{"line":92,"column":3}},"loc":{"start":{"line":92,"column":29},"end":{"line":96,"column":3}},"line":92},"6":{"name":"(anonymous_6)","decl":{"start":{"line":98,"column":2},"end":{"line":98,"column":3}},"loc":{"start":{"line":98,"column":59},"end":{"line":113,"column":3}},"line":98}},"branchMap":{"0":{"loc":{"start":{"line":11,"column":22},"end":{"line":11,"column":55}},"type":"binary-expr","locations":[{"start":{"line":11,"column":22},"end":{"line":11,"column":32}},{"start":{"line":11,"column":36},"end":{"line":11,"column":55}}],"line":11},"1":{"loc":{"start":{"line":12,"column":29},"end":{"line":12,"column":51}},"type":"binary-expr","locations":[{"start":{"line":12,"column":29},"end":{"line":12,"column":46}},{"start":{"line":12,"column":50},"end":{"line":12,"column":51}}],"line":12},"2":{"loc":{"start":{"line":76,"column":4},"end":{"line":79,"column":5}},"type":"if","locations":[{"start":{"line":76,"column":4},"end":{"line":79,"column":5}},{"start":{"line":76,"column":4},"end":{"line":79,"column":5}}],"line":76}},"s":{"0":0,"1":0,"2":0,"3":0,"4":0,"5":0,"6":0,"7":0,"8":0,"9":0,"10":0,"11":0,"12":0,"13":0,"14":0,"15":0,"16":0,"17":0,"18":0,"19":0,"20":0,"21":0,"22":0,"23":0,"24":0,"25":0,"26":0,"27":0,"28":0,"29":0,"30":0,"31":0,"32":0,"33":0,"34":0,"35":0,"36":0,"37":0,"38":0,"39":0,"40":0,"41":0,"42":0,"43":0,"44":0,"45":0,"46":0,"47":0,"48":0,"49":0,"50":0,"51":0,"52":0,"53":0,"54":0},"f":{"0":0,"1":0,"2":0,"3":0,"4":0,"5":0,"6":0},"b":{"0":[0,0],"1":[0,0],"2":[0,0]},"hash":"6f1de498b0251a4b72bbe91c4d4febd32ecb7cdc"}
,"/home/harry/projects/cashweb/ircash/src/layouts/MainLayout.vue": {"path":"/home/harry/projects/cashweb/ircash/src/layouts/MainLayout.vue","statementMap":{"0":{"start":{"line":25,"column":0},"end":{"line":25,"column":null}},"1":{"start":{"line":26,"column":0},"end":{"line":26,"column":null}},"2":{"start":{"line":27,"column":0},"end":{"line":27,"column":null}},"3":{"start":{"line":28,"column":0},"end":{"line":28,"column":null}},"4":{"start":{"line":29,"column":0},"end":{"line":29,"column":null}},"5":{"start":{"line":30,"column":0},"end":{"line":30,"column":null}},"6":{"start":{"line":51,"column":0},"end":{"line":51,"column":null}},"7":{"start":{"line":54,"column":0},"end":{"line":54,"column":null}}},"fnMap":{"0":{"name":"get","decl":{"start":{"line":50,"column":0},"end":{"line":50,"column":null}},"loc":{"start":{"line":50,"column":0},"end":{"line":52,"column":null}}},"1":{"name":"set","decl":{"start":{"line":53,"column":0},"end":{"line":53,"column":null}},"loc":{"start":{"line":53,"column":0},"end":{"line":55,"column":null}}}},"branchMap":{},"s":{"0":0,"1":0,"2":0,"3":0,"4":0,"5":0,"6":0,"7":0},"f":{"0":0,"1":0},"b":{}}
,"/home/harry/projects/cashweb/ircash/src/layouts/SetupLayout.vue": {"path":"/home/harry/projects/cashweb/ircash/src/layouts/SetupLayout.vue","statementMap":{"0":{"start":{"line":12,"column":0},"end":{"line":12,"column":null}},"1":{"start":{"line":16,"column":0},"end":{"line":16,"column":null}}},"fnMap":{"0":{"name":"data","decl":{"start":{"line":15,"column":0},"end":{"line":15,"column":null}},"loc":{"start":{"line":15,"column":0},"end":{"line":19,"column":null}}}},"branchMap":{},"s":{"0":0,"1":0},"f":{"0":0},"b":{}}
,"/home/harry/projects/cashweb/ircash/src/pages/Chat.vue": {"path":"/home/harry/projects/cashweb/ircash/src/pages/Chat.vue","statementMap":{"0":{"start":{"line":49,"column":0},"end":{"line":49,"column":null}},"1":{"start":{"line":50,"column":0},"end":{"line":50,"column":null}},"2":{"start":{"line":58,"column":0},"end":{"line":58,"column":null}},"3":{"start":{"line":59,"column":0},"end":{"line":59,"column":null}},"4":{"start":{"line":60,"column":0},"end":{"line":60,"column":null}},"5":{"start":{"line":61,"column":0},"end":{"line":61,"column":null}},"6":{"start":{"line":62,"column":0},"end":{"line":62,"column":null}},"7":{"start":{"line":68,"column":0},"end":{"line":72,"column":null}},"8":{"start":{"line":69,"column":0},"end":{"line":69,"column":null}},"9":{"start":{"line":71,"column":0},"end":{"line":71,"column":null}},"10":{"start":{"line":76,"column":0},"end":{"line":76,"column":null}}},"fnMap":{"0":{"name":"sendMessage","decl":{"start":{"line":58,"column":0},"end":{"line":58,"column":null}},"loc":{"start":{"line":58,"column":0},"end":{"line":63,"column":null}}},"1":{"name":"(anonymous_7)","decl":{"start":{"line":62,"column":0},"end":{"line":62,"column":null}},"loc":{"start":{"line":62,"column":0},"end":{"line":62,"column":null}}},"2":{"name":"messages","decl":{"start":{"line":67,"column":0},"end":{"line":67,"column":null}},"loc":{"start":{"line":67,"column":0},"end":{"line":73,"column":null}}},"3":{"name":"data","decl":{"start":{"line":75,"column":0},"end":{"line":75,"column":null}},"loc":{"start":{"line":75,"column":0},"end":{"line":79,"column":null}}}},"branchMap":{"0":{"loc":{"start":{"line":68,"column":0},"end":{"line":72,"column":null}},"type":"if","locations":[{"start":{"line":68,"column":0},"end":{"line":72,"column":null}},{"start":{"line":68,"column":0},"end":{"line":72,"column":null}}]}},"s":{"0":0,"1":0,"2":0,"3":0,"4":0,"5":0,"6":0,"7":0,"8":0,"9":0,"10":0},"f":{"0":0,"1":0,"2":0,"3":0},"b":{"0":[0,0]}}
,"/home/harry/projects/cashweb/ircash/src/pages/Setup.vue": {"path":"/home/harry/projects/cashweb/ircash/src/pages/Setup.vue","statementMap":{"0":{"start":{"line":364,"column":0},"end":{"line":364,"column":null}},"1":{"start":{"line":365,"column":0},"end":{"line":365,"column":null}},"2":{"start":{"line":366,"column":0},"end":{"line":366,"column":null}},"3":{"start":{"line":367,"column":0},"end":{"line":367,"column":null}},"4":{"start":{"line":368,"column":0},"end":{"line":368,"column":null}},"5":{"start":{"line":369,"column":0},"end":{"line":369,"column":null}},"6":{"start":{"line":372,"column":0},"end":{"line":372,"column":null}},"7":{"start":{"line":374,"column":0},"end":{"line":374,"column":null}},"8":{"start":{"line":375,"column":0},"end":{"line":375,"column":null}},"9":{"start":{"line":377,"column":0},"end":{"line":377,"column":null}},"10":{"start":{"line":378,"column":0},"end":{"line":378,"column":null}},"11":{"start":{"line":382,"column":0},"end":{"line":382,"column":null}},"12":{"start":{"line":409,"column":0},"end":{"line":409,"column":null}},"13":{"start":{"line":410,"column":0},"end":{"line":412,"column":null}},"14":{"start":{"line":411,"column":0},"end":{"line":411,"column":null}},"15":{"start":{"line":413,"column":0},"end":{"line":413,"column":null}},"16":{"start":{"line":414,"column":0},"end":{"line":414,"column":null}},"17":{"start":{"line":415,"column":0},"end":{"line":417,"column":null}},"18":{"start":{"line":416,"column":0},"end":{"line":416,"column":null}},"19":{"start":{"line":400,"column":0},"end":{"line":400,"column":null}},"20":{"start":{"line":422,"column":0},"end":{"line":422,"column":null}},"21":{"start":{"line":428,"column":0},"end":{"line":428,"column":null}},"22":{"start":{"line":429,"column":0},"end":{"line":429,"column":null}},"23":{"start":{"line":430,"column":0},"end":{"line":430,"column":null}},"24":{"start":{"line":435,"column":0},"end":{"line":435,"column":null}},"25":{"start":{"line":436,"column":0},"end":{"line":436,"column":null}},"26":{"start":{"line":437,"column":0},"end":{"line":437,"column":null}},"27":{"start":{"line":438,"column":0},"end":{"line":438,"column":null}},"28":{"start":{"line":442,"column":0},"end":{"line":442,"column":null}},"29":{"start":{"line":448,"column":0},"end":{"line":448,"column":null}},"30":{"start":{"line":449,"column":0},"end":{"line":449,"column":null}},"31":{"start":{"line":453,"column":0},"end":{"line":453,"column":null}},"32":{"start":{"line":457,"column":0},"end":{"line":457,"column":null}},"33":{"start":{"line":463,"column":0},"end":{"line":463,"column":null}},"34":{"start":{"line":464,"column":0},"end":{"line":464,"column":null}},"35":{"start":{"line":467,"column":0},"end":{"line":467,"column":null}},"36":{"start":{"line":472,"column":0},"end":{"line":472,"column":null}},"37":{"start":{"line":473,"column":0},"end":{"line":473,"column":null}},"38":{"start":{"line":474,"column":0},"end":{"line":474,"column":null}},"39":{"start":{"line":479,"column":0},"end":{"line":479,"column":null}},"40":{"start":{"line":481,"column":0},"end":{"line":481,"column":null}},"41":{"start":{"line":483,"column":0},"end":{"line":483,"column":null}},"42":{"start":{"line":489,"column":0},"end":{"line":489,"column":null}},"43":{"start":{"line":490,"column":0},"end":{"line":490,"column":null}},"44":{"start":{"line":493,"column":0},"end":{"line":493,"column":null}},"45":{"start":{"line":495,"column":0},"end":{"line":495,"column":null}},"46":{"start":{"line":496,"column":0},"end":{"line":496,"column":null}},"47":{"start":{"line":497,"column":0},"end":{"line":497,"column":null}},"48":{"start":{"line":500,"column":0},"end":{"line":500,"column":null}},"49":{"start":{"line":504,"column":0},"end":{"line":504,"column":null}},"50":{"start":{"line":508,"column":0},"end":{"line":508,"column":null}},"51":{"start":{"line":509,"column":0},"end":{"line":509,"column":null}},"52":{"start":{"line":510,"column":0},"end":{"line":510,"column":null}},"53":{"start":{"line":513,"column":0},"end":{"line":513,"column":null}},"54":{"start":{"line":514,"column":0},"end":{"line":514,"column":null}},"55":{"start":{"line":515,"column":0},"end":{"line":515,"column":null}},"56":{"start":{"line":516,"column":0},"end":{"line":516,"column":null}},"57":{"start":{"line":517,"column":0},"end":{"line":517,"column":null}},"58":{"start":{"line":518,"column":0},"end":{"line":518,"column":null}},"59":{"start":{"line":519,"column":0},"end":{"line":519,"column":null}},"60":{"start":{"line":526,"column":0},"end":{"line":526,"column":null}},"61":{"start":{"line":527,"column":0},"end":{"line":527,"column":null}},"62":{"start":{"line":528,"column":0},"end":{"line":528,"column":null}},"63":{"start":{"line":529,"column":0},"end":{"line":529,"column":null}},"64":{"start":{"line":530,"column":0},"end":{"line":530,"column":null}},"65":{"start":{"line":531,"column":0},"end":{"line":531,"column":null}},"66":{"start":{"line":532,"column":0},"end":{"line":532,"column":null}},"67":{"start":{"lin
[...]
ne":162,"column":8},"end":{"line":162,"column":9}},"loc":{"start":{"line":162,"column":48},"end":{"line":166,"column":9}},"line":162},"30":{"name":"(anonymous_30)","decl":{"start":{"line":163,"column":22},"end":{"line":163,"column":23}},"loc":{"start":{"line":163,"column":28},"end":{"line":165,"column":11}},"line":163},"31":{"name":"(anonymous_31)","decl":{"start":{"line":167,"column":8},"end":{"line":167,"column":9}},"loc":{"start":{"line":167,"column":68},"end":{"line":182,"column":9}},"line":167},"32":{"name":"(anonymous_32)","decl":{"start":{"line":183,"column":8},"end":{"line":183,"column":9}},"loc":{"start":{"line":183,"column":39},"end":{"line":185,"column":9}},"line":183},"33":{"name":"(anonymous_33)","decl":{"start":{"line":186,"column":8},"end":{"line":186,"column":9}},"loc":{"start":{"line":186,"column":37},"end":{"line":188,"column":9}},"line":186},"34":{"name":"(anonymous_34)","decl":{"start":{"line":189,"column":8},"end":{"line":189,"column":9}},"loc":{"start":{"line":189,"column":34},"end":{"line":191,"column":9}},"line":189},"35":{"name":"(anonymous_35)","decl":{"start":{"line":192,"column":8},"end":{"line":192,"column":9}},"loc":{"start":{"line":192,"column":38},"end":{"line":194,"column":9}},"line":192},"36":{"name":"(anonymous_36)","decl":{"start":{"line":195,"column":8},"end":{"line":195,"column":9}},"loc":{"start":{"line":195,"column":67},"end":{"line":244,"column":9}},"line":195},"37":{"name":"(anonymous_37)","decl":{"start":{"line":253,"column":8},"end":{"line":253,"column":9}},"loc":{"start":{"line":253,"column":36},"end":{"line":255,"column":9}},"line":253},"38":{"name":"(anonymous_38)","decl":{"start":{"line":258,"column":8},"end":{"line":258,"column":9}},"loc":{"start":{"line":258,"column":41},"end":{"line":260,"column":9}},"line":258},"39":{"name":"(anonymous_39)","decl":{"start":{"line":263,"column":8},"end":{"line":263,"column":9}},"loc":{"start":{"line":263,"column":27},"end":{"line":265,"column":9}},"line":263},"40":{"name":"(anonymous_40)","decl":{"start":{"line":275,"column":8},"end":{"line":275,"column":9}},"loc":{"start":{"line":275,"column":34},"end":{"line":277,"column":9}},"line":275},"41":{"name":"(anonymous_41)","decl":{"start":{"line":278,"column":8},"end":{"line":278,"column":9}},"loc":{"start":{"line":278,"column":32},"end":{"line":280,"column":9}},"line":278},"42":{"name":"(anonymous_42)","decl":{"start":{"line":283,"column":8},"end":{"line":283,"column":9}},"loc":{"start":{"line":283,"column":39},"end":{"line":285,"column":9}},"line":283},"43":{"name":"(anonymous_43)","decl":{"start":{"line":286,"column":8},"end":{"line":286,"column":9}},"loc":{"start":{"line":286,"column":37},"end":{"line":288,"column":9}},"line":286},"44":{"name":"(anonymous_44)","decl":{"start":{"line":291,"column":8},"end":{"line":291,"column":9}},"loc":{"start":{"line":291,"column":26},"end":{"line":293,"column":9}},"line":291},"45":{"name":"(anonymous_45)","decl":{"start":{"line":294,"column":8},"end":{"line":294,"column":9}},"loc":{"start":{"line":294,"column":25},"end":{"line":296,"column":9}},"line":294},"46":{"name":"(anonymous_46)","decl":{"start":{"line":309,"column":8},"end":{"line":309,"column":9}},"loc":{"start":{"line":309,"column":30},"end":{"line":311,"column":9}},"line":309},"47":{"name":"(anonymous_47)","decl":{"start":{"line":312,"column":8},"end":{"line":312,"column":9}},"loc":{"start":{"line":312,"column":22},"end":{"line":317,"column":9}},"line":312},"48":{"name":"(anonymous_48)","decl":{"start":{"line":318,"column":8},"end":{"line":318,"column":9}},"loc":{"start":{"line":318,"column":58},"end":{"line":326,"column":9}},"line":318},"49":{"name":"(anonymous_49)","decl":{"start":{"line":327,"column":8},"end":{"line":327,"column":9}},"loc":{"start":{"line":327,"column":52},"end":{"line":333,"column":9}},"line":327},"50":{"name":"(anonymous_50)","decl":{"start":{"line":334,"column":8},"end":{"line":334,"column":9}},"loc":{"start":{"line":334,"column":38},"end":{"line":337,"column":9}},"line":334},"51":{"name":"(anonymous_51)","decl":{"start":{"line":338,"column":8},"end":{"line":338,"column":9}},"loc":{"start":{"line":338,"column":29},"end":{"line":343,"column":9}},"line":338},"52":{"name":"(anonymous_52)","decl":{"start":{"line":346,"column":8},"end":{"line":346,"column":9}},"loc":{"start":{"line":346,"column":35},"end":{"line":348,"column":9}},"line":346},"53":{"name":"(anonymous_53)","decl":{"start":{"line":349,"column":8},"end":{"line":349,"column":9}},"loc":{"start":{"line":349,"column":27},"end":{"line":351,"column":9}},"line":349},"54":{"name":"(anonymous_54)","decl":{"start":{"line":352,"column":8},"end":{"line":352,"column":9}},"loc":{"start":{"line":352,"column":34},"end":{"line":354,"column":9}},"line":352},"55":{"name":"(anonymous_55)","decl":{"start":{"line":356,"column":8},"end":{"line":356,"column":9}},"loc":{"start":{"line":356,"column":43},"end":{"line":358,"column":9}},"line":356},"56":{"name":"(anonymous_56)","decl":{"start":{"line":359,"column":8},"end":{"line":359,"column":9}},"loc":{"start":{"line":359,"column":50},"end":{"line":363,"column":9}},"line":359},"57":{"name":"(anonymous_57)","decl":{"start":{"line":364,"column":8},"end":{"line":364,"column":9}},"loc":{"start":{"line":364,"column":42},"end":{"line":370,"column":9}},"line":364},"58":{"name":"(anonymous_58)","decl":{"start":{"line":371,"column":8},"end":{"line":371,"column":9}},"loc":{"start":{"line":371,"column":43},"end":{"line":380,"column":9}},"line":371},"59":{"name":"(anonymous_59)","decl":{"start":{"line":381,"column":8},"end":{"line":381,"column":9}},"loc":{"start":{"line":381,"column":52},"end":{"line":390,"column":9}},"line":381},"60":{"name":"(anonymous_60)","decl":{"start":{"line":383,"column":68},"end":{"line":383,"column":69}},"loc":{"start":{"line":383,"column":86},"end":{"line":386,"column":11}},"line":383},"61":{"name":"(anonymous_61)","decl":{"start":{"line":391,"column":8},"end":{"line":391,"column":9}},"loc":{"start":{"line":391,"column":33},"end":{"line":393,"column":9}},"line":391},"62":{"name":"(anonymous_62)","decl":{"start":{"line":396,"column":8},"end":{"line":396,"column":9}},"loc":{"start":{"line":396,"column":32},"end":{"line":398,"column":9}},"line":396},"63":{"name":"(anonymous_63)","decl":{"start":{"line":399,"column":8},"end":{"line":399,"column":9}},"loc":{"start":{"line":399,"column":27},"end":{"line":401,"column":9}},"line":399},"64":{"name":"(anonymous_64)","decl":{"start":{"line":402,"column":8},"end":{"line":402,"column":9}},"loc":{"start":{"line":402,"column":35},"end":{"line":404,"column":9}},"line":402},"65":{"name":"(anonymous_65)","decl":{"start":{"line":405,"column":27},"end":{"line":405,"column":28}},"loc":{"start":{"line":405,"column":38},"end":{"line":412,"column":9}},"line":405},"66":{"name":"(anonymous_66)","decl":{"start":{"line":405,"column":38},"end":{"line":405,"column":39}},"loc":{"start":{"line":405,"column":50},"end":{"line":412,"column":9}},"line":405},"67":{"name":"(anonymous_67)","decl":{"start":{"line":413,"column":8},"end":{"line":413,"column":9}},"loc":{"start":{"line":413,"column":29},"end":{"line":415,"column":9}},"line":413},"68":{"name":"(anonymous_68)","decl":{"start":{"line":416,"column":8},"end":{"line":416,"column":9}},"loc":{"start":{"line":416,"column":32},"end":{"line":418,"column":9}},"line":416},"69":{"name":"(anonymous_69)","decl":{"start":{"line":419,"column":8},"end":{"line":419,"column":9}},"loc":{"start":{"line":419,"column":29},"end":{"line":421,"column":9}},"line":419},"70":{"name":"(anonymous_70)","decl":{"start":{"line":431,"column":8},"end":{"line":431,"column":9}},"loc":{"start":{"line":431,"column":34},"end":{"line":433,"column":9}},"line":431},"71":{"name":"(anonymous_71)","decl":{"start":{"line":434,"column":8},"end":{"line":434,"column":9}},"loc":{"start":{"line":434,"column":40},"end":{"line":436,"column":9}},"line":434},"72":{"name":"(anonymous_72)","decl":{"start":{"line":439,"column":8},"end":{"line":439,"column":9}},"loc":{"start":{"line":439,"column":45},"end":{"line":441,"column":9}},"line":439},"73":{"name":"(anonymous_73)","decl":{"start":{"line":442,"column":8},"end":{"line":442,"column":9}},"loc":{"start":{"line":442,"column":49},"end":{"line":447,"column":9}},"line":442},"74":{"name":"(anonymous_74)","decl":{"start":{"line":443,"column":32},"end":{"line":443,"column":33}},"loc":{"start":{"line":443,"column":38},"end":{"line":445,"column":11}},"line":443},"75":{"name":"(anonymous_75)","decl":{"start":{"line":445,"column":19},"end":{"line":445,"column":20}},"loc":{"start":{"line":445,"column":25},"end":{"line":445,"column":56}},"line":445},"76":{"name":"(anonymous_76)","decl":{"start":{"line":450,"column":8},"end":{"line":450,"column":9}},"loc":{"start":{"line":450,"column":26},"end":{"line":452,"column":9}},"line":450},"77":{"name":"(anonymous_77)","decl":{"start":{"line":453,"column":8},"end":{"line":453,"column":9}},"loc":{"start":{"line":453,"column":26},"end":{"line":455,"column":9}},"line":453},"78":{"name":"(anonymous_78)","decl":{"start":{"line":472,"column":20},"end":{"line":472,"column":21}},"loc":{"start":{"line":472,"column":31},"end":{"line":474,"column":9}},"line":472},"79":{"name":"(anonymous_79)","decl":{"start":{"line":472,"column":31},"end":{"line":472,"column":32}},"loc":{"start":{"line":472,"column":41},"end":{"line":474,"column":9}},"line":472},"80":{"name":"(anonymous_80)","decl":{"start":{"line":477,"column":8},"end":{"line":477,"column":9}},"loc":{"start":{"line":477,"column":49},"end":{"line":479,"column":9}},"line":477},"81":{"name":"(anonymous_81)","decl":{"start":{"line":480,"column":8},"end":{"line":480,"column":9}},"loc":{"start":{"line":480,"column":36},"end":{"line":482,"column":9}},"line":480},"82":{"name":"(anonymous_82)","decl":{"start":{"line":485,"column":8},"end":{"line":485,"column":9}},"loc":{"start":{"line":485,"column":61},"end":{"line":503,"column":9}},"line":485},"83":{"name":"(anonymous_83)","decl":{"start":{"line":504,"column":8},"end":{"line":504,"column":9}},"loc":{"start":{"line":504,"column":41},"end":{"line":508,"column":9}},"line":504},"84":{"name":"(anonymous_84)","decl":{"start":{"line":509,"column":8},"end":{"line":509,"column":9}},"loc":{"start":{"line":509,"column":41},"end":{"line":571,"column":9}},"line":509},"85":{"name":"isVCard","decl":{"start":{"line":518,"column":19},"end":{"line":518,"column":26}},"loc":{"start":{"line":518,"column":35},"end":{"line":520,"column":11}},"line":518},"86":{"name":"isAvatar","decl":{"start":{"line":536,"column":19},"end":{"line":536,"column":27}},"loc":{"start":{"line":536,"column":36},"end":{"line":538,"column":11}},"line":536},"87":{"name":"_arrayBufferToBase64","decl":{"start":{"line":541,"column":19},"end":{"line":541,"column":39}},"loc":{"start":{"line":541,"column":49},"end":{"line":549,"column":11}},"line":541},"88":{"name":"(anonymous_88)","decl":{"start":{"line":572,"column":8},"end":{"line":572,"column":9}},"loc":{"start":{"line":572,"column":51},"end":{"line":578,"column":9}},"line":572},"89":{"name":"(anonymous_89)","decl":{"start":{"line":573,"column":22},"end":{"line":573,"column":23}},"loc":{"start":{"line":573,"column":28},"end":{"line":577,"column":11}},"line":573},"90":{"name":"(anonymous_90)","decl":{"start":{"line":590,"column":8},"end":{"line":590,"column":9}},"loc":{"start":{"line":590,"column":29},"end":{"line":592,"column":9}},"line":590},"91":{"name":"(anonymous_91)","decl":{"start":{"line":593,"column":8},"end":{"line":593,"column":9}},"loc":{"start":{"line":593,"column":35},"end":{"line":595,"column":9}},"line":593},"92":{"name":"(anonymous_92)","decl":{"start":{"line":598,"column":8},"end":{"line":598,"column":9}},"loc":{"start":{"line":598,"column":52},"end":{"line":602,"column":9}},"line":598},"93":{"name":"(anonymous_93)","decl":{"start":{"line":603,"column":8},"end":{"line":603,"column":9}},"loc":{"start":{"line":603,"column":40},"end":{"line":605,"column":9}},"line":603},"94":{"name":"(anonymous_94)","decl":{"start":{"line":608,"column":8},"end":{"line":608,"column":9}},"loc":{"start":{"line":608,"column":43},"end":{"line":610,"column":9}},"line":608},"95":{"name":"(anonymous_95)","decl":{"start":{"line":611,"column":8},"end":{"line":611,"column":9}},"loc":{"start":{"line":611,"column":45},"end":{"line":613,"column":9}},"line":611},"96":{"name":"(anonymous_96)","decl":{"start":{"line":621,"column":8},"end":{"line":621,"column":9}},"loc":{"start":{"line":621,"column":40},"end":{"line":623,"column":9}},"line":621},"97":{"name":"(anonymous_97)","decl":{"start":{"line":626,"column":8},"end":{"line":626,"column":9}},"loc":{"start":{"line":626,"column":33},"end":{"line":628,"column":9}},"line":626},"98":{"name":"(anonymous_98)","decl":{"start":{"line":631,"column":8},"end":{"line":631,"column":9}},"loc":{"start":{"line":631,"column":43},"end":{"line":633,"column":9}},"line":631},"99":{"name":"(anonymous_99)","decl":{"start":{"line":641,"column":8},"end":{"line":641,"column":9}},"loc":{"start":{"line":641,"column":28},"end":{"line":643,"column":9}},"line":641},"100":{"name":"(anonymous_100)","decl":{"start":{"line":646,"column":8},"end":{"line":646,"column":9}},"loc":{"start":{"line":646,"column":32},"end":{"line":650,"column":9}},"line":646},"101":{"name":"(anonymous_101)","decl":{"start":{"line":647,"column":22},"end":{"line":647,"column":23}},"loc":{"start":{"line":647,"column":28},"end":{"line":649,"column":11}},"line":647},"102":{"name":"(anonymous_102)","decl":{"start":{"line":651,"column":8},"end":{"line":651,"column":9}},"loc":{"start":{"line":651,"column":33},"end":{"line":653,"column":9}},"line":651},"103":{"name":"(anonymous_103)","decl":{"start":{"line":656,"column":8},"end":{"line":656,"column":9}},"loc":{"start":{"line":656,"column":28},"end":{"line":658,"column":9}},"line":656}},"branchMap":{"0":{"loc":{"start":{"line":92,"column":10},"end":{"line":96,"column":11}},"type":"if","locations":[{"start":{"line":92,"column":10},"end":{"line":96,"column":11}},{"start":{"line":92,"column":10},"end":{"line":96,"column":11}}],"line":92},"1":{"loc":{"start":{"line":132,"column":10},"end":{"line":134,"column":11}},"type":"if","locations":[{"start":{"line":132,"column":10},"end":{"line":134,"column":11}},{"start":{"line":132,"column":10},"end":{"line":134,"column":11}}],"line":132},"2":{"loc":{"start":{"line":196,"column":10},"end":{"line":198,"column":11}},"type":"if","locations":[{"start":{"line":196,"column":10},"end":{"line":198,"column":11}},{"start":{"line":196,"column":10},"end":{"line":198,"column":11}}],"line":196},"3":{"loc":{"start":{"line":201,"column":29},"end":{"line":201,"column":60}},"type":"binary-expr","locations":[{"start":{"line":201,"column":29},"end":{"line":201,"column":55}},{"start":{"line":201,"column":59},"end":{"line":201,"column":60}}],"line":201},"4":{"loc":{"start":{"line":205,"column":10},"end":{"line":213,"column":11}},"type":"if","locations":[{"start":{"line":205,"column":10},"end":{"line":213,"column":11}},{"start":{"line":205,"column":10},"end":{"line":213,"column":11}}],"line":205},"5":{"loc":{"start":{"line":240,"column":12},"end":{"line":242,"column":13}},"type":"if","locations":[{"start":{"line":240,"column":12},"end":{"line":242,"column":13}},{"start":{"line":240,"column":12},"end":{"line":242,"column":13}}],"line":240},"6":{"loc":{"start":{"line":319,"column":10},"end":{"line":324,"column":11}},"type":"if","locations":[{"start":{"line":319,"column":10},"end":{"line":324,"column":11}},{"start":{"line":319,"column":10},"end":{"line":324,"column":11}}],"line":319},"7":{"loc":{"start":{"line":328,"column":10},"end":{"line":332,"column":11}},"type":"if","locations":[{"start":{"line":328,"column":10},"end":{"line":332,"column":11}},{"start":{"line":328,"column":10},"end":{"line":332,"column":11}}],"line":328},"8":{"loc":{"start":{"line":339,"column":10},"end":{"line":342,"column":11}},"type":"if","locations":[{"start":{"line":339,"column":10},"end":{"line":342,"column":11}},{"start":{"line":339,"column":10},"end":{"line":342,"column":11}}],"line":339},"9":{"loc":{"start":{"line":406,"column":10},"end":{"line":411,"column":11}},"type":"if","locations":[{"start":{"line":406,"column":10},"end":{"line":411,"column":11}},{"start":{"line":406,"column":10},"end":{"line":411,"column":11}}],"line":406},"10":{"loc":{"start":{"line":488,"column":10},"end":{"line":492,"column":11}},"type":"if","locations":[{"start":{"line":488,"column":10},"end":{"line":492,"column":11}},{"start":{"line":488,"column":10},"end":{"line":492,"column":11}}],"line":488}},"s":{"0":0,"1":0,"2":0,"3":0,"4":0,"5":0,"6":0,"7":0,"8":0,"9":0,"10":0,"11":0,"12":0,"13":0,"14":0,"15":0,"16":0,"17":0,"18":0,"19":0,"20":0,"21":0,"22":0,"23":0,"24":0,"25":0,"26":0,"27":0,"28":0,"29":0,"30":0,"31":0,"32":0,"33":0,"34":0,"35":0,"36":0,"37":0,"38":0,"39":0,"40":0,"41":0,"42":0,"43":0,"44":0,"45":0,"46":0,"47":0,"48":0,"49":0,"50":0,"51":0,"52":0,"53":0,"54":0,"55":0,"56":0,"57":0,"58":0,"59":0,"60":0,"61":0,"62":0,"63":0,"64":0,"65":0,"66":0,"67":0,"68":0,"69":0,"70":0,"71":0,"72":0,"73":0,"74":0,"75":0,"76":0,"77":0,"78":0,"79":0,"80":0,"81":0,"82":0,"83":0,"84":0,"85":0,"86":0,"87":0,"88":0,"89":0,"90":0,"91":0,"92":0,"93":0,"94":0,"95":0,"96":0,"97":0,"98":0,"99":0,"100":0,"101":0,"102":0,"103":0,"104":0,"105":0,"106":0,"107":0,"108":0,"109":0,"110":0,"111":0,"112":0,"113":0,"114":0,"115":0,"116":0,"117":0,"118":0,"119":0,"120":0,"121":0,"122":0,"123":0,"124":0,"125":0,"126":0,"127":0,"128":0,"129":0,"130":0,"131":0,"132":0,"133":0,"134":0,"135":0,"136":0,"137":0,"138":0,"139":0,"140":0,"141":0,"142":0,"143":0,"144":0,"145":0,"146":0,"147":0,"148":0,"149":0,"150":0,"151":0,"152":0,"153":0,"154":0,"155":0,"156":0,"157":0,"158":0,"159":0,"160":0,"161":0,"162":0,"163":0,"164":0,"165":0,"166":0,"167":0,"168":0,"169":0,"170":0,"171":0,"172":0,"173":0,"174":0,"175":0,"176":0,"177":0,"178":0,"179":0,"180":0,"181":0,"182":0,"183":0,"184":0,"185":0,"186":0,"187":0,"188":0,"189":0,"190":0,"191":0,"192":0,"193":0,"194":0,"195":0,"196":0,"197":0,"198":0,"199":0,"200":0,"201":0,"202":0,"203":0,"204":0,"205":0,"206":0,"207":0,"208":0,"209":0,"210":0,"211":0,"212":0,"213":0,"214":0,"215":0,"216":0,"217":0,"218":0,"219":0,"220":0,"221":0,"222":0,"223":0,"224":0,"225":0,"226":0},"f":{"0":0,"1":0,"2":0,"3":0,"4":0,"5":0,"6":0,"7":0,"8":0,"9":0,"10":0,"11":0,"12":0,"13":0,"14":0,"15":0,"16":0,"17":0,"18":0,"19":0,"20":0,"21":0,"22":0,"23":0,"24":0,"25":0,"26":0,"27":0,"28":0,"29":0,"30":0,"31":0,"32":0,"33":0,"34":0,"35":0,"36":0,"37":0,"38":0,"39":0,"40":0,"41":0,"42":0,"43":0,"44":0,"45":0,"46":0,"47":0,"48":0,"49":0,"50":0,"51":0,"52":0,"53":0,"54":0,"55":0,"56":0,"57":0,"58":0,"59":0,"60":0,"61":0,"62":0,"63":0,"64":0,"65":0,"66":0,"67":0,"68":0,"69":0,"70":0,"71":0,"72":0,"73":0,"74":0,"75":0,"76":0,"77":0,"78":0,"79":0,"80":0,"81":0,"82":0,"83":0,"84":0,"85":0,"86":0,"87":0,"88":0,"89":0,"90":0,"91":0,"92":0,"93":0,"94":0,"95":0,"96":0,"97":0,"98":0,"99":0,"100":0,"101":0,"102":0,"103":0},"b":{"0":[0,0],"1":[0,0],"2":[0,0],"3":[0,0],"4":[0,0],"5":[0,0],"6":[0,0],"7":[0,0],"8":[0,0],"9":[0,0],"10":[0,0]},"hash":"4886a90ff22adcb4b3d1be1f5743f88db628f494"}
,"/home/harry/projects/cashweb/ircash/src/workers/xpriv_generate.js": {"path":"/home/harry/projects/cashweb/ircash/src/workers/xpriv_generate.js","statementMap":{"0":{"start":{"line":1,"column":16},"end":{"line":1,"column":43}},"1":{"start":{"line":2,"column":14},"end":{"line":2,"column":30}},"2":{"start":{"line":4,"column":0},"end":{"line":10,"column":2}},"3":{"start":{"line":5,"column":16},"end":{"line":5,"column":68}},"4":{"start":{"line":8,"column":17},"end":{"line":8,"column":59}},"5":{"start":{"line":9,"column":2},"end":{"line":9,"column":39}}},"fnMap":{"0":{"name":"(anonymous_0)","decl":{"start":{"line":4,"column":33},"end":{"line":4,"column":34}},"loc":{"start":{"line":4,"column":56},"end":{"line":10,"column":1}},"line":4}},"branchMap":{},"s":{"0":0,"1":0,"2":0,"3":0,"4":0,"5":0},"f":{"0":0},"b":{},"hash":"19627f2e1d0cdc78c0266db7ae4a14e3382fc4d0"}
}
