TN:
SF:/home/harry/projects/cashweb/ircash/src/App.vue
FN:24,created
FNF:1
FNH:0
FNDA:0,created
DA:8,0
DA:9,0
DA:28,0
DA:34,0
DA:37,0
DA:39,0
DA:40,0
LF:7
LH:0
BRF:0
BRH:0
end_of_record
TN:
SF:/home/harry/projects/cashweb/ircash/src-electron/main-process/electron-main.dev.js
FN:12,(anonymous_0)
FN:15,(anonymous_1)
FN:16,(anonymous_2)
FNF:3
FNH:0
FNDA:0,(anonymous_0)
FNDA:0,(anonymous_1)
FNDA:0,(anonymous_2)
DA:9,0
DA:12,0
DA:13,0
DA:14,0
DA:17,0
DA:22,0
LF:6
LH:0
BRF:0
BRH:0
end_of_record
TN:
SF:/home/harry/projects/cashweb/ircash/src-electron/main-process/electron-main.js
FN:13,createWindow
FN:31,(anonymous_1)
FN:38,(anonymous_2)
FN:44,(anonymous_3)
FNF:4
FNH:0
FNDA:0,createWindow
FNDA:0,(anonymous_1)
FNDA:0,(anonymous_2)
FNDA:0,(anonymous_3)
DA:7,0
DA:8,0
DA:17,0
DA:29,0
DA:31,0
DA:32,0
DA:36,0
DA:38,0
DA:39,0
DA:40,0
DA:44,0
DA:45,0
DA:46,0
LF:13
LH:0
BRDA:7,0,0,0
BRDA:7,0,1,0
BRDA:39,1,0,0
BRDA:39,1,1,0
BRDA:45,2,0,0
BRDA:45,2,1,0
BRF:6
BRH:0
end_of_record
TN:
SF:/home/harry/projects/cashweb/ircash/src/boot/axios.js
FNF:0
FNH:0
DA:4,0
LF:1
LH:0
BRF:0
BRH:0
end_of_record
TN:
SF:/home/harry/projects/cashweb/ircash/src/boot/i18n.js
FN:13,(anonymous_0)
FNF:1
FNH:0
FNDA:0,(anonymous_0)
DA:5,0
DA:7,0
DA:15,0
LF:3
LH:0
BRF:0
BRH:0
end_of_record
TN:
SF:/home/harry/projects/cashweb/ircash/src/components/ChatList.vue
FNF:0
FNH:0
DA:17,0
DA:18,0
LF:2
LH:0
BRF:0
BRH:0
end_of_record
TN:
SF:/home/harry/projects/cashweb/ircash/src/components/ChatListItem.vue
FN:33,latestMessageBody
FN:36,profile
FN:39,isActive
FNF:3
FNH:0
FNDA:0,latestMessageBody
FNDA:0,profile
FNDA:0,isActive
DA:25,0
DA:34,0
DA:37,0
DA:40,0
LF:4
LH:0
BRF:0
BRH:0
end_of_record
TN:
SF:/home/harry/projects/cashweb/ircash/src/components/ChatMessage.vue
FN:18,unixToStamp
FN:45,timeStamp
FN:51,created
FNF:3
FNH:0
FNDA:0,unixToStamp
FNDA:0,timeStamp
FNDA:0,created
DA:12,0
DA:19,0
DA:20,0
DA:22,0
DA:23,0
DA:25,0
DA:26,0
DA:28,0
DA:29,0
DA:31,0
DA:32,0
DA:34,0
DA:35,0
DA:37,0
DA:38,0
DA:40,0
DA:46,0
DA:47,0
DA:48,0
DA:52,0
LF:20
LH:0
BRDA:22,0,0,0
BRDA:22,0,1,0
BRDA:25,1,0,0
BRDA:25,1,1,0
BRDA:28,2,0,0
BRDA:28,2,1,0
BRDA:31,3,0,0
BRDA:31,3,1,0
BRDA:34,4,0,0
BRDA:34,4,1,0
BRDA:37,5,0,0
BRDA:37,5,1,0
BRF:12
BRH:0
end_of_record
TN:
SF:/home/harry/projects/cashweb/ircash/src/components/ContactDrawer.vue
FN:136,(anonymous_6)
FN:162,get
FN:165,set
FN:169,getActiveProfile
FN:175,data
FNF:5
FNH:0
FNDA:0,(anonymous_6)
FNDA:0,get
FNDA:0,set
FNDA:0,getActiveProfile
FNDA:0,data
DA:132,0
DA:133,0
DA:134,0
DA:136,0
DA:137,0
DA:138,0
DA:139,0
DA:140,0
DA:141,0
DA:163,0
DA:166,0
DA:170,0
DA:171,0
DA:172,0
DA:176,0
LF:15
LH:0
BRDA:137,0,0,0
BRDA:137,0,1,0
BRDA:141,1,0,0
BRDA:141,1,1,0
BRF:4
BRH:0
end_of_record
TN:
SF:/home/harry/projects/cashweb/ircash/src/components/MainHeader.vue
FN:96,activeProfileName
FN:104,get
FN:107,set
FN:112,data
FNF:4
FNH:0
FNDA:0,activeProfileName
FNDA:0,get
FNDA:0,set
FNDA:0,data
DA:80,0
DA:97,0
DA:98,0
DA:100,0
DA:105,0
DA:108,0
DA:113,0
LF:7
LH:0
BRDA:97,0,0,0
BRDA:97,0,1,0
BRF:2
BRH:0
end_of_record
TN:
SF:/home/harry/projects/cashweb/ircash/src/components/MyDrawer.vue
FN:96,setFilter
FN:97,_callee
FN:106,_callee$
FN:148,newContactPrompt
FN:149,_callee2
FN:158,_callee2$
FN:170,get
FN:173,set
FNF:8
FNH:0
FNDA:0,setFilter
FNDA:0,_callee
FNDA:0,_callee$
FNDA:0,newContactPrompt
FNDA:0,_callee2
FNDA:0,_callee2$
FNDA:0,get
FNDA:0,set
DA:77,0
DA:78,0
DA:79,0
DA:80,0
DA:96,0
DA:97,0
DA:106,0
DA:108,0
DA:111,0
DA:115,0
DA:116,0
DA:119,0
DA:124,0
DA:125,0
DA:128,0
DA:134,0
DA:137,0
DA:143,0
DA:145,0
DA:148,0
DA:149,0
DA:158,0
DA:171,0
DA:174,0
LF:24
LH:0
BRDA:106,0,0,0
BRDA:106,0,1,0
BRDA:106,0,2,0
BRDA:106,0,3,0
BRDA:106,0,4,0
BRDA:106,0,5,0
BRDA:106,0,6,0
BRDA:158,1,0,0
BRDA:158,1,1,0
BRDA:158,1,2,0
BRF:10
BRH:0
end_of_record
TN:
SF:/home/harry/projects/cashweb/ircash/src/components/StatusFooter.vue
FNF:0
FNH:0
DA:17,0
LF:1
LH:0
BRF:0
BRH:0
end_of_record
TN:
SF:/home/harry/projects/cashweb/ircash/src/i18n/index.js
FNF:0
FNH:0
LF:0
LH:0
BRF:0
BRH:0
end_of_record
TN:
SF:/home/harry/projects/cashweb/ircash/src/i18n/en-us/index.js
FNF:0
FNH:0
LF:0
LH:0
BRF:0
BRH:0
end_of_record
TN:
SF:/home/harry/projects/cashweb/ircash/src/keyserver/addressmetadata_pb.js
FN:30,(anonymous_0)
FN:50,(anonymous_1)
FN:64,(anonymous_2)
FN:83,(anonymous_3)
FN:97,(anonymous_4)
FN:125,(anonymous_5)
FN:139,(anonymous_6)
FN:162,(anonymous_7)
FN:168,(anonymous_8)
FN:177,(anonymous_9)
FN:183,(anonymous_10)
FN:199,(anonymous_11)
FN:226,(anonymous_12)
FN:240,(anonymous_13)
FN:261,(anonymous_14)
FN:275,(anonymous_15)
FN:308,(anonymous_16)
FN:322,(anonymous_17)
FN:353,(anonymous_18)
FN:359,(anonymous_19)
FN:368,(anonymous_20)
FN:375,(anonymous_21)
FN:385,(anonymous_22)
FN:390,(anonymous_23)
FN:399,(anonymous_24)
FN:409,(anonymous_25)
FN:422,(anonymous_26)
FN:429,(anonymous_27)
FN:445,(anonymous_28)
FN:472,(anonymous_29)
FN:486,(anonymous_30)
FN:507,(anonymous_31)
FN:521,(anonymous_32)
FN:554,(anonymous_33)
FN:568,(anonymous_34)
FN:599,(anonymous_35)
FN:605,(anonymous_36)
FN:614,(anonymous_37)
FN:620,(anonymous_38)
FN:629,(anonymous_39)
FN:636,(anonymous_40)
FN:646,(anonymous_41)
FN:651,(anonymous_42)
FN:667,(anonymous_43)
FN:687,(anonymous_44)
FN:701,(anonymous_45)
FN:722,(anonymous_46)
FN:736,(anonymous_47)
FN:772,(anonymous_48)
FN:786,(anonymous_49)
FN:831,(anonymous_50)
FN:841,(anonymous_51)
FN:854,(anonymous_52)
FN:861,(anonymous_53)
FN:870,(anonymous_54)
FN:880,(anonymous_55)
FN:893,(anonymous_56)
FN:900,(anonymous_57)
FN:909,(anonymous_58)
FN:915,(anonymous_59)
FN:924,(anonymous_60)
FN:934,(anonymous_61)
FN:947,(anonymous_62)
FN:954,(anonymous_63)
FNF:64
FNH:0
FNDA:0,(anonymous_0)
FNDA:0,(anonymous_1)
FNDA:0,(anonymous_2)
FNDA:0,(anonymous_3)
FNDA:0,(anonymous_4)
FNDA:0,(anonymous_5)
FNDA:0,(anonymous_6)
FNDA:0,(anonymous_7)
FNDA:0,(anonymous_8)
FNDA:0,(anonymous_9)
FNDA:0,(anonymous_10)
FNDA:0,(anonymous_11)
FNDA:0,(anonymous_12)
FNDA:0,(anonymous_13)
FNDA:0,(anonymous_14)
FNDA:0,(anonymous_15)
FNDA:0,(anonymous_16)
FNDA:0,(anonymous_17)
FNDA:0,(anonymous_18)
FNDA:0,(anonymous_19)
FNDA:0,(anonymous_20)
FNDA:0,(anonymous_21)
FNDA:0,(anonymous_22)
FNDA:0,(anonymous_23)
FNDA:0,(anonymous_24)
FNDA:0,(anonymous_25)
FNDA:0,(anonymous_26)
FNDA:0,(anonymous_27)
FNDA:0,(anonymous_28)
FNDA:0,(anonymous_29)
FNDA:0,(anonymous_30)
FNDA:0,(anonymous_31)
FNDA:0,(anonymous_32)
FNDA:0,(anonymous_33)
FNDA:0,(anonymous_34)
FNDA:0,(anonymous_35)
FNDA:0,(anonymous_36)
FNDA:0,(anonymous_37)
FNDA:0,(anonymous_38)
FNDA:0,(anonymous_39)
FNDA:0,(anonymous_40)
FNDA:0,(anonymous_41)
FNDA:0,(anonymous_42)
FNDA:0,(anonymous_43)
FNDA:0,(anonymous_44)
FNDA:0,(anonymous_45)
FNDA:0,(anonymous_46)
FNDA:0,(anonymous_47)
FNDA:0,(anonymous_48)
FNDA:0,(anonymous_49)
FNDA:0,(anonymous_50)
FNDA:0,(anonymous_51)
FNDA:0,(anonymous_52)
FNDA:0,(anonymous_53)
FNDA:0,(anonymous_54)
FNDA:0,(anonymous_55)
FNDA:0,(anonymous_56)
FNDA:0,(anonymous_57)
FNDA:0,(anonymous_58)
FNDA:0,(anonymous_59)
FNDA:0,(anonymous_60)
FNDA:0,(anonymous_61)
FNDA:0,(anonymous_62)
FNDA:0,(anonymous_63)
DA:10,0
DA:11,0
DA:12,0
DA:14,0
DA:15,0
DA:16,0
DA:17,0
DA:18,0
DA:30,0
DA:31,0
DA:33,0
DA:34,0
DA:35,0
DA:39,0
DA:50,0
DA:51,0
DA:64,0
DA:65,0
DA:70,0
DA:71,0
DA:73,0
DA:83,0
DA:84,0
DA:85,0
DA:86,0
DA:97,0
DA:98,0
DA:99,0
DA:100,0
DA:102,0
DA:103,0
DA:105,0
DA:106,0
DA:107,0
DA:109,0
DA:110,0
DA:111,0
DA:113,0
DA:114,0
DA:117,0
DA:125,0
DA:126,0
DA:127,0
DA:128,0
DA:139,0
DA:140,0
DA:141,0
DA:142,0
DA:143,0
DA:148,0
DA:149,0
DA:150,0
DA:162,0
DA:163,0
DA:168,0
DA:169,0
DA:177,0
DA:178,0
DA:183,0
DA:184,0
DA:199,0
DA:200,0
DA:202,0
DA:203,0
DA:204,0
DA:211,0
DA:215,0
DA:226,0
DA:227,0
DA:240,0
DA:241,0
DA:248,0
DA:249,0
DA:251,0
DA:261,0
DA:262,0
DA:263,0
DA:264,0
DA:275,0
DA:276,0
DA:277,0
DA:278,0
DA:280,0
DA:281,0
DA:283,0
DA:284,0
DA:285,0
DA:287,0
DA:288,0
DA:289,0
DA:290,0
DA:292,0
DA:293,0
DA:294,0
DA:296,0
DA:297,0
DA:300,0
DA:308,0
DA:309,0
DA:310,0
DA:311,0
DA:322,0
DA:323,0
DA:324,0
DA:325,0
DA:326,0
DA:331,0
DA:332,0
DA:333,0
DA:339,0
DA:340,0
DA:341,0
DA:353,0
DA:354,0
DA:359,0
DA:360,0
DA:368,0
DA:369,0
DA:375,0
DA:376,0
DA:385,0
DA:386,0
DA:390,0
DA:391,0
DA:399,0
DA:400,0
DA:409,0
DA:410,0
DA:422,0
DA:423,0
DA:429,0
DA:430,0
DA:445,0
DA:446,0
DA:448,0
DA:449,0
DA:450,0
DA:457,0
DA:461,0
DA:472,0
DA:473,0
DA:486,0
DA:487,0
DA:494,0
DA:495,0
DA:497,0
DA:507,0
DA:508,0
DA:509,0
DA:510,0
DA:521,0
DA:522,0
DA:523,0
DA:524,0
DA:526,0
DA:527,0
DA:529,0
DA:530,0
DA:531,0
DA:533,0
DA:534,0
DA:535,0
DA:537,0
DA:538,0
DA:539,0
DA:540,0
DA:542,0
DA:543,0
DA:546,0
DA:554,0
DA:555,0
DA:556,0
DA:557,0
DA:568,0
DA:569,0
DA:570,0
DA:571,0
DA:572,0
DA:577,0
DA:578,0
DA:579,0
DA:584,0
DA:585,0
DA:586,0
DA:599,0
DA:600,0
DA:605,0
DA:606,0
DA:614,0
DA:615,0
DA:620,0
DA:621,0
DA:629,0
DA:630,0
DA:636,0
DA:637,0
DA:646,0
DA:647,0
DA:651,0
DA:652,0
DA:667,0
DA:668,0
DA:670,0
DA:671,0
DA:672,0
DA:676,0
DA:687,0
DA:688,0
DA:701,0
DA:702,0
DA:709,0
DA:710,0
DA:712,0
DA:722,0
DA:723,0
DA:724,0
DA:725,0
DA:736,0
DA:737,0
DA:738,0
DA:739,0
DA:741,0
DA:742,0
DA:744,0
DA:745,0
DA:746,0
DA:748,0
DA:749,0
DA:750,0
DA:752,0
DA:753,0
DA:754,0
DA:756,0
DA:757,0
DA:758,0
DA:760,0
DA:761,0
DA:764,0
DA:772,0
DA:773,0
DA:774,0
DA:775,0
DA:786,0
DA:787,0
DA:788,0
DA:789,0
DA:790,0
DA:795,0
DA:796,0
DA:797,0
DA:802,0
DA:803,0
DA:804,0
DA:809,0
DA:810,0
DA:811,0
DA:822,0
DA:831,0
DA:832,0
DA:841,0
DA:842,0
DA:854,0
DA:855,0
DA:861,0
DA:862,0
DA:870,0
DA:871,0
DA:880,0
DA:881,0
DA:893,0
DA:894,0
DA:900,0
DA:901,0
DA:909,0
DA:910,0
DA:915,0
DA:916,0
DA:924,0
DA:925,0
DA:934,0
DA:935,0
DA:947,0
DA:948,0
DA:954,0
DA:955,0
DA:959,0
LF:286
LH:0
BRDA:34,0,0,0
BRDA:34,0,1,0
BRDA:34,1,0,0
BRDA:34,1,1,0
BRDA:39,2,0,0
BRDA:39,2,1,0
BRDA:70,3,0,0
BRDA:70,3,1,0
BRDA:99,4,0,0
BRDA:99,4,1,0
BRDA:103,5,0,0
BRDA:103,5,1,0
BRDA:103,5,2,0
BRDA:142,6,0,0
BRDA:142,6,1,0
BRDA:149,7,0,0
BRDA:149,7,1,0
BRDA:203,8,0,0
BRDA:203,8,1,0
BRDA:203,9,0,0
BRDA:203,9,1,0
BRDA:215,10,0,0
BRDA:215,10,1,0
BRDA:248,11,0,0
BRDA:248,11,1,0
BRDA:277,12,0,0
BRDA:277,12,1,0
BRDA:281,13,0,0
BRDA:281,13,1,0
BRDA:281,13,2,0
BRDA:281,13,3,0
BRDA:325,14,0,0
BRDA:325,14,1,0
BRDA:332,15,0,0
BRDA:332,15,1,0
BRDA:340,16,0,0
BRDA:340,16,1,0
BRDA:449,17,0,0
BRDA:449,17,1,0
BRDA:449,18,0,0
BRDA:449,18,1,0
BRDA:461,19,0,0
BRDA:461,19,1,0
BRDA:494,20,0,0
BRDA:494,20,1,0
BRDA:523,21,0,0
BRDA:523,21,1,0
BRDA:527,22,0,0
BRDA:527,22,1,0
BRDA:527,22,2,0
BRDA:527,22,3,0
BRDA:571,23,0,0
BRDA:571,23,1,0
BRDA:578,24,0,0
BRDA:578,24,1,0
BRDA:585,25,0,0
BRDA:585,25,1,0
BRDA:671,26,0,0
BRDA:671,26,1,0
BRDA:671,27,0,0
BRDA:671,27,1,0
BRDA:676,28,0,0
BRDA:676,28,1,0
BRDA:709,29,0,0
BRDA:709,29,1,0
BRDA:738,30,0,0
BRDA:738,30,1,0
BRDA:742,31,0,0
BRDA:742,31,1,0
BRDA:742,31,2,0
BRDA:742,31,3,0
BRDA:742,31,4,0
BRDA:789,32,0,0
BRDA:789,32,1,0
BRDA:796,33,0,0
BRDA:796,33,1,0
BRDA:803,34,0,0
BRDA:803,34,1,0
BRDA:810,35,0,0
BRDA:810,35,1,0
BRF:80
BRH:0
end_of_record
TN:
SF:/home/harry/projects/cashweb/ircash/src/keyserver/handler.js
FN:10,(anonymous_0)
FN:15,(anonymous_1)
FN:67,(anonymous_2)
FN:82,(anonymous_3)
FN:87,(anonymous_4)
FN:92,(anonymous_5)
FN:98,(anonymous_6)
FNF:7
FNH:0
FNDA:0,(anonymous_0)
FNDA:0,(anonymous_1)
FNDA:0,(anonymous_2)
FNDA:0,(anonymous_3)
FNDA:0,(anonymous_4)
FNDA:0,(anonymous_5)
FNDA:0,(anonymous_6)
DA:6,0
DA:9,0
DA:11,0
DA:12,0
DA:17,0
DA:18,0
DA:19,0
DA:20,0
DA:22,0
DA:23,0
DA:24,0
DA:27,0
DA:28,0
DA:30,0
DA:31,0
DA:32,0
DA:33,0
DA:34,0
DA:36,0
DA:37,0
DA:39,0
DA:40,0
DA:41,0
DA:42,0
DA:43,0
DA:46,0
DA:47,0
DA:48,0
DA:49,0
DA:50,0
DA:52,0
DA:53,0
DA:54,0
DA:55,0
DA:57,0
DA:58,0
DA:59,0
DA:60,0
DA:61,0
DA:62,0
DA:64,0
DA:68,0
DA:69,0
DA:76,0
DA:77,0
DA:78,0
DA:84,0
DA:88,0
DA:89,0
DA:94,0
DA:95,0
DA:99,0
DA:100,0
DA:101,0
DA:102,0
LF:55
LH:0
BRDA:11,0,0,0
BRDA:11,0,1,0
BRDA:12,1,0,0
BRDA:12,1,1,0
BRDA:76,2,0,0
BRDA:76,2,1,0
BRF:6
BRH:0
end_of_record
TN:
SF:/home/harry/projects/cashweb/ircash/src/layouts/MainLayout.vue
FN:50,get
FN:53,set
FNF:2
FNH:0
FNDA:0,get
FNDA:0,set
DA:25,0
DA:26,0
DA:27,0
DA:28,0
DA:29,0
DA:30,0
DA:51,0
DA:54,0
LF:8
LH:0
BRF:0
BRH:0
end_of_record
TN:
SF:/home/harry/projects/cashweb/ircash/src/layouts/SetupLayout.vue
FN:15,data
FNF:1
FNH:0
FNDA:0,data
DA:12,0
DA:16,0
LF:2
LH:0
BRF:0
BRH:0
end_of_record
TN:
SF:/home/harry/projects/cashweb/ircash/src/pages/Chat.vue
FN:58,sendMessage
FN:62,(anonymous_7)
FN:67,messages
FN:75,data
FNF:4
FNH:0
FNDA:0,sendMessage
FNDA:0,(anonymous_7)
FNDA:0,messages
FNDA:0,data
DA:49,0
DA:50,0
DA:58,0
DA:59,0
DA:60,0
DA:61,0
DA:62,0
DA:68,0
DA:69,0
DA:71,0
DA:76,0
LF:11
LH:0
BRDA:68,0,0,0
BRDA:68,0,1,0
BRF:2
BRH:0
end_of_record
TN:
SF:/home/harry/projects/cashweb/ircash/src/pages/Setup.vue
FN:381,data
FN:409,parseImage
FN:415,(anonymous_8)
FN:419,next
FN:400,next$
FN:429,_callee
FN:503,nextMnemonic
FN:506,nextAddress
FN:512,copyGenerated
FN:525,copyAddress
FN:538,pasteImported
FN:549,percentageBalance
FN:553,formatedBalance
FN:566,seed
FN:575,isImportedValid
FN:578,canProceedSeed
FN:586,created
FNF:17
FNH:0
FNDA:0,data
FNDA:0,parseImage
FNDA:0,(anonymous_8)
FNDA:0,next
FNDA:0,next$
FNDA:0,_callee
FNDA:0,nextMnemonic
FNDA:0,nextAddress
FNDA:0,copyGenerated
FNDA:0,copyAddress
FNDA:0,pasteImported
FNDA:0,percentageBalance
FNDA:0,formatedBalance
FNDA:0,seed
FNDA:0,isImportedValid
FNDA:0,canProceedSeed
FNDA:0,created
DA:364,0
DA:365,0
DA:366,0
DA:367,0
DA:368,0
DA:369,0
DA:372,0
DA:374,0
DA:375,0
DA:377,0
DA:378,0
DA:382,0
DA:400,0
DA:409,0
DA:410,0
DA:411,0
DA:413,0
DA:414,0
DA:415,0
DA:416,0
DA:422,0
DA:428,0
DA:429,0
DA:430,0
DA:435,0
DA:436,0
DA:437,0
DA:438,0
DA:442,0
DA:448,0
DA:449,0
DA:453,0
DA:457,0
DA:463,0
DA:464,0
DA:467,0
DA:472,0
DA:473,0
DA:474,0
DA:479,0
DA:481,0
DA:483,0
DA:489,0
DA:490,0
DA:493,0
DA:495,0
DA:496,0
DA:497,0
DA:500,0
DA:504,0
DA:508,0
DA:509,0
DA:510,0
DA:513,0
DA:514,0
DA:515,0
DA:516,0
DA:517,0
DA:518,0
DA:519,0
DA:526,0
DA:527,0
DA:528,0
DA:529,0
DA:530,0
DA:531,0
DA:532,0
DA:539,0
DA:540,0
DA:541,0
DA:542,0
DA:543,0
DA:544,0
DA:550,0
DA:551,0
DA:554,0
DA:555,0
DA:556,0
DA:557,0
DA:558,0
DA:559,0
DA:560,0
DA:561,0
DA:563,0
DA:567,0
DA:568,0
DA:569,0
DA:570,0
DA:572,0
DA:576,0
DA:579,0
DA:580,0
DA:582,0
DA:587,0
LF:94
LH:0
BRDA:410,0,0,0
BRDA:410,0,1,0
BRDA:400,1,0,0
BRDA:400,1,1,0
BRDA:400,1,2,0
BRDA:400,1,3,0
BRDA:400,1,4,0
BRDA:400,1,5,0
BRDA:400,1,6,0
BRDA:400,1,7,0
BRDA:400,1,8,0
BRDA:400,1,9,0
BRDA:400,2,0,0
BRDA:400,2,1,0
BRDA:429,3,0,0
BRDA:429,3,1,0
BRDA:429,3,2,0
BRDA:429,3,3,0
BRDA:429,3,4,0
BRDA:429,3,5,0
BRDA:554,4,0,0
BRDA:554,4,1,0
BRDA:556,5,0,0
BRDA:556,5,1,0
BRDA:558,6,0,0
BRDA:558,6,1,0
BRDA:560,7,0,0
BRDA:560,7,1,0
BRDA:567,8,0,0
BRDA:567,8,1,0
BRDA:569,9,0,0
BRDA:569,9,1,0
BRDA:579,10,0,0
BRDA:579,10,1,0
BRDA:580,11,0,0
BRDA:580,11,1,0
BRF:36
BRH:0
end_of_record
TN:
SF:/home/harry/projects/cashweb/ircash/src/pop/index.js
FN:8,(anonymous_0)
FN:26,(anonymous_1)
FN:50,(anonymous_2)
FNF:3
FNH:0
FNDA:0,(anonymous_0)
FNDA:0,(anonymous_1)
FNDA:0,(anonymous_2)
DA:5,0
DA:9,0
DA:10,0
DA:16,0
DA:17,0
DA:18,0
DA:19,0
DA:20,0
DA:21,0
DA:27,0
DA:29,0
DA:30,0
DA:40,0
DA:41,0
DA:45,0
DA:46,0
DA:47,0
DA:52,0
DA:53,0
DA:54,0
DA:55,0
DA:56,0
DA:60,0
DA:62,0
DA:65,0
DA:66,0
DA:67,0
DA:68,0
DA:69,0
DA:70,0
DA:71,0
DA:72,0
DA:73,0
DA:74,0
DA:75,0
DA:76,0
DA:77,0
DA:78,0
DA:85,0
DA:86,0
DA:87,0
DA:91,0
DA:92,0
DA:99,0
DA:102,0
DA:103,0
DA:107,0
DA:108,0
DA:109,0
DA:110,0
DA:114,0
DA:118,0
DA:120,0
DA:121,0
DA:123,0
DA:126,0
DA:127,0
DA:128,0
DA:129,0
DA:131,0
LF:60
LH:0
BRDA:17,0,0,0
BRDA:17,0,1,0
BRDA:73,1,0,0
BRDA:73,1,1,0
BRDA:86,2,0,0
BRDA:86,2,1,0
BRDA:91,3,0,0
BRDA:91,3,1,0
BRF:8
BRH:0
end_of_record
TN:
SF:/home/harry/projects/cashweb/ircash/src/pop/paymentrequest_pb.js
FN:31,(anonymous_0)
FN:51,(anonymous_1)
FN:65,(anonymous_2)
FN:84,(anonymous_3)
FN:98,(anonymous_4)
FN:126,(anonymous_5)
FN:140,(anonymous_6)
FN:163,(anonymous_7)
FN:169,(anonymous_8)
FN:174,(anonymous_9)
FN:183,(anonymous_10)
FN:192,(anonymous_11)
FN:202,(anonymous_12)
FN:215,(anonymous_13)
FN:222,(anonymous_14)
FN:227,(anonymous_15)
FN:236,(anonymous_16)
FN:252,(anonymous_17)
FN:279,(anonymous_18)
FN:293,(anonymous_19)
FN:318,(anonymous_20)
FN:332,(anonymous_21)
FN:381,(anonymous_22)
FN:395,(anonymous_23)
FN:454,(anonymous_24)
FN:460,(anonymous_25)
FN:465,(anonymous_26)
FN:474,(anonymous_27)
FN:483,(anonymous_28)
FN:490,(anonymous_29)
FN:500,(anonymous_30)
FN:505,(anonymous_31)
FN:514,(anonymous_32)
FN:520,(anonymous_33)
FN:525,(anonymous_34)
FN:534,(anonymous_35)
FN:543,(anonymous_36)
FN:549,(anonymous_37)
FN:554,(anonymous_38)
FN:563,(anonymous_39)
FN:572,(anonymous_40)
FN:578,(anonymous_41)
FN:583,(anonymous_42)
FN:592,(anonymous_43)
FN:601,(anonymous_44)
FN:607,(anonymous_45)
FN:612,(anonymous_46)
FN:621,(anonymous_47)
FN:630,(anonymous_48)
FN:640,(anonymous_49)
FN:653,(anonymous_50)
FN:660,(anonymous_51)
FN:665,(anonymous_52)
FN:674,(anonymous_53)
FN:690,(anonymous_54)
FN:710,(anonymous_55)
FN:724,(anonymous_56)
FN:746,(anonymous_57)
FN:760,(anonymous_58)
FN:800,(anonymous_59)
FN:814,(anonymous_60)
FN:858,(anonymous_61)
FN:864,(anonymous_62)
FN:869,(anonymous_63)
FN:878,(anonymous_64)
FN:887,(anonymous_65)
FN:893,(anonymous_66)
FN:898,(anonymous_67)
FN:907,(anonymous_68)
FN:916,(anonymous_69)
FN:926,(anonymous_70)
FN:939,(anonymous_71)
FN:946,(anonymous_72)
FN:951,(anonymous_73)
FN:960,(anonymous_74)
FN:969,(anonymous_75)
FN:979,(anonymous_76)
FN:992,(anonymous_77)
FN:999,(anonymous_78)
FN:1004,(anonymous_79)
FN:1013,(anonymous_80)
FN:1022,(anonymous_81)
FN:1032,(anonymous_82)
FN:1045,(anonymous_83)
FN:1052,(anonymous_84)
FN:1057,(anonymous_85)
FN:1066,(anonymous_86)
FN:1082,(anonymous_87)
FN:1109,(anonymous_88)
FN:1123,(anonymous_89)
FN:1141,(anonymous_90)
FN:1155,(anonymous_91)
FN:1179,(anonymous_92)
FN:1193,(anonymous_93)
FN:1209,(anonymous_94)
FN:1219,(anonymous_95)
FN:1232,(anonymous_96)
FN:1239,(anonymous_97)
FN:1248,(anonymous_98)
FN:1253,(anonymous_99)
FN:1269,(anonymous_100)
FN:1296,(anonymous_101)
FN:1310,(anonymous_102)
FN:1332,(anonymous_103)
FN:1346,(anonymous_104)
FN:1383,(anonymous_105)
FN:1397,(anonymous_106)
FN:1435,(anonymous_107)
FN:1445,(anonymous_108)
FN:1458,(anonymous_109)
FN:1465,(anonymous_110)
FN:1470,(anonymous_111)
FN:1479,(anonymous_112)
FN:1488,(anonymous_113)
FN:1498,(anonymous_114)
FN:1511,(anonymous_115)
FN:1518,(anonymous_116)
FN:1527,(anonymous_117)
FN:1532,(anonymous_118)
FN:1541,(anonymous_119)
FN:1548,(anonymous_120)
FN:1558,(anonymous_121)
FN:1563,(anonymous_122)
FN:1572,(anonymous_123)
FN:1578,(anonymous_124)
FN:1583,(anonymous_125)
FN:1592,(anonymous_126)
FN:1608,(anonymous_127)
FN:1628,(anonymous_128)
FN:1642,(anonymous_129)
FN:1661,(anonymous_130)
FN:1675,(anonymous_131)
FN:1704,(anonymous_132)
FN:1718,(anonymous_133)
FN:1742,(anonymous_134)
FN:1749,(anonymous_135)
FN:1754,(anonymous_136)
FN:1763,(anonymous_137)
FN:1772,(anonymous_138)
FN:1778,(anonymous_139)
FN:1783,(anonymous_140)
FN:1792,(anonymous_141)
FNF:142
FNH:0
FNDA:0,(anonymous_0)
FNDA:0,(anonymous_1)
FNDA:0,(anonymous_2)
FNDA:0,(anonymous_3)
FNDA:0,(anonymous_4)
FNDA:0,(anonymous_5)
FNDA:0,(anonymous_6)
FNDA:0,(anonymous_7)
FNDA:0,(anonymous_8)
FNDA:0,(anonymous_9)
FNDA:0,(anonymous_10)
FNDA:0,(anonymous_11)
FNDA:0,(anonymous_12)
FNDA:0,(anonymous_13)
FNDA:0,(anonymous_14)
FNDA:0,(anonymous_15)
FNDA:0,(anonymous_16)
FNDA:0,(anonymous_17)
FNDA:0,(anonymous_18)
FNDA:0,(anonymous_19)
FNDA:0,(anonymous_20)
FNDA:0,(anonymous_21)
FNDA:0,(anonymous_22)
FNDA:0,(anonymous_23)
FNDA:0,(anonymous_24)
FNDA:0,(anonymous_25)
FNDA:0,(anonymous_26)
FNDA:0,(anonymous_27)
FNDA:0,(anonymous_28)
FNDA:0,(anonymous_29)
FNDA:0,(anonymous_30)
FNDA:0,(anonymous_31)
FNDA:0,(anonymous_32)
FNDA:0,(anonymous_33)
FNDA:0,(anonymous_34)
FNDA:0,(anonymous_35)
FNDA:0,(anonymous_36)
FNDA:0,(anonymous_37)
FNDA:0,(anonymous_38)
FNDA:0,(anonymous_39)
FNDA:0,(anonymous_40)
FNDA:0,(anonymous_41)
FNDA:0,(anonymous_42)
FNDA:0,(anonymous_43)
FNDA:0,(anonymous_44)
FNDA:0,(anonymous_45)
FNDA:0,(anonymous_46)
FNDA:0,(anonymous_47)
FNDA:0,(anonymous_48)
FNDA:0,(anonymous_49)
FNDA:0,(anonymous_50)
FNDA:0,(anonymous_51)
FNDA:0,(anonymous_52)
FNDA:0,(anonymous_53)
FNDA:0,(anonymous_54)
FNDA:0,(anonymous_55)
FNDA:0,(anonymous_56)
FNDA:0,(anonymous_57)
FNDA:0,(anonymous_58)
FNDA:0,(anonymous_59)
FNDA:0,(anonymous_60)
FNDA:0,(anonymous_61)
FNDA:0,(anonymous_62)
FNDA:0,(anonymous_63)
FNDA:0,(anonymous_64)
FNDA:0,(anonymous_65)
FNDA:0,(anonymous_66)
FNDA:0,(anonymous_67)
FNDA:0,(anonymous_68)
FNDA:0,(anonymous_69)
FNDA:0,(anonymous_70)
FNDA:0,(anonymous_71)
FNDA:0,(anonymous_72)
FNDA:0,(anonymous_73)
FNDA:0,(anonymous_74)
FNDA:0,(anonymous_75)
FNDA:0,(anonymous_76)
FNDA:0,(anonymous_77)
FNDA:0,(anonymous_78)
FNDA:0,(anonymous_79)
FNDA:0,(anonymous_80)
FNDA:0,(anonymous_81)
FNDA:0,(anonymous_82)
FNDA:0,(anonymous_83)
FNDA:0,(anonymous_84)
FNDA:0,(anonymous_85)
FNDA:0,(anonymous_86)
FNDA:0,(anonymous_87)
FNDA:0,(anonymous_88)
FNDA:0,(anonymous_89)
FNDA:0,(anonymous_90)
FNDA:0,(anonymous_91)
FNDA:0,(anonymous_92)
FNDA:0,(anonymous_93)
FNDA:0,(anonymous_94)
FNDA:0,(anonymous_95)
FNDA:0,(anonymous_96)
FNDA:0,(anonymous_97)
FNDA:0,(anonymous_98)
FNDA:0,(anonymous_99)
FNDA:0,(anonymous_100)
FNDA:0,(anonymous_101)
FNDA:0,(anonymous_102)
FNDA:0,(anonymous_103)
FNDA:0,(anonymous_104)
FNDA:0,(anonymous_105)
FNDA:0,(anonymous_106)
FNDA:0,(anonymous_107)
FNDA:0,(anonymous_108)
FNDA:0,(anonymous_109)
FNDA:0,(anonymous_110)
FNDA:0,(anonymous_111)
FNDA:0,(anonymous_112)
FNDA:0,(anonymous_113)
FNDA:0,(anonymous_114)
FNDA:0,(anonymous_115)
FNDA:0,(anonymous_116)
FNDA:0,(anonymous_117)
FNDA:0,(anonymous_118)
FNDA:0,(anonymous_119)
FNDA:0,(anonymous_120)
FNDA:0,(anonymous_121)
FNDA:0,(anonymous_122)
FNDA:0,(anonymous_123)
FNDA:0,(anonymous_124)
FNDA:0,(anonymous_125)
FNDA:0,(anonymous_126)
FNDA:0,(anonymous_127)
FNDA:0,(anonymous_128)
FNDA:0,(anonymous_129)
FNDA:0,(anonymous_130)
FNDA:0,(anonymous_131)
FNDA:0,(anonymous_132)
FNDA:0,(anonymous_133)
FNDA:0,(anonymous_134)
FNDA:0,(anonymous_135)
FNDA:0,(anonymous_136)
FNDA:0,(anonymous_137)
FNDA:0,(anonymous_138)
FNDA:0,(anonymous_139)
FNDA:0,(anonymous_140)
FNDA:0,(anonymous_141)
DA:10,0
DA:11,0
DA:12,0
DA:14,0
DA:15,0
DA:16,0
DA:17,0
DA:18,0
DA:19,0
DA:31,0
DA:32,0
DA:34,0
DA:35,0
DA:36,0
DA:40,0
DA:51,0
DA:52,0
DA:65,0
DA:66,0
DA:71,0
DA:72,0
DA:74,0
DA:84,0
DA:85,0
DA:86,0
DA:87,0
DA:98,0
DA:99,0
DA:100,0
DA:101,0
DA:103,0
DA:104,0
DA:106,0
DA:107,0
DA:108,0
DA:110,0
DA:111,0
DA:112,0
DA:114,0
DA:115,0
DA:118,0
DA:126,0
DA:127,0
DA:128,0
DA:129,0
DA:140,0
DA:141,0
DA:142,0
DA:143,0
DA:144,0
DA:149,0
DA:150,0
DA:151,0
DA:163,0
DA:164,0
DA:169,0
DA:170,0
DA:174,0
DA:175,0
DA:183,0
DA:184,0
DA:192,0
DA:193,0
DA:202,0
DA:203,0
DA:215,0
DA:216,0
DA:222,0
DA:223,0
DA:227,0
DA:228,0
DA:236,0
DA:237,0
DA:252,0
DA:253,0
DA:255,0
DA:256,0
DA:257,0
DA:264,0
DA:268,0
DA:279,0
DA:280,0
DA:293,0
DA:294,0
DA:305,0
DA:306,0
DA:308,0
DA:318,0
DA:319,0
DA:320,0
DA:321,0
DA:332,0
DA:333,0
DA:334,0
DA:335,0
DA:337,0
DA:338,0
DA:340,0
DA:341,0
DA:342,0
DA:344,0
DA:345,0
DA:346,0
DA:347,0
DA:349,0
DA:350,0
DA:351,0
DA:353,0
DA:354,0
DA:355,0
DA:357,0
DA:358,0
DA:359,0
DA:361,0
DA:362,0
DA:363,0
DA:365,0
DA:366,0
DA:367,0
DA:369,0
DA:370,0
DA:373,0
DA:381,0
DA:382,0
DA:383,0
DA:384,0
DA:395,0
DA:396,0
DA:397,0
DA:398,0
DA:399,0
DA:404,0
DA:405,0
DA:406,0
DA:412,0
DA:413,0
DA:414,0
DA:419,0
DA:420,0
DA:421,0
DA:426,0
DA:427,0
DA:428,0
DA:433,0
DA:434,0
DA:435,0
DA:440,0
DA:441,0
DA:442,0
DA:454,0
DA:455,0
DA:460,0
DA:461,0
DA:465,0
DA:466,0
DA:474,0
DA:475,0
DA:483,0
DA:484,0
DA:490,0
DA:491,0
DA:500,0
DA:501,0
DA:505,0
DA:506,0
DA:514,0
DA:515,0
DA:520,0
DA:521,0
DA:525,0
DA:526,0
DA:534,0
DA:535,0
DA:543,0
DA:544,0
DA:549,0
DA:550,0
DA:554,0
DA:555,0
DA:563,0
DA:564,0
DA:572,0
DA:573,0
DA:578,0
DA:579,0
DA:583,0
DA:584,0
DA:592,0
DA:593,0
DA:601,0
DA:602,0
DA:607,0
DA:608,0
DA:612,0
DA:613,0
DA:621,0
DA:622,0
DA:630,0
DA:631,0
DA:640,0
DA:641,0
DA:653,0
DA:654,0
DA:660,0
DA:661,0
DA:665,0
DA:666,0
DA:674,0
DA:675,0
DA:690,0
DA:691,0
DA:693,0
DA:694,0
DA:695,0
DA:699,0
DA:710,0
DA:711,0
DA:724,0
DA:725,0
DA:733,0
DA:734,0
DA:736,0
DA:746,0
DA:747,0
DA:748,0
DA:749,0
DA:760,0
DA:761,0
DA:762,0
DA:763,0
DA:765,0
DA:766,0
DA:768,0
DA:769,0
DA:770,0
DA:772,0
DA:773,0
DA:774,0
DA:776,0
DA:777,0
DA:778,0
DA:780,0
DA:781,0
DA:782,0
DA:784,0
DA:785,0
DA:786,0
DA:788,0
DA:789,0
DA:792,0
DA:800,0
DA:801,0
DA:802,0
DA:803,0
DA:814,0
DA:815,0
DA:816,0
DA:817,0
DA:818,0
DA:823,0
DA:824,0
DA:825,0
DA:830,0
DA:831,0
DA:832,0
DA:837,0
DA:838,0
DA:839,0
DA:844,0
DA:845,0
DA:846,0
DA:858,0
DA:859,0
DA:864,0
DA:865,0
DA:869,0
DA:870,0
DA:878,0
DA:879,0
DA:887,0
DA:888,0
DA:893,0
DA:894,0
DA:898,0
DA:899,0
DA:907,0
DA:908,0
DA:916,0
DA:917,0
DA:926,0
DA:927,0
DA:939,0
DA:940,0
DA:946,0
DA:947,0
DA:951,0
DA:952,0
DA:960,0
DA:961,0
DA:969,0
DA:970,0
DA:979,0
DA:980,0
DA:992,0
DA:993,0
DA:999,0
DA:1000,0
DA:1004,0
DA:1005,0
DA:1013,0
DA:1014,0
DA:1022,0
DA:1023,0
DA:1032,0
DA:1033,0
DA:1045,0
DA:1046,0
DA:1052,0
DA:1053,0
DA:1057,0
DA:1058,0
DA:1066,0
DA:1067,0
DA:1082,0
DA:1083,0
DA:1085,0
DA:1086,0
DA:1087,0
DA:1094,0
DA:1098,0
DA:1109,0
DA:1110,0
DA:1123,0
DA:1124,0
DA:1128,0
DA:1129,0
DA:1131,0
DA:1141,0
DA:1142,0
DA:1143,0
DA:1144,0
DA:1155,0
DA:1156,0
DA:1157,0
DA:1158,0
DA:1160,0
DA:1161,0
DA:1163,0
DA:1164,0
DA:1165,0
DA:1167,0
DA:1168,0
DA:1171,0
DA:1179,0
DA:1180,0
DA:1181,0
DA:1182,0
DA:1193,0
DA:1194,0
DA:1195,0
DA:1196,0
DA:1197,0
DA:1209,0
DA:1210,0
DA:1219,0
DA:1220,0
DA:1232,0
DA:1233,0
DA:1239,0
DA:1240,0
DA:1248,0
DA:1249,0
DA:1253,0
DA:1254,0
DA:1269,0
DA:1270,0
DA:1272,0
DA:1273,0
DA:1274,0
DA:1281,0
DA:1285,0
DA:1296,0
DA:1297,0
DA:1310,0
DA:1311,0
DA:1319,0
DA:1320,0
DA:1322,0
DA:1332,0
DA:1333,0
DA:1334,0
DA:1335,0
DA:1346,0
DA:1347,0
DA:1348,0
DA:1349,0
DA:1351,0
DA:1352,0
DA:1354,0
DA:1355,0
DA:1356,0
DA:1358,0
DA:1359,0
DA:1360,0
DA:1362,0
DA:1363,0
DA:1364,0
DA:1365,0
DA:1367,0
DA:1368,0
DA:1369,0
DA:1371,0
DA:1372,0
DA:1375,0
DA:1383,0
DA:1384,0
DA:1385,0
DA:1386,0
DA:1397,0
DA:1398,0
DA:1399,0
DA:1400,0
DA:1401,0
DA:1406,0
DA:1407,0
DA:1408,0
DA:1413,0
DA:1414,0
DA:1415,0
DA:1421,0
DA:1422,0
DA:1423,0
DA:1435,0
DA:1436,0
DA:1445,0
DA:1446,0
DA:1458,0
DA:1459,0
DA:1465,0
DA:1466,0
DA:1470,0
DA:1471,0
DA:1479,0
DA:1480,0
DA:1488,0
DA:1489,0
DA:1498,0
DA:1499,0
DA:1511,0
DA:1512,0
DA:1518,0
DA:1519,0
DA:1527,0
DA:1528,0
DA:1532,0
DA:1533,0
DA:1541,0
DA:1542,0
DA:1548,0
DA:1549,0
DA:1558,0
DA:1559,0
DA:1563,0
DA:1564,0
DA:1572,0
DA:1573,0
DA:1578,0
DA:1579,0
DA:1583,0
DA:1584,0
DA:1592,0
DA:1593,0
DA:1608,0
DA:1609,0
DA:1611,0
DA:1612,0
DA:1613,0
DA:1617,0
DA:1628,0
DA:1629,0
DA:1642,0
DA:1643,0
DA:1648,0
DA:1649,0
DA:1651,0
DA:1661,0
DA:1662,0
DA:1663,0
DA:1664,0
DA:1675,0
DA:1676,0
DA:1677,0
DA:1678,0
DA:1680,0
DA:1681,0
DA:1683,0
DA:1684,0
DA:1685,0
DA:1686,0
DA:1688,0
DA:1689,0
DA:1690,0
DA:1692,0
DA:1693,0
DA:1696,0
DA:1704,0
DA:1705,0
DA:1706,0
DA:1707,0
DA:1718,0
DA:1719,0
DA:1720,0
DA:1721,0
DA:1722,0
DA:1728,0
DA:1729,0
DA:1730,0
DA:1742,0
DA:1743,0
DA:1749,0
DA:1750,0
DA:1754,0
DA:1755,0
DA:1763,0
DA:1764,0
DA:1772,0
DA:1773,0
DA:1778,0
DA:1779,0
DA:1783,0
DA:1784,0
DA:1792,0
DA:1793,0
DA:1797,0
LF:534
LH:0
BRDA:35,0,0,0
BRDA:35,0,1,0
BRDA:35,1,0,0
BRDA:35,1,1,0
BRDA:40,2,0,0
BRDA:40,2,1,0
BRDA:71,3,0,0
BRDA:71,3,1,0
BRDA:100,4,0,0
BRDA:100,4,1,0
BRDA:104,5,0,0
BRDA:104,5,1,0
BRDA:104,5,2,0
BRDA:143,6,0,0
BRDA:143,6,1,0
BRDA:150,7,0,0
BRDA:150,7,1,0
BRDA:256,8,0,0
BRDA:256,8,1,0
BRDA:256,9,0,0
BRDA:256,9,1,0
BRDA:268,10,0,0
BRDA:268,10,1,0
BRDA:305,11,0,0
BRDA:305,11,1,0
BRDA:334,12,0,0
BRDA:334,12,1,0
BRDA:338,13,0,0
BRDA:338,13,1,0
BRDA:338,13,2,0
BRDA:338,13,3,0
BRDA:338,13,4,0
BRDA:338,13,5,0
BRDA:338,13,6,0
BRDA:338,13,7,0
BRDA:398,14,0,0
BRDA:398,14,1,0
BRDA:405,15,0,0
BRDA:405,15,1,0
BRDA:413,16,0,0
BRDA:413,16,1,0
BRDA:420,17,0,0
BRDA:420,17,1,0
BRDA:427,18,0,0
BRDA:427,18,1,0
BRDA:434,19,0,0
BRDA:434,19,1,0
BRDA:441,20,0,0
BRDA:441,20,1,0
BRDA:694,21,0,0
BRDA:694,21,1,0
BRDA:694,22,0,0
BRDA:694,22,1,0
BRDA:699,23,0,0
BRDA:699,23,1,0
BRDA:733,24,0,0
BRDA:733,24,1,0
BRDA:762,25,0,0
BRDA:762,25,1,0
BRDA:766,26,0,0
BRDA:766,26,1,0
BRDA:766,26,2,0
BRDA:766,26,3,0
BRDA:766,26,4,0
BRDA:766,26,5,0
BRDA:817,27,0,0
BRDA:817,27,1,0
BRDA:824,28,0,0
BRDA:824,28,1,0
BRDA:831,29,0,0
BRDA:831,29,1,0
BRDA:838,30,0,0
BRDA:838,30,1,0
BRDA:845,31,0,0
BRDA:845,31,1,0
BRDA:1086,32,0,0
BRDA:1086,32,1,0
BRDA:1086,33,0,0
BRDA:1086,33,1,0
BRDA:1098,34,0,0
BRDA:1098,34,1,0
BRDA:1128,35,0,0
BRDA:1128,35,1,0
BRDA:1157,36,0,0
BRDA:1157,36,1,0
BRDA:1161,37,0,0
BRDA:1161,37,1,0
BRDA:1196,38,0,0
BRDA:1196,38,1,0
BRDA:1240,39,0,0
BRDA:1240,39,1,0
BRDA:1273,40,0,0
BRDA:1273,40,1,0
BRDA:1273,41,0,0
BRDA:1273,41,1,0
BRDA:1285,42,0,0
BRDA:1285,42,1,0
BRDA:1319,43,0,0
BRDA:1319,43,1,0
BRDA:1348,44,0,0
BRDA:1348,44,1,0
BRDA:1352,45,0,0
BRDA:1352,45,1,0
BRDA:1352,45,2,0
BRDA:1352,45,3,0
BRDA:1352,45,4,0
BRDA:1400,46,0,0
BRDA:1400,46,1,0
BRDA:1407,47,0,0
BRDA:1407,47,1,0
BRDA:1414,48,0,0
BRDA:1414,48,1,0
BRDA:1422,49,0,0
BRDA:1422,49,1,0
BRDA:1519,50,0,0
BRDA:1519,50,1,0
BRDA:1612,51,0,0
BRDA:1612,51,1,0
BRDA:1612,52,0,0
BRDA:1612,52,1,0
BRDA:1617,53,0,0
BRDA:1617,53,1,0
BRDA:1644,54,0,0
BRDA:1644,54,1,0
BRDA:1648,55,0,0
BRDA:1648,55,1,0
BRDA:1677,56,0,0
BRDA:1677,56,1,0
BRDA:1681,57,0,0
BRDA:1681,57,1,0
BRDA:1681,57,2,0
BRDA:1721,58,0,0
BRDA:1721,58,1,0
BRDA:1729,59,0,0
BRDA:1729,59,1,0
BRF:135
BRH:0
end_of_record
TN:
SF:/home/harry/projects/cashweb/ircash/src/pop/wrapper_pb.js
FN:27,(anonymous_0)
FN:47,(anonymous_1)
FN:61,(anonymous_2)
FN:82,(anonymous_3)
FN:96,(anonymous_4)
FN:132,(anonymous_5)
FN:146,(anonymous_6)
FN:191,(anonymous_7)
FN:201,(anonymous_8)
FN:214,(anonymous_9)
FN:221,(anonymous_10)
FN:230,(anonymous_11)
FN:240,(anonymous_12)
FN:253,(anonymous_13)
FN:260,(anonymous_14)
FN:269,(anonymous_15)
FN:275,(anonymous_16)
FN:284,(anonymous_17)
FN:294,(anonymous_18)
FN:307,(anonymous_19)
FN:314,(anonymous_20)
FNF:21
FNH:0
FNDA:0,(anonymous_0)
FNDA:0,(anonymous_1)
FNDA:0,(anonymous_2)
FNDA:0,(anonymous_3)
FNDA:0,(anonymous_4)
FNDA:0,(anonymous_5)
FNDA:0,(anonymous_6)
FNDA:0,(anonymous_7)
FNDA:0,(anonymous_8)
FNDA:0,(anonymous_9)
FNDA:0,(anonymous_10)
FNDA:0,(anonymous_11)
FNDA:0,(anonymous_12)
FNDA:0,(anonymous_13)
FNDA:0,(anonymous_14)
FNDA:0,(anonymous_15)
FNDA:0,(anonymous_16)
FNDA:0,(anonymous_17)
FNDA:0,(anonymous_18)
FNDA:0,(anonymous_19)
FNDA:0,(anonymous_20)
DA:10,0
DA:11,0
DA:12,0
DA:14,0
DA:15,0
DA:27,0
DA:28,0
DA:30,0
DA:31,0
DA:32,0
DA:36,0
DA:47,0
DA:48,0
DA:61,0
DA:62,0
DA:69,0
DA:70,0
DA:72,0
DA:82,0
DA:83,0
DA:84,0
DA:85,0
DA:96,0
DA:97,0
DA:98,0
DA:99,0
DA:101,0
DA:102,0
DA:104,0
DA:105,0
DA:106,0
DA:108,0
DA:109,0
DA:110,0
DA:112,0
DA:113,0
DA:114,0
DA:116,0
DA:117,0
DA:118,0
DA:120,0
DA:121,0
DA:124,0
DA:132,0
DA:133,0
DA:134,0
DA:135,0
DA:146,0
DA:147,0
DA:148,0
DA:149,0
DA:150,0
DA:155,0
DA:156,0
DA:157,0
DA:162,0
DA:163,0
DA:164,0
DA:169,0
DA:170,0
DA:171,0
DA:182,0
DA:191,0
DA:192,0
DA:201,0
DA:202,0
DA:214,0
DA:215,0
DA:221,0
DA:222,0
DA:230,0
DA:231,0
DA:240,0
DA:241,0
DA:253,0
DA:254,0
DA:260,0
DA:261,0
DA:269,0
DA:270,0
DA:275,0
DA:276,0
DA:284,0
DA:285,0
DA:294,0
DA:295,0
DA:307,0
DA:308,0
DA:314,0
DA:315,0
DA:319,0
LF:91
LH:0
BRDA:31,0,0,0
BRDA:31,0,1,0
BRDA:31,1,0,0
BRDA:31,1,1,0
BRDA:36,2,0,0
BRDA:36,2,1,0
BRDA:69,3,0,0
BRDA:69,3,1,0
BRDA:98,4,0,0
BRDA:98,4,1,0
BRDA:102,5,0,0
BRDA:102,5,1,0
BRDA:102,5,2,0
BRDA:102,5,3,0
BRDA:102,5,4,0
BRDA:149,6,0,0
BRDA:149,6,1,0
BRDA:156,7,0,0
BRDA:156,7,1,0
BRDA:163,8,0,0
BRDA:163,8,1,0
BRDA:170,9,0,0
BRDA:170,9,1,0
BRF:23
BRH:0
end_of_record
TN:
SF:/home/harry/projects/cashweb/ircash/src/relay/client.js
FN:7,(anonymous_0)
FN:11,(anonymous_1)
FN:16,(anonymous_2)
FN:34,(anonymous_3)
FN:53,(anonymous_4)
FN:81,(anonymous_5)
FN:86,(anonymous_6)
FNF:7
FNH:0
FNDA:0,(anonymous_0)
FNDA:0,(anonymous_1)
FNDA:0,(anonymous_2)
FNDA:0,(anonymous_3)
FNDA:0,(anonymous_4)
FNDA:0,(anonymous_5)
FNDA:0,(anonymous_6)
DA:8,0
DA:12,0
DA:13,0
DA:17,0
DA:19,0
DA:20,0
DA:28,0
DA:29,0
DA:30,0
DA:35,0
DA:36,0
DA:37,0
DA:38,0
DA:48,0
DA:49,0
DA:54,0
DA:57,0
DA:58,0
DA:72,0
DA:73,0
DA:75,0
DA:76,0
DA:77,0
DA:82,0
DA:83,0
DA:87,0
DA:88,0
DA:89,0
DA:90,0
DA:96,0
DA:97,0
LF:31
LH:0
BRDA:28,0,0,0
BRDA:28,0,1,0
BRDA:75,1,0,0
BRDA:75,1,1,0
BRF:4
BRH:0
end_of_record
TN:
SF:/home/harry/projects/cashweb/ircash/src/relay/constructors.js
FN:8,(anonymous_0)
FN:50,(anonymous_1)
FNF:2
FNH:0
FNDA:0,(anonymous_0)
FNDA:0,(anonymous_1)
DA:5,0
DA:10,0
DA:11,0
DA:12,0
DA:13,0
DA:16,0
DA:17,0
DA:19,0
DA:20,0
DA:21,0
DA:24,0
DA:25,0
DA:26,0
DA:27,0
DA:28,0
DA:29,0
DA:30,0
DA:33,0
DA:36,0
DA:37,0
DA:38,0
DA:39,0
DA:41,0
DA:42,0
DA:43,0
DA:44,0
DA:45,0
DA:46,0
DA:48,0
DA:52,0
DA:53,0
DA:54,0
DA:55,0
DA:58,0
DA:59,0
DA:62,0
DA:63,0
DA:64,0
DA:65,0
DA:67,0
DA:68,0
DA:69,0
DA:70,0
DA:71,0
DA:72,0
DA:74,0
LF:46
LH:0
BRDA:25,0,0,0
BRDA:25,0,1,0
BRDA:27,1,0,0
BRDA:27,1,1,0
BRF:4
BRH:0
end_of_record
TN:
SF:/home/harry/projects/cashweb/ircash/src/relay/crypto.js
FN:7,(anonymous_0)
FN:34,(anonymous_1)
FNF:2
FNH:2
FNDA:2,(anonymous_0)
FNDA:1,(anonymous_1)
DA:3,1
DA:4,1
DA:9,2
DA:10,2
DA:13,2
DA:14,2
DA:17,2
DA:18,2
DA:19,2
DA:22,2
DA:23,2
DA:24,2
DA:25,2
DA:26,2
DA:27,2
DA:30,2
DA:32,2
DA:36,1
DA:37,1
DA:38,1
DA:41,1
DA:42,1
DA:43,1
DA:46,1
DA:47,1
DA:48,1
DA:49,1
DA:50,1
DA:51,1
DA:52,1
LF:30
LH:30
BRF:0
BRH:0
end_of_record
TN:
SF:/home/harry/projects/cashweb/ircash/src/relay/filters_pb.js
FN:29,(anonymous_0)
FN:49,(anonymous_1)
FN:63,(anonymous_2)
FN:83,(anonymous_3)
FN:97,(anonymous_4)
FN:129,(anonymous_5)
FN:143,(anonymous_6)
FN:175,(anonymous_7)
FN:181,(anonymous_8)
FN:190,(anonymous_9)
FN:196,(anonymous_10)
FN:205,(anonymous_11)
FN:211,(anonymous_12)
FN:227,(anonymous_13)
FN:247,(anonymous_14)
FN:261,(anonymous_15)
FN:279,(anonymous_16)
FN:293,(anonymous_17)
FN:318,(anonymous_18)
FN:332,(anonymous_19)
FN:349,(anonymous_20)
FN:356,(anonymous_21)
FN:361,(anonymous_22)
FN:370,(anonymous_23)
FN:386,(anonymous_24)
FN:406,(anonymous_25)
FN:420,(anonymous_26)
FN:441,(anonymous_27)
FN:455,(anonymous_28)
FN:491,(anonymous_29)
FN:505,(anonymous_30)
FN:550,(anonymous_31)
FN:560,(anonymous_32)
FN:573,(anonymous_33)
FN:580,(anonymous_34)
FN:589,(anonymous_35)
FN:599,(anonymous_36)
FN:612,(anonymous_37)
FN:619,(anonymous_38)
FN:628,(anonymous_39)
FN:634,(anonymous_40)
FN:643,(anonymous_41)
FN:653,(anonymous_42)
FN:666,(anonymous_43)
FN:673,(anonymous_44)
FNF:45
FNH:0
FNDA:0,(anonymous_0)
FNDA:0,(anonymous_1)
FNDA:0,(anonymous_2)
FNDA:0,(anonymous_3)
FNDA:0,(anonymous_4)
FNDA:0,(anonymous_5)
FNDA:0,(anonymous_6)
FNDA:0,(anonymous_7)
FNDA:0,(anonymous_8)
FNDA:0,(anonymous_9)
FNDA:0,(anonymous_10)
FNDA:0,(anonymous_11)
FNDA:0,(anonymous_12)
FNDA:0,(anonymous_13)
FNDA:0,(anonymous_14)
FNDA:0,(anonymous_15)
FNDA:0,(anonymous_16)
FNDA:0,(anonymous_17)
FNDA:0,(anonymous_18)
FNDA:0,(anonymous_19)
FNDA:0,(anonymous_20)
FNDA:0,(anonymous_21)
FNDA:0,(anonymous_22)
FNDA:0,(anonymous_23)
FNDA:0,(anonymous_24)
FNDA:0,(anonymous_25)
FNDA:0,(anonymous_26)
FNDA:0,(anonymous_27)
FNDA:0,(anonymous_28)
FNDA:0,(anonymous_29)
FNDA:0,(anonymous_30)
FNDA:0,(anonymous_31)
FNDA:0,(anonymous_32)
FNDA:0,(anonymous_33)
FNDA:0,(anonymous_34)
FNDA:0,(anonymous_35)
FNDA:0,(anonymous_36)
FNDA:0,(anonymous_37)
FNDA:0,(anonymous_38)
FNDA:0,(anonymous_39)
FNDA:0,(anonymous_40)
FNDA:0,(anonymous_41)
FNDA:0,(anonymous_42)
FNDA:0,(anonymous_43)
FNDA:0,(anonymous_44)
DA:10,0
DA:11,0
DA:12,0
DA:14,0
DA:15,0
DA:16,0
DA:17,0
DA:29,0
DA:30,0
DA:32,0
DA:33,0
DA:34,0
DA:38,0
DA:49,0
DA:50,0
DA:63,0
DA:64,0
DA:70,0
DA:71,0
DA:73,0
DA:83,0
DA:84,0
DA:85,0
DA:86,0
DA:97,0
DA:98,0
DA:99,0
DA:100,0
DA:102,0
DA:103,0
DA:105,0
DA:106,0
DA:107,0
DA:109,0
DA:110,0
DA:111,0
DA:113,0
DA:114,0
DA:115,0
DA:117,0
DA:118,0
DA:121,0
DA:129,0
DA:130,0
DA:131,0
DA:132,0
DA:143,0
DA:144,0
DA:145,0
DA:146,0
DA:147,0
DA:152,0
DA:153,0
DA:154,0
DA:159,0
DA:160,0
DA:161,0
DA:175,0
DA:176,0
DA:181,0
DA:182,0
DA:190,0
DA:191,0
DA:196,0
DA:197,0
DA:205,0
DA:206,0
DA:211,0
DA:212,0
DA:227,0
DA:228,0
DA:230,0
DA:231,0
DA:232,0
DA:236,0
DA:247,0
DA:248,0
DA:261,0
DA:262,0
DA:266,0
DA:267,0
DA:269,0
DA:279,0
DA:280,0
DA:281,0
DA:282,0
DA:293,0
DA:294,0
DA:295,0
DA:296,0
DA:298,0
DA:299,0
DA:301,0
DA:302,0
DA:303,0
DA:304,0
DA:306,0
DA:307,0
DA:310,0
DA:318,0
DA:319,0
DA:320,0
DA:321,0
DA:332,0
DA:333,0
DA:334,0
DA:335,0
DA:336,0
DA:349,0
DA:350,0
DA:356,0
DA:357,0
DA:361,0
DA:362,0
DA:370,0
DA:371,0
DA:386,0
DA:387,0
DA:389,0
DA:390,0
DA:391,0
DA:395,0
DA:406,0
DA:407,0
DA:420,0
DA:421,0
DA:428,0
DA:429,0
DA:431,0
DA:441,0
DA:442,0
DA:443,0
DA:444,0
DA:455,0
DA:456,0
DA:457,0
DA:458,0
DA:460,0
DA:461,0
DA:463,0
DA:464,0
DA:465,0
DA:467,0
DA:468,0
DA:469,0
DA:471,0
DA:472,0
DA:473,0
DA:475,0
DA:476,0
DA:477,0
DA:479,0
DA:480,0
DA:483,0
DA:491,0
DA:492,0
DA:493,0
DA:494,0
DA:505,0
DA:506,0
DA:507,0
DA:508,0
DA:509,0
DA:514,0
DA:515,0
DA:516,0
DA:521,0
DA:522,0
DA:523,0
DA:528,0
DA:529,0
DA:530,0
DA:541,0
DA:550,0
DA:551,0
DA:560,0
DA:561,0
DA:573,0
DA:574,0
DA:580,0
DA:581,0
DA:589,0
DA:590,0
DA:599,0
DA:600,0
DA:612,0
DA:613,0
DA:619,0
DA:620,0
DA:628,0
DA:629,0
DA:634,0
DA:635,0
DA:643,0
DA:644,0
DA:653,0
DA:654,0
DA:666,0
DA:667,0
DA:673,0
DA:674,0
DA:678,0
LF:202
LH:0
BRDA:33,0,0,0
BRDA:33,0,1,0
BRDA:33,1,0,0
BRDA:33,1,1,0
BRDA:38,2,0,0
BRDA:38,2,1,0
BRDA:70,3,0,0
BRDA:70,3,1,0
BRDA:99,4,0,0
BRDA:99,4,1,0
BRDA:103,5,0,0
BRDA:103,5,1,0
BRDA:103,5,2,0
BRDA:103,5,3,0
BRDA:146,6,0,0
BRDA:146,6,1,0
BRDA:153,7,0,0
BRDA:153,7,1,0
BRDA:160,8,0,0
BRDA:160,8,1,0
BRDA:231,9,0,0
BRDA:231,9,1,0
BRDA:231,10,0,0
BRDA:231,10,1,0
BRDA:236,11,0,0
BRDA:236,11,1,0
BRDA:263,12,0,0
BRDA:263,12,1,0
BRDA:266,13,0,0
BRDA:266,13,1,0
BRDA:295,14,0,0
BRDA:295,14,1,0
BRDA:299,15,0,0
BRDA:299,15,1,0
BRDA:335,16,0,0
BRDA:335,16,1,0
BRDA:390,17,0,0
BRDA:390,17,1,0
BRDA:390,18,0,0
BRDA:390,18,1,0
BRDA:395,19,0,0
BRDA:395,19,1,0
BRDA:428,20,0,0
BRDA:428,20,1,0
BRDA:457,21,0,0
BRDA:457,21,1,0
BRDA:461,22,0,0
BRDA:461,22,1,0
BRDA:461,22,2,0
BRDA:461,22,3,0
BRDA:461,22,4,0
BRDA:508,23,0,0
BRDA:508,23,1,0
BRDA:515,24,0,0
BRDA:515,24,1,0
BRDA:522,25,0,0
BRDA:522,25,1,0
BRDA:529,26,0,0
BRDA:529,26,1,0
BRF:59
BRH:0
end_of_record
TN:
SF:/home/harry/projects/cashweb/ircash/src/relay/messages_pb.js
FN:36,(anonymous_0)
FN:56,(anonymous_1)
FN:70,(anonymous_2)
FN:89,(anonymous_3)
FN:103,(anonymous_4)
FN:131,(anonymous_5)
FN:145,(anonymous_6)
FN:168,(anonymous_7)
FN:174,(anonymous_8)
FN:183,(anonymous_9)
FN:189,(anonymous_10)
FN:205,(anonymous_11)
FN:232,(anonymous_12)
FN:246,(anonymous_13)
FN:267,(anonymous_14)
FN:281,(anonymous_15)
FN:314,(anonymous_16)
FN:328,(anonymous_17)
FN:359,(anonymous_18)
FN:365,(anonymous_19)
FN:374,(anonymous_20)
FN:381,(anonymous_21)
FN:391,(anonymous_22)
FN:396,(anonymous_23)
FN:405,(anonymous_24)
FN:415,(anonymous_25)
FN:428,(anonymous_26)
FN:435,(anonymous_27)
FN:451,(anonymous_28)
FN:478,(anonymous_29)
FN:492,(anonymous_30)
FN:511,(anonymous_31)
FN:525,(anonymous_32)
FN:550,(anonymous_33)
FN:564,(anonymous_34)
FN:581,(anonymous_35)
FN:588,(anonymous_36)
FN:598,(anonymous_37)
FN:603,(anonymous_38)
FN:619,(anonymous_39)
FN:639,(anonymous_40)
FN:653,(anonymous_41)
FN:675,(anonymous_42)
FN:689,(anonymous_43)
FN:729,(anonymous_44)
FN:743,(anonymous_45)
FN:795,(anonymous_46)
FN:801,(anonymous_47)
FN:810,(anonymous_48)
FN:820,(anonymous_49)
FN:833,(anonymous_50)
FN:840,(anonymous_51)
FN:849,(anonymous_52)
FN:855,(anonymous_53)
FN:864,(anonymous_54)
FN:874,(anonymous_55)
FN:887,(anonymous_56)
FN:894,(anonymous_57)
FN:903,(anonymous_58)
FN:913,(anonymous_59)
FN:926,(anonymous_60)
FN:933,(anonymous_61)
FN:949,(anonymous_62)
FN:969,(anonymous_63)
FN:983,(anonymous_64)
FN:1006,(anonymous_65)
FN:1020,(anonymous_66)
FN:1064,(anonymous_67)
FN:1078,(anonymous_68)
FN:1145,(anonymous_69)
FN:1151,(anonymous_70)
FN:1160,(anonymous_71)
FN:1170,(anonymous_72)
FN:1183,(anonymous_73)
FN:1190,(anonymous_74)
FN:1199,(anonymous_75)
FN:1209,(anonymous_76)
FN:1222,(anonymous_77)
FN:1229,(anonymous_78)
FN:1238,(anonymous_79)
FN:1244,(anonymous_80)
FN:1253,(anonymous_81)
FN:1263,(anonymous_82)
FN:1276,(anonymous_83)
FN:1283,(anonymous_84)
FN:1292,(anonymous_85)
FN:1302,(anonymous_86)
FN:1315,(anonymous_87)
FN:1322,(anonymous_88)
FN:1338,(anonymous_89)
FN:1365,(anonymous_90)
FN:1379,(anonymous_91)
FN:1398,(anonymous_92)
FN:1412,(anonymous_93)
FN:1437,(anonymous_94)
FN:1451,(anonymous_95)
FN:1468,(anonymous_96)
FN:1475,(anonymous_97)
FN:1485,(anonymous_98)
FN:1490,(anonymous_99)
FN:1506,(anonymous_100)
FN:1526,(anonymous_101)
FN:1540,(anonymous_102)
FN:1559,(anonymous_103)
FN:1573,(anonymous_104)
FN:1602,(anonymous_105)
FN:1616,(anonymous_106)
FN:1640,(anonymous_107)
FN:1646,(anonymous_108)
FN:1655,(anonymous_109)
FN:1662,(anonymous_110)
FN:1667,(anonymous_111)
FN:1676,(anonymous_112)
FN:1692,(anonymous_113)
FN:1719,(anonymous_114)
FN:1733,(anonymous_115)
FN:1752,(anonymous_116)
FN:1766,(anonymous_117)
FN:1791,(anonymous_118)
FN:1805,(anonymous_119)
FN:1822,(anonymous_120)
FN:1829,(anonymous_121)
FN:1839,(anonymous_122)
FN:1844,(anonymous_123)
FNF:124
FNH:0
FNDA:0,(anonymous_0)
FNDA:0,(anonymous_1)
FNDA:0,(anonymous_2)
FNDA:0,(anonymous_3)
FNDA:0,(anonymous_4)
FNDA:0,(anonymous_5)
FNDA:0,(anonymous_6)
FNDA:0,(anonymous_7)
FNDA:0,(anonymous_8)
FNDA:0,(anonymous_9)
FNDA:0,(anonymous_10)
FNDA:0,(anonymous_11)
FNDA:0,(anonymous_12)
FNDA:0,(anonymous_13)
FNDA:0,(anonymous_14)
FNDA:0,(anonymous_15)
FNDA:0,(anonymous_16)
FNDA:0,(anonymous_17)
FNDA:0,(anonymous_18)
FNDA:0,(anonymous_19)
FNDA:0,(anonymous_20)
FNDA:0,(anonymous_21)
FNDA:0,(anonymous_22)
FNDA:0,(anonymous_23)
FNDA:0,(anonymous_24)
FNDA:0,(anonymous_25)
FNDA:0,(anonymous_26)
FNDA:0,(anonymous_27)
FNDA:0,(anonymous_28)
FNDA:0,(anonymous_29)
FNDA:0,(anonymous_30)
FNDA:0,(anonymous_31)
FNDA:0,(anonymous_32)
FNDA:0,(anonymous_33)
FNDA:0,(anonymous_34)
FNDA:0,(anonymous_35)
FNDA:0,(anonymous_36)
FNDA:0,(anonymous_37)
FNDA:0,(anonymous_38)
FNDA:0,(anonymous_39)
FNDA:0,(anonymous_40)
FNDA:0,(anonymous_41)
FNDA:0,(anonymous_42)
FNDA:0,(anonymous_43)
FNDA:0,(anonymous_44)
FNDA:0,(anonymous_45)
FNDA:0,(anonymous_46)
FNDA:0,(anonymous_47)
FNDA:0,(anonymous_48)
FNDA:0,(anonymous_49)
FNDA:0,(anonymous_50)
FNDA:0,(anonymous_51)
FNDA:0,(anonymous_52)
FNDA:0,(anonymous_53)
FNDA:0,(anonymous_54)
FNDA:0,(anonymous_55)
FNDA:0,(anonymous_56)
FNDA:0,(anonymous_57)
FNDA:0,(anonymous_58)
FNDA:0,(anonymous_59)
FNDA:0,(anonymous_60)
FNDA:0,(anonymous_61)
FNDA:0,(anonymous_62)
FNDA:0,(anonymous_63)
FNDA:0,(anonymous_64)
FNDA:0,(anonymous_65)
FNDA:0,(anonymous_66)
FNDA:0,(anonymous_67)
FNDA:0,(anonymous_68)
FNDA:0,(anonymous_69)
FNDA:0,(anonymous_70)
FNDA:0,(anonymous_71)
FNDA:0,(anonymous_72)
FNDA:0,(anonymous_73)
FNDA:0,(anonymous_74)
FNDA:0,(anonymous_75)
FNDA:0,(anonymous_76)
FNDA:0,(anonymous_77)
FNDA:0,(anonymous_78)
FNDA:0,(anonymous_79)
FNDA:0,(anonymous_80)
FNDA:0,(anonymous_81)
FNDA:0,(anonymous_82)
FNDA:0,(anonymous_83)
FNDA:0,(anonymous_84)
FNDA:0,(anonymous_85)
FNDA:0,(anonymous_86)
FNDA:0,(anonymous_87)
FNDA:0,(anonymous_88)
FNDA:0,(anonymous_89)
FNDA:0,(anonymous_90)
FNDA:0,(anonymous_91)
FNDA:0,(anonymous_92)
FNDA:0,(anonymous_93)
FNDA:0,(anonymous_94)
FNDA:0,(anonymous_95)
FNDA:0,(anonymous_96)
FNDA:0,(anonymous_97)
FNDA:0,(anonymous_98)
FNDA:0,(anonymous_99)
FNDA:0,(anonymous_100)
FNDA:0,(anonymous_101)
FNDA:0,(anonymous_102)
FNDA:0,(anonymous_103)
FNDA:0,(anonymous_104)
FNDA:0,(anonymous_105)
FNDA:0,(anonymous_106)
FNDA:0,(anonymous_107)
FNDA:0,(anonymous_108)
FNDA:0,(anonymous_109)
FNDA:0,(anonymous_110)
FNDA:0,(anonymous_111)
FNDA:0,(anonymous_112)
FNDA:0,(anonymous_113)
FNDA:0,(anonymous_114)
FNDA:0,(anonymous_115)
FNDA:0,(anonymous_116)
FNDA:0,(anonymous_117)
FNDA:0,(anonymous_118)
FNDA:0,(anonymous_119)
FNDA:0,(anonymous_120)
FNDA:0,(anonymous_121)
FNDA:0,(anonymous_122)
FNDA:0,(anonymous_123)
DA:10,0
DA:11,0
DA:12,0
DA:14,0
DA:15,0
DA:16,0
DA:17,0
DA:18,0
DA:19,0
DA:20,0
DA:21,0
DA:22,0
DA:23,0
DA:24,0
DA:36,0
DA:37,0
DA:39,0
DA:40,0
DA:41,0
DA:45,0
DA:56,0
DA:57,0
DA:70,0
DA:71,0
DA:76,0
DA:77,0
DA:79,0
DA:89,0
DA:90,0
DA:91,0
DA:92,0
DA:103,0
DA:104,0
DA:105,0
DA:106,0
DA:108,0
DA:109,0
DA:111,0
DA:112,0
DA:113,0
DA:115,0
DA:116,0
DA:117,0
DA:119,0
DA:120,0
DA:123,0
DA:131,0
DA:132,0
DA:133,0
DA:134,0
DA:145,0
DA:146,0
DA:147,0
DA:148,0
DA:149,0
DA:154,0
DA:155,0
DA:156,0
DA:168,0
DA:169,0
DA:174,0
DA:175,0
DA:183,0
DA:184,0
DA:189,0
DA:190,0
DA:205,0
DA:206,0
DA:208,0
DA:209,0
DA:210,0
DA:217,0
DA:221,0
DA:232,0
DA:233,0
DA:246,0
DA:247,0
DA:254,0
DA:255,0
DA:257,0
DA:267,0
DA:268,0
DA:269,0
DA:270,0
DA:281,0
DA:282,0
DA:283,0
DA:284,0
DA:286,0
DA:287,0
DA:289,0
DA:290,0
DA:291,0
DA:293,0
DA:294,0
DA:295,0
DA:296,0
DA:298,0
DA:299,0
DA:300,0
DA:302,0
DA:303,0
DA:306,0
DA:314,0
DA:315,0
DA:316,0
DA:317,0
DA:328,0
DA:329,0
DA:330,0
DA:331,0
DA:332,0
DA:337,0
DA:338,0
DA:339,0
DA:345,0
DA:346,0
DA:347,0
DA:359,0
DA:360,0
DA:365,0
DA:366,0
DA:374,0
DA:375,0
DA:381,0
DA:382,0
DA:391,0
DA:392,0
DA:396,0
DA:397,0
DA:405,0
DA:406,0
DA:415,0
DA:416,0
DA:428,0
DA:429,0
DA:435,0
DA:436,0
DA:451,0
DA:452,0
DA:454,0
DA:455,0
DA:456,0
DA:463,0
DA:467,0
DA:478,0
DA:479,0
DA:492,0
DA:493,0
DA:498,0
DA:499,0
DA:501,0
DA:511,0
DA:512,0
DA:513,0
DA:514,0
DA:525,0
DA:526,0
DA:527,0
DA:528,0
DA:530,0
DA:531,0
DA:533,0
DA:534,0
DA:535,0
DA:536,0
DA:538,0
DA:539,0
DA:542,0
DA:550,0
DA:551,0
DA:552,0
DA:553,0
DA:564,0
DA:565,0
DA:566,0
DA:567,0
DA:568,0
DA:581,0
DA:582,0
DA:588,0
DA:589,0
DA:598,0
DA:599,0
DA:603,0
DA:604,0
DA:619,0
DA:620,0
DA:622,0
DA:623,0
DA:624,0
DA:628,0
DA:639,0
DA:640,0
DA:653,0
DA:654,0
DA:662,0
DA:663,0
DA:665,0
DA:675,0
DA:676,0
DA:677,0
DA:678,0
DA:689,0
DA:690,0
DA:691,0
DA:692,0
DA:694,0
DA:695,0
DA:697,0
DA:698,0
DA:699,0
DA:701,0
DA:702,0
DA:703,0
DA:705,0
DA:706,0
DA:707,0
DA:709,0
DA:710,0
DA:711,0
DA:713,0
DA:714,0
DA:715,0
DA:717,0
DA:718,0
DA:721,0
DA:729,0
DA:730,0
DA:731,0
DA:732,0
DA:743,0
DA:744,0
DA:745,0
DA:746,0
DA:747,0
DA:752,0
DA:753,0
DA:754,0
DA:759,0
DA:760,0
DA:761,0
DA:766,0
DA:767,0
DA:768,0
DA:773,0
DA:774,0
DA:775,0
DA:786,0
DA:795,0
DA:796,0
DA:801,0
DA:802,0
DA:810,0
DA:811,0
DA:820,0
DA:821,0
DA:833,0
DA:834,0
DA:840,0
DA:841,0
DA:849,0
DA:850,0
DA:855,0
DA:856,0
DA:864,0
DA:865,0
DA:874,0
DA:875,0
DA:887,0
DA:888,0
DA:894,0
DA:895,0
DA:903,0
DA:904,0
DA:913,0
DA:914,0
DA:926,0
DA:927,0
DA:933,0
DA:934,0
DA:949,0
DA:950,0
DA:952,0
DA:953,0
DA:954,0
DA:958,0
DA:969,0
DA:970,0
DA:983,0
DA:984,0
DA:993,0
DA:994,0
DA:996,0
DA:1006,0
DA:1007,0
DA:1008,0
DA:1009,0
DA:1020,0
DA:1021,0
DA:1022,0
DA:1023,0
DA:1025,0
DA:1026,0
DA:1028,0
DA:1029,0
DA:1030,0
DA:1032,0
DA:1033,0
DA:1034,0
DA:1036,0
DA:1037,0
DA:1038,0
DA:1040,0
DA:1041,0
DA:1042,0
DA:1044,0
DA:1045,0
DA:1046,0
DA:1048,0
DA:1049,0
DA:1050,0
DA:1052,0
DA:1053,0
DA:1056,0
DA:1064,0
DA:1065,0
DA:1066,0
DA:1067,0
DA:1078,0
DA:1079,0
DA:1080,0
DA:1081,0
DA:1082,0
DA:1087,0
DA:1088,0
DA:1089,0
DA:1094,0
DA:1095,0
DA:1096,0
DA:1101,0
DA:1102,0
DA:1103,0
DA:1108,0
DA:1109,0
DA:1110,0
DA:1115,0
DA:1116,0
DA:1117,0
DA:1128,0
DA:1136,0
DA:1145,0
DA:1146,0
DA:1151,0
DA:1152,0
DA:1160,0
DA:1161,0
DA:1170,0
DA:1171,0
DA:1183,0
DA:1184,0
DA:1190,0
DA:1191,0
DA:1199,0
DA:1200,0
DA:1209,0
DA:1210,0
DA:1222,0
DA:1223,0
DA:1229,0
DA:1230,0
DA:1238,0
DA:1239,0
DA:1244,0
DA:1245,0
DA:1253,0
DA:1254,0
DA:1263,0
DA:1264,0
DA:1276,0
DA:1277,0
DA:1283,0
DA:1284,0
DA:1292,0
DA:1293,0
DA:1302,0
DA:1303,0
DA:1315,0
DA:1316,0
DA:1322,0
DA:1323,0
DA:1338,0
DA:1339,0
DA:1341,0
DA:1342,0
DA:1343,0
DA:1350,0
DA:1354,0
DA:1365,0
DA:1366,0
DA:1379,0
DA:1380,0
DA:1385,0
DA:1386,0
DA:1388,0
DA:1398,0
DA:1399,0
DA:1400,0
DA:1401,0
DA:1412,0
DA:1413,0
DA:1414,0
DA:1415,0
DA:1417,0
DA:1418,0
DA:1420,0
DA:1421,0
DA:1422,0
DA:1423,0
DA:1425,0
DA:1426,0
DA:1429,0
DA:1437,0
DA:1438,0
DA:1439,0
DA:1440,0
DA:1451,0
DA:1452,0
DA:1453,0
DA:1454,0
DA:1455,0
DA:1468,0
DA:1469,0
DA:1475,0
DA:1476,0
DA:1485,0
DA:1486,0
DA:1490,0
DA:1491,0
DA:1506,0
DA:1507,0
DA:1509,0
DA:1510,0
DA:1511,0
DA:1515,0
DA:1526,0
DA:1527,0
DA:1540,0
DA:1541,0
DA:1546,0
DA:1547,0
DA:1549,0
DA:1559,0
DA:1560,0
DA:1561,0
DA:1562,0
DA:1573,0
DA:1574,0
DA:1575,0
DA:1576,0
DA:1578,0
DA:1579,0
DA:1581,0
DA:1582,0
DA:1583,0
DA:1585,0
DA:1586,0
DA:1587,0
DA:1588,0
DA:1590,0
DA:1591,0
DA:1594,0
DA:1602,0
DA:1603,0
DA:1604,0
DA:1605,0
DA:1616,0
DA:1617,0
DA:1618,0
DA:1619,0
DA:1620,0
DA:1625,0
DA:1626,0
DA:1627,0
DA:1640,0
DA:1641,0
DA:1646,0
DA:1647,0
DA:1655,0
DA:1656,0
DA:1662,0
DA:1663,0
DA:1667,0
DA:1668,0
DA:1676,0
DA:1677,0
DA:1692,0
DA:1693,0
DA:1695,0
DA:1696,0
DA:1697,0
DA:1704,0
DA:1708,0
DA:1719,0
DA:1720,0
DA:1733,0
DA:1734,0
DA:1739,0
DA:1740,0
DA:1742,0
DA:1752,0
DA:1753,0
DA:1754,0
DA:1755,0
DA:1766,0
DA:1767,0
DA:1768,0
DA:1769,0
DA:1771,0
DA:1772,0
DA:1774,0
DA:1775,0
DA:1776,0
DA:1777,0
DA:1779,0
DA:1780,0
DA:1783,0
DA:1791,0
DA:1792,0
DA:1793,0
DA:1794,0
DA:1805,0
DA:1806,0
DA:1807,0
DA:1808,0
DA:1809,0
DA:1822,0
DA:1823,0
DA:1829,0
DA:1830,0
DA:1839,0
DA:1840,0
DA:1844,0
DA:1845,0
DA:1849,0
LF:545
LH:0
BRDA:40,0,0,0
BRDA:40,0,1,0
BRDA:40,1,0,0
BRDA:40,1,1,0
BRDA:45,2,0,0
BRDA:45,2,1,0
BRDA:76,3,0,0
BRDA:76,3,1,0
BRDA:105,4,0,0
BRDA:105,4,1,0
BRDA:109,5,0,0
BRDA:109,5,1,0
BRDA:109,5,2,0
BRDA:148,6,0,0
BRDA:148,6,1,0
BRDA:155,7,0,0
BRDA:155,7,1,0
BRDA:209,8,0,0
BRDA:209,8,1,0
BRDA:209,9,0,0
BRDA:209,9,1,0
BRDA:221,10,0,0
BRDA:221,10,1,0
BRDA:254,11,0,0
BRDA:254,11,1,0
BRDA:283,12,0,0
BRDA:283,12,1,0
BRDA:287,13,0,0
BRDA:287,13,1,0
BRDA:287,13,2,0
BRDA:287,13,3,0
BRDA:331,14,0,0
BRDA:331,14,1,0
BRDA:338,15,0,0
BRDA:338,15,1,0
BRDA:346,16,0,0
BRDA:346,16,1,0
BRDA:455,17,0,0
BRDA:455,17,1,0
BRDA:455,18,0,0
BRDA:455,18,1,0
BRDA:467,19,0,0
BRDA:467,19,1,0
BRDA:498,20,0,0
BRDA:498,20,1,0
BRDA:527,21,0,0
BRDA:527,21,1,0
BRDA:531,22,0,0
BRDA:531,22,1,0
BRDA:567,23,0,0
BRDA:567,23,1,0
BRDA:623,24,0,0
BRDA:623,24,1,0
BRDA:623,25,0,0
BRDA:623,25,1,0
BRDA:628,26,0,0
BRDA:628,26,1,0
BRDA:662,27,0,0
BRDA:662,27,1,0
BRDA:691,28,0,0
BRDA:691,28,1,0
BRDA:695,29,0,0
BRDA:695,29,1,0
BRDA:695,29,2,0
BRDA:695,29,3,0
BRDA:695,29,4,0
BRDA:695,29,5,0
BRDA:746,30,0,0
BRDA:746,30,1,0
BRDA:753,31,0,0
BRDA:753,31,1,0
BRDA:760,32,0,0
BRDA:760,32,1,0
BRDA:767,33,0,0
BRDA:767,33,1,0
BRDA:774,34,0,0
BRDA:774,34,1,0
BRDA:953,35,0,0
BRDA:953,35,1,0
BRDA:953,36,0,0
BRDA:953,36,1,0
BRDA:958,37,0,0
BRDA:958,37,1,0
BRDA:993,38,0,0
BRDA:993,38,1,0
BRDA:1022,39,0,0
BRDA:1022,39,1,0
BRDA:1026,40,0,0
BRDA:1026,40,1,0
BRDA:1026,40,2,0
BRDA:1026,40,3,0
BRDA:1026,40,4,0
BRDA:1026,40,5,0
BRDA:1026,40,6,0
BRDA:1081,41,0,0
BRDA:1081,41,1,0
BRDA:1088,42,0,0
BRDA:1088,42,1,0
BRDA:1095,43,0,0
BRDA:1095,43,1,0
BRDA:1102,44,0,0
BRDA:1102,44,1,0
BRDA:1109,45,0,0
BRDA:1109,45,1,0
BRDA:1116,46,0,0
BRDA:1116,46,1,0
BRDA:1342,47,0,0
BRDA:1342,47,1,0
BRDA:1342,48,0,0
BRDA:1342,48,1,0
BRDA:1354,49,0,0
BRDA:1354,49,1,0
BRDA:1385,50,0,0
BRDA:1385,50,1,0
BRDA:1414,51,0,0
BRDA:1414,51,1,0
BRDA:1418,52,0,0
BRDA:1418,52,1,0
BRDA:1454,53,0,0
BRDA:1454,53,1,0
BRDA:1510,54,0,0
BRDA:1510,54,1,0
BRDA:1510,55,0,0
BRDA:1510,55,1,0
BRDA:1515,56,0,0
BRDA:1515,56,1,0
BRDA:1543,57,0,0
BRDA:1543,57,1,0
BRDA:1546,58,0,0
BRDA:1546,58,1,0
BRDA:1575,59,0,0
BRDA:1575,59,1,0
BRDA:1579,60,0,0
BRDA:1579,60,1,0
BRDA:1579,60,2,0
BRDA:1619,61,0,0
BRDA:1619,61,1,0
BRDA:1626,62,0,0
BRDA:1626,62,1,0
BRDA:1696,63,0,0
BRDA:1696,63,1,0
BRDA:1696,64,0,0
BRDA:1696,64,1,0
BRDA:1708,65,0,0
BRDA:1708,65,1,0
BRDA:1739,66,0,0
BRDA:1739,66,1,0
BRDA:1768,67,0,0
BRDA:1768,67,1,0
BRDA:1772,68,0,0
BRDA:1772,68,1,0
BRDA:1808,69,0,0
BRDA:1808,69,1,0
BRF:153
BRH:0
end_of_record
TN:
SF:/home/harry/projects/cashweb/ircash/src/router/index.js
FN:13,(anonymous_0)
FN:15,(anonymous_1)
FNF:2
FNH:0
FNDA:0,(anonymous_0)
FNDA:0,(anonymous_1)
DA:6,0
DA:14,0
DA:15,0
DA:25,0
LF:4
LH:0
BRF:0
BRH:0
end_of_record
TN:
SF:/home/harry/projects/cashweb/ircash/src/router/routes.js
FN:3,redirectIfNoProfile
FN:15,(anonymous_1)
FN:17,(anonymous_2)
FN:23,(anonymous_3)
FN:25,(anonymous_4)
FN:34,(anonymous_5)
FNF:6
FNH:0
FNDA:0,redirectIfNoProfile
FNDA:0,(anonymous_1)
FNDA:0,(anonymous_2)
FNDA:0,(anonymous_3)
FNDA:0,(anonymous_4)
FNDA:0,(anonymous_5)
DA:4,0
DA:5,0
DA:6,0
DA:8,0
DA:12,0
DA:15,0
DA:17,0
DA:23,0
DA:25,0
DA:31,0
DA:32,0
DA:34,0
LF:12
LH:0
BRDA:5,0,0,0
BRDA:5,0,1,0
BRDA:31,1,0,0
BRDA:31,1,1,0
BRF:4
BRH:0
end_of_record
TN:
SF:/home/harry/projects/cashweb/ircash/src/store/index.js
FN:27,(anonymous_0)
FN:30,(anonymous_1)
FN:35,(anonymous_2)
FN:40,(anonymous_3)
FN:43,(anonymous_4)
FN:54,(anonymous_5)
FN:57,(anonymous_6)
FN:62,(anonymous_7)
FN:67,(anonymous_8)
FN:70,(anonymous_9)
FN:84,(anonymous_10)
FN:87,(anonymous_11)
FN:90,(anonymous_12)
FN:90,(anonymous_13)
FN:98,(anonymous_14)
FN:98,(anonymous_15)
FN:101,(anonymous_16)
FN:106,(anonymous_17)
FN:109,(anonymous_18)
FN:118,(anonymous_19)
FN:122,(anonymous_20)
FN:125,(anonymous_21)
FN:128,(anonymous_22)
FN:129,(anonymous_23)
FN:136,(anonymous_24)
FN:141,(anonymous_25)
FN:145,(anonymous_26)
FN:154,(anonymous_27)
FN:159,(anonymous_28)
FN:162,(anonymous_29)
FN:163,(anonymous_30)
FN:167,(anonymous_31)
FN:183,(anonymous_32)
FN:186,(anonymous_33)
FN:189,(anonymous_34)
FN:192,(anonymous_35)
FN:195,(anonymous_36)
FN:253,(anonymous_37)
FN:258,(anonymous_38)
FN:263,(anonymous_39)
FN:275,(anonymous_40)
FN:278,(anonymous_41)
FN:283,(anonymous_42)
FN:286,(anonymous_43)
FN:291,(anonymous_44)
FN:294,(anonymous_45)
FN:309,(anonymous_46)
FN:312,(anonymous_47)
FN:318,(anonymous_48)
FN:327,(anonymous_49)
FN:334,(anonymous_50)
FN:338,(anonymous_51)
FN:346,(anonymous_52)
FN:349,(anonymous_53)
FN:352,(anonymous_54)
FN:356,(anonymous_55)
FN:359,(anonymous_56)
FN:364,(anonymous_57)
FN:371,(anonymous_58)
FN:381,(anonymous_59)
FN:383,(anonymous_60)
FN:391,(anonymous_61)
FN:396,(anonymous_62)
FN:399,(anonymous_63)
FN:402,(anonymous_64)
FN:405,(anonymous_65)
FN:405,(anonymous_66)
FN:413,(anonymous_67)
FN:416,(anonymous_68)
FN:419,(anonymous_69)
FN:431,(anonymous_70)
FN:434,(anonymous_71)
FN:439,(anonymous_72)
FN:442,(anonymous_73)
FN:443,(anonymous_74)
FN:445,(anonymous_75)
FN:450,(anonymous_76)
FN:453,(anonymous_77)
FN:472,(anonymous_78)
FN:472,(anonymous_79)
FN:477,(anonymous_80)
FN:480,(anonymous_81)
FN:485,(anonymous_82)
FN:504,(anonymous_83)
FN:509,(anonymous_84)
FN:518,isVCard
FN:536,isAvatar
FN:541,_arrayBufferToBase64
FN:572,(anonymous_88)
FN:573,(anonymous_89)
FN:590,(anonymous_90)
FN:593,(anonymous_91)
FN:598,(anonymous_92)
FN:603,(anonymous_93)
FN:608,(anonymous_94)
FN:611,(anonymous_95)
FN:621,(anonymous_96)
FN:626,(anonymous_97)
FN:631,(anonymous_98)
FN:641,(anonymous_99)
FN:646,(anonymous_100)
FN:647,(anonymous_101)
FN:651,(anonymous_102)
FN:656,(anonymous_103)
FNF:104
FNH:0
FNDA:0,(anonymous_0)
FNDA:0,(anonymous_1)
FNDA:0,(anonymous_2)
FNDA:0,(anonymous_3)
FNDA:0,(anonymous_4)
FNDA:0,(anonymous_5)
FNDA:0,(anonymous_6)
FNDA:0,(anonymous_7)
FNDA:0,(anonymous_8)
FNDA:0,(anonymous_9)
FNDA:0,(anonymous_10)
FNDA:0,(anonymous_11)
FNDA:0,(anonymous_12)
FNDA:0,(anonymous_13)
FNDA:0,(anonymous_14)
FNDA:0,(anonymous_15)
FNDA:0,(anonymous_16)
FNDA:0,(anonymous_17)
FNDA:0,(anonymous_18)
FNDA:0,(anonymous_19)
FNDA:0,(anonymous_20)
FNDA:0,(anonymous_21)
FNDA:0,(anonymous_22)
FNDA:0,(anonymous_23)
FNDA:0,(anonymous_24)
FNDA:0,(anonymous_25)
FNDA:0,(anonymous_26)
FNDA:0,(anonymous_27)
FNDA:0,(anonymous_28)
FNDA:0,(anonymous_29)
FNDA:0,(anonymous_30)
FNDA:0,(anonymous_31)
FNDA:0,(anonymous_32)
FNDA:0,(anonymous_33)
FNDA:0,(anonymous_34)
FNDA:0,(anonymous_35)
FNDA:0,(anonymous_36)
FNDA:0,(anonymous_37)
FNDA:0,(anonymous_38)
FNDA:0,(anonymous_39)
FNDA:0,(anonymous_40)
FNDA:0,(anonymous_41)
FNDA:0,(anonymous_42)
FNDA:0,(anonymous_43)
FNDA:0,(anonymous_44)
FNDA:0,(anonymous_45)
FNDA:0,(anonymous_46)
FNDA:0,(anonymous_47)
FNDA:0,(anonymous_48)
FNDA:0,(anonymous_49)
FNDA:0,(anonymous_50)
FNDA:0,(anonymous_51)
FNDA:0,(anonymous_52)
FNDA:0,(anonymous_53)
FNDA:0,(anonymous_54)
FNDA:0,(anonymous_55)
FNDA:0,(anonymous_56)
FNDA:0,(anonymous_57)
FNDA:0,(anonymous_58)
FNDA:0,(anonymous_59)
FNDA:0,(anonymous_60)
FNDA:0,(anonymous_61)
FNDA:0,(anonymous_62)
FNDA:0,(anonymous_63)
FNDA:0,(anonymous_64)
FNDA:0,(anonymous_65)
FNDA:0,(anonymous_66)
FNDA:0,(anonymous_67)
FNDA:0,(anonymous_68)
FNDA:0,(anonymous_69)
FNDA:0,(anonymous_70)
FNDA:0,(anonymous_71)
FNDA:0,(anonymous_72)
FNDA:0,(anonymous_73)
FNDA:0,(anonymous_74)
FNDA:0,(anonymous_75)
FNDA:0,(anonymous_76)
FNDA:0,(anonymous_77)
FNDA:0,(anonymous_78)
FNDA:0,(anonymous_79)
FNDA:0,(anonymous_80)
FNDA:0,(anonymous_81)
FNDA:0,(anonymous_82)
FNDA:0,(anonymous_83)
FNDA:0,(anonymous_84)
FNDA:0,isVCard
FNDA:0,isAvatar
FNDA:0,_arrayBufferToBase64
FNDA:0,(anonymous_88)
FNDA:0,(anonymous_89)
FNDA:0,(anonymous_90)
FNDA:0,(anonymous_91)
FNDA:0,(anonymous_92)
FNDA:0,(anonymous_93)
FNDA:0,(anonymous_94)
FNDA:0,(anonymous_95)
FNDA:0,(anonymous_96)
FNDA:0,(anonymous_97)
FNDA:0,(anonymous_98)
FNDA:0,(anonymous_99)
FNDA:0,(anonymous_100)
FNDA:0,(anonymous_101)
FNDA:0,(anonymous_102)
FNDA:0,(anonymous_103)
DA:11,0
DA:13,0
DA:15,0
DA:28,0
DA:31,0
DA:36,0
DA:41,0
DA:44,0
DA:55,0
DA:58,0
DA:63,0
DA:68,0
DA:71,0
DA:85,0
DA:88,0
DA:90,0
DA:91,0
DA:92,0
DA:93,0
DA:95,0
DA:98,0
DA:99,0
DA:102,0
DA:107,0
DA:110,0
DA:116,0
DA:119,0
DA:120,0
DA:123,0
DA:126,0
DA:129,0
DA:130,0
DA:132,0
DA:133,0
DA:137,0
DA:142,0
DA:143,0
DA:146,0
DA:152,0
DA:155,0
DA:160,0
DA:163,0
DA:164,0
DA:169,0
DA:172,0
DA:174,0
DA:175,0
DA:176,0
DA:177,0
DA:179,0
DA:181,0
DA:184,0
DA:187,0
DA:190,0
DA:193,0
DA:196,0
DA:197,0
DA:199,0
DA:200,0
DA:201,0
DA:204,0
DA:205,0
DA:206,0
DA:207,0
DA:209,0
DA:210,0
DA:212,0
DA:215,0
DA:216,0
DA:217,0
DA:218,0
DA:219,0
DA:220,0
DA:221,0
DA:222,0
DA:223,0
DA:224,0
DA:226,0
DA:229,0
DA:230,0
DA:231,0
DA:232,0
DA:233,0
DA:234,0
DA:236,0
DA:237,0
DA:238,0
DA:240,0
DA:241,0
DA:254,0
DA:259,0
DA:264,0
DA:276,0
DA:279,0
DA:284,0
DA:287,0
DA:292,0
DA:295,0
DA:310,0
DA:313,0
DA:314,0
DA:315,0
DA:316,0
DA:319,0
DA:320,0
DA:322,0
DA:323,0
DA:325,0
DA:328,0
DA:329,0
DA:330,0
DA:331,0
DA:335,0
DA:336,0
DA:339,0
DA:340,0
DA:341,0
DA:347,0
DA:350,0
DA:353,0
DA:357,0
DA:360,0
DA:361,0
DA:362,0
DA:365,0
DA:366,0
DA:367,0
DA:368,0
DA:372,0
DA:373,0
DA:374,0
DA:375,0
DA:376,0
DA:377,0
DA:378,0
DA:382,0
DA:383,0
DA:384,0
DA:385,0
DA:387,0
DA:388,0
DA:392,0
DA:397,0
DA:400,0
DA:403,0
DA:405,0
DA:406,0
DA:407,0
DA:408,0
DA:410,0
DA:414,0
DA:417,0
DA:420,0
DA:432,0
DA:435,0
DA:440,0
DA:443,0
DA:444,0
DA:445,0
DA:446,0
DA:451,0
DA:454,0
DA:472,0
DA:473,0
DA:478,0
DA:481,0
DA:486,0
DA:488,0
DA:489,0
DA:491,0
DA:494,0
DA:496,0
DA:498,0
DA:500,0
DA:502,0
DA:505,0
DA:506,0
DA:507,0
DA:514,0
DA:516,0
DA:519,0
DA:522,0
DA:525,0
DA:526,0
DA:528,0
DA:530,0
DA:533,0
DA:537,0
DA:539,0
DA:540,0
DA:542,0
DA:543,0
DA:544,0
DA:545,0
DA:546,0
DA:548,0
DA:550,0
DA:551,0
DA:555,0
DA:556,0
DA:557,0
DA:558,0
DA:559,0
DA:561,0
DA:564,0
DA:570,0
DA:573,0
DA:574,0
DA:575,0
DA:591,0
DA:594,0
DA:599,0
DA:600,0
DA:601,0
DA:604,0
DA:609,0
DA:612,0
DA:622,0
DA:627,0
DA:632,0
DA:642,0
DA:647,0
DA:648,0
DA:652,0
DA:657,0
LF:225
LH:0
BRDA:92,0,0,0
BRDA:92,0,1,0
BRDA:132,1,0,0
BRDA:132,1,1,0
BRDA:196,2,0,0
BRDA:196,2,1,0
BRDA:201,3,0,0
BRDA:201,3,1,0
BRDA:205,4,0,0
BRDA:205,4,1,0
BRDA:240,5,0,0
BRDA:240,5,1,0
BRDA:319,6,0,0
BRDA:319,6,1,0
BRDA:328,7,0,0
BRDA:328,7,1,0
BRDA:339,8,0,0
BRDA:339,8,1,0
BRDA:406,9,0,0
BRDA:406,9,1,0
BRDA:488,10,0,0
BRDA:488,10,1,0
BRF:22
BRH:0
end_of_record
TN:
SF:/home/harry/projects/cashweb/ircash/src/workers/xpriv_generate.js
FN:4,(anonymous_0)
FNF:1
FNH:0
FNDA:0,(anonymous_0)
DA:1,0
DA:2,0
DA:4,0
DA:5,0
DA:8,0
DA:9,0
LF:6
LH:0
BRF:0
BRH:0
end_of_record
